1749833203.4246550 [INFO] [launch]: All log files can be found below /home/thymio/ros_logs/2025-06-13-16-46-43-421431-thymio-4328
1749833203.4252732 [INFO] [launch]: Default logging verbosity is set to INFO
1749833203.6662464 [INFO] [random_robot_move-1]: process started with pid [4329]
1749833203.6673400 [INFO] [service_vicon_node-2]: process started with pid [4331]
1749833203.6681097 [INFO] [service_neighbours_opinions-3]: process started with pid [4333]
1749833203.6690741 [INFO] [publish_wind_direction-4]: process started with pid [4335]
1749833205.2693081 [publish_wind_direction-4] /usr/lib/python3/dist-packages/scipy/__init__.py:146: UserWarning: A NumPy version >=1.17.3 and <1.25.0 is required for this version of SciPy (detected version 1.26.4
1749833205.2698183 [publish_wind_direction-4]   warnings.warn(f"A NumPy version >={np_minversion} and <{np_maxversion}"
1749833205.3001184 [service_vicon_node-2] [INFO] [1749833205.299339041] [service_vicon_node]: Physical Ip=192.168.3.75, id=id75
1749833205.3032229 [service_vicon_node-2] [INFO] [1749833205.302478948] [service_vicon_node]: Updated ID from mapping: id195
1749833205.3160286 [service_vicon_node-2] [INFO] [1749833205.315294670] [service_vicon_node]: Subscribed to: vicon/default/data
1749833205.3388147 [service_neighbours_opinions-3] [INFO] [1749833205.338011892] [service_neighbours_opinions]: Physical Ip=192.168.3.75, id=id75
1749833205.3418584 [service_neighbours_opinions-3] [INFO] [1749833205.341190096] [service_neighbours_opinions]: Updated ID from mapping: id195
1749833205.3501532 [service_neighbours_opinions-3] [INFO] [1749833205.349464985] [service_neighbours_opinions]: Subscribed to: wind_direction/id68
1749833205.3541863 [service_neighbours_opinions-3] [INFO] [1749833205.353475596] [service_neighbours_opinions]: Subscribed to: wind_direction/id136
1749833205.3582754 [service_neighbours_opinions-3] [INFO] [1749833205.357596707] [service_neighbours_opinions]: Subscribed to: wind_direction/id137
1749833205.3627789 [service_neighbours_opinions-3] [INFO] [1749833205.361963429] [service_neighbours_opinions]: Subscribed to: wind_direction/id142
1749833205.3683162 [service_neighbours_opinions-3] [INFO] [1749833205.367674448] [service_neighbours_opinions]: Subscribed to: wind_direction/id151
1749833205.3763423 [service_neighbours_opinions-3] [INFO] [1749833205.375647892] [service_neighbours_opinions]: Subscribed to: wind_direction/id152
1749833205.3843431 [service_neighbours_opinions-3] [INFO] [1749833205.383657411] [service_neighbours_opinions]: Subscribed to: wind_direction/id155
1749833205.3924341 [service_neighbours_opinions-3] [INFO] [1749833205.391720022] [service_neighbours_opinions]: Subscribed to: wind_direction/id189
1749833205.4016747 [service_neighbours_opinions-3] [INFO] [1749833205.401074003] [service_neighbours_opinions]: Subscribed to: wind_direction/id192
1749833205.4109025 [service_neighbours_opinions-3] [INFO] [1749833205.410039281] [service_neighbours_opinions]: Subscribed to: wind_direction/id193
1749833205.4181035 [service_neighbours_opinions-3] [INFO] [1749833205.417359355] [service_neighbours_opinions]: Subscribed to: wind_direction/id194
1749833205.4224529 [service_neighbours_opinions-3] [INFO] [1749833205.421662300] [service_neighbours_opinions]: Subscribed to: wind_direction/id200
1749833205.4269354 [service_neighbours_opinions-3] [INFO] [1749833205.426135355] [service_neighbours_opinions]: Subscribed to: wind_direction/id206
1749833205.4310677 [service_neighbours_opinions-3] [INFO] [1749833205.430354892] [service_neighbours_opinions]: Subscribed to: wind_direction/id207
1749833205.4354773 [service_neighbours_opinions-3] [INFO] [1749833205.434605763] [service_neighbours_opinions]: Subscribed to: wind_direction/id223
1749833205.4395709 [service_neighbours_opinions-3] [INFO] [1749833205.438889040] [service_neighbours_opinions]: Subscribed to: wind_direction/id224
1749833205.4438577 [service_neighbours_opinions-3] [INFO] [1749833205.443167355] [service_neighbours_opinions]: Subscribed to: wind_direction/id236
1749833205.4482896 [service_neighbours_opinions-3] [INFO] [1749833205.447611540] [service_neighbours_opinions]: Subscribed to: wind_direction/id247
1749833205.4524150 [service_neighbours_opinions-3] [INFO] [1749833205.451733540] [service_neighbours_opinions]: Subscribed to: wind_direction/id1193
1749833205.7356155 [publish_wind_direction-4] [INFO] [1749833205.735014800] [publish_wind_direction]: Physical Ip=192.168.3.75, id=id75
1749833205.7381363 [publish_wind_direction-4] [INFO] [1749833205.737639540] [publish_wind_direction]: Updated ID from mapping: id195
1749833205.7454932 [publish_wind_direction-4] [INFO] [1749833205.744902262] [publish_wind_direction]: Publsihing on: wind_direction/id195
1749833210.2127137 [random_robot_move-1] [INFO] [1749833210.212014352] [random_robot_move]: Robot Control Node started.
1749833230.8049059 [publish_wind_direction-4] [ERROR] [1749833230.804211896] [publish_wind_direction]: get_pose_data service not available!
1749833255.8649211 [publish_wind_direction-4] [ERROR] [1749833255.864262177] [publish_wind_direction]: get_opinions service not available!
1749833259.7455168 [publish_wind_direction-4] [INFO] [1749833259.744797249] [publish_wind_direction]: Pose info requested
1749833264.5828912 [publish_wind_direction-4] [INFO] [1749833264.582223931] [publish_wind_direction]: Pose info requested
1749833269.4975240 [publish_wind_direction-4] [INFO] [1749833269.496890595] [publish_wind_direction]: Pose info requested
1749833274.4644067 [publish_wind_direction-4] [INFO] [1749833274.463776240] [publish_wind_direction]: Pose info requested
1749833279.5640414 [publish_wind_direction-4] [INFO] [1749833279.563389459] [publish_wind_direction]: Pose info requested
1749833285.0613127 [publish_wind_direction-4] [INFO] [1749833285.060690178] [publish_wind_direction]: Pose info requested
1749833289.5079601 [publish_wind_direction-4] [INFO] [1749833289.507329676] [publish_wind_direction]: Pose info requested
1749833294.4846070 [publish_wind_direction-4] [INFO] [1749833294.483970321] [publish_wind_direction]: Pose info requested
1749833299.5107479 [publish_wind_direction-4] [INFO] [1749833299.510057651] [publish_wind_direction]: Pose info requested
1749833304.4917200 [publish_wind_direction-4] [INFO] [1749833304.491090370] [publish_wind_direction]: Pose info requested
1749833309.4997134 [publish_wind_direction-4] [INFO] [1749833309.499079590] [publish_wind_direction]: Pose info requested
1749833314.4886672 [publish_wind_direction-4] [INFO] [1749833314.488039420] [publish_wind_direction]: Pose info requested
1749833319.5003679 [publish_wind_direction-4] [INFO] [1749833319.499699491] [publish_wind_direction]: Pose info requested
1749833324.4510784 [publish_wind_direction-4] [INFO] [1749833324.450399099] [publish_wind_direction]: Pose info requested
1749833329.4524784 [publish_wind_direction-4] [INFO] [1749833329.451843818] [publish_wind_direction]: Pose info requested
1749833334.5092824 [publish_wind_direction-4] [INFO] [1749833334.508650464] [publish_wind_direction]: Pose info requested
1749833339.4845276 [publish_wind_direction-4] [INFO] [1749833339.483901331] [publish_wind_direction]: Pose info requested
1749833344.4674540 [publish_wind_direction-4] [INFO] [1749833344.466826421] [publish_wind_direction]: Pose info requested
1749833349.4682345 [publish_wind_direction-4] [INFO] [1749833349.467603769] [publish_wind_direction]: Pose info requested
1749833354.4717948 [publish_wind_direction-4] [INFO] [1749833354.471166600] [publish_wind_direction]: Pose info requested
1749833359.4890232 [publish_wind_direction-4] [INFO] [1749833359.488389652] [publish_wind_direction]: Pose info requested
1749833364.5081210 [publish_wind_direction-4] [INFO] [1749833364.507504520] [publish_wind_direction]: Pose info requested
1749833369.4701996 [publish_wind_direction-4] [INFO] [1749833369.469562202] [publish_wind_direction]: Pose info requested
1749833374.4940288 [publish_wind_direction-4] [INFO] [1749833374.493412977] [publish_wind_direction]: Pose info requested
1749833379.5369096 [publish_wind_direction-4] [INFO] [1749833379.536253029] [publish_wind_direction]: Pose info requested
1749833384.4949722 [publish_wind_direction-4] [INFO] [1749833384.494305082] [publish_wind_direction]: Pose info requested
1749833389.4731359 [publish_wind_direction-4] [INFO] [1749833389.472504394] [publish_wind_direction]: Pose info requested
1749833394.5052702 [publish_wind_direction-4] [INFO] [1749833394.504626261] [publish_wind_direction]: Pose info requested
1749833587.8681333 [random_robot_move-1] [INFO] [1749833587.867487442] [random_robot_move]: robot move: excetion raised at 16:53:07
1749833587.8704627 [random_robot_move-1] [INFO] [1749833587.869901442] [random_robot_move]: Exception, shutting down
1749833587.8783689 [random_robot_move-1] Initializing Thymio Robot
1749833587.8787200 [random_robot_move-1] Thymio 1 is connected
1749833587.8788633 [random_robot_move-1] ['_id', 'event.source', 'event.args', '_fwversion', '_productId', 'buttons._raw', 'button.backward', 'button.left', 'button.center', 'button.forward', 'button.right', 'buttons._mean', 'buttons._noise', 'prox.horizontal', 'prox.comm.rx._payloads', 'prox.comm.rx._intensities', 'prox.comm.rx', 'prox.comm.tx', 'prox.ground.ambiant', 'prox.ground.reflected', 'prox.ground.delta', 'motor.left.target', 'motor.right.target', '_vbat', '_imot', 'motor.left.speed', 'motor.right.speed', 'motor.left.pwm', 'motor.right.pwm', '_integrator', 'acc', 'leds.top', 'leds.bottom.left', 'leds.bottom.right', 'leds.circle', 'temperature', 'rc5.address', 'rc5.command', 'mic.intensity', 'mic.threshold', 'mic._mean', 'timer.period', 'acc._tap', 'sd.present']
1749833587.8789985 [random_robot_move-1] Robot connected
1749833587.8791237 [random_robot_move-1] on arena edge
1749833587.8792481 [random_robot_move-1] Starting Collision avoidance
1749833587.8793712 [random_robot_move-1] Move back
1749833587.8794942 [random_robot_move-1] Turn
1749833587.8796172 [random_robot_move-1] Prox 0: 0, Prox 1: 1257,  Prox 2: 0, Prox 3: 0
1749833587.8797381 [random_robot_move-1] collision avoidance
1749833587.8798597 [random_robot_move-1] Starting Collision avoidance
1749833587.8799803 [random_robot_move-1] Move back
1749833587.8801000 [random_robot_move-1] Turn
1749833587.8802195 [random_robot_move-1] consecutive hits:  601
1749833587.8803384 [random_robot_move-1] consecutive hits:  327
1749833587.8804789 [random_robot_move-1] consecutive hits:  341
1749833587.8805995 [random_robot_move-1] Prox 0: 0, Prox 1: 0,  Prox 2: 0, Prox 3: 0
1749833587.8807192 [random_robot_move-1] collision avoidance
1749833587.8808382 [random_robot_move-1] Starting Collision avoidance
1749833587.8809564 [random_robot_move-1] Move back
1749833587.8810992 [random_robot_move-1] Turn
1749833587.8812251 [random_robot_move-1] consecutive hits:  601
1749833587.8813450 [random_robot_move-1] consecutive hits:  337
1749833587.8814642 [random_robot_move-1] on arena edge
1749833587.8815827 [random_robot_move-1] Starting Collision avoidance
1749833587.8817012 [random_robot_move-1] Move back
1749833587.8818381 [random_robot_move-1] Turn
1749833587.8819571 [random_robot_move-1] Prox 0: 0, Prox 1: 0,  Prox 2: 1314, Prox 3: 0
1749833587.8820770 [random_robot_move-1] collision avoidance
1749833587.8821957 [random_robot_move-1] Starting Collision avoidance
1749833587.8823133 [random_robot_move-1] Move back
1749833587.8824313 [random_robot_move-1] Turn
1749833587.8825777 [random_robot_move-1] consecutive hits:  601
1749833587.8827019 [random_robot_move-1] Prox 0: 1796, Prox 1: 0,  Prox 2: 0, Prox 3: 0
1749833587.8828199 [random_robot_move-1] collision avoidance
1749833587.8829389 [random_robot_move-1] Starting Collision avoidance
1749833587.8830562 [random_robot_move-1] Move back
1749833587.8831739 [random_robot_move-1] Turn
1749833587.8832912 [random_robot_move-1] consecutive hits:  601
1749833587.8834076 [random_robot_move-1] on arena edge
1749833587.8835258 [random_robot_move-1] Starting Collision avoidance
1749833587.8836439 [random_robot_move-1] Move back
1749833587.8837614 [random_robot_move-1] Turn
1749833587.8838801 [random_robot_move-1] on arena edge
1749833587.8839977 [random_robot_move-1] Starting Collision avoidance
1749833587.8841581 [random_robot_move-1] Move back
1749833587.8842795 [random_robot_move-1] Turn
1749833587.8843992 [random_robot_move-1] consecutive hits:  348
1749833587.8845167 [random_robot_move-1] Prox 0: 0, Prox 1: 0,  Prox 2: 0, Prox 3: 1304
1749833587.8846343 [random_robot_move-1] collision avoidance
1749833587.8847523 [random_robot_move-1] Starting Collision avoidance
1749833587.8848701 [random_robot_move-1] Move back
1749833587.8849874 [random_robot_move-1] Turn
1749833587.8851042 [random_robot_move-1] consecutive hits:  601
1749833587.8852198 [random_robot_move-1] Prox 0: 0, Prox 1: 0,  Prox 2: 0, Prox 3: 1303
1749833587.8853369 [random_robot_move-1] collision avoidance
1749833587.8854539 [random_robot_move-1] Starting Collision avoidance
1749833587.8855700 [random_robot_move-1] Move back
1749833587.8856854 [random_robot_move-1] Turn
1749833587.8858018 [random_robot_move-1] consecutive hits:  601
1749833587.8859174 [random_robot_move-1] on arena edge
1749833587.8860340 [random_robot_move-1] Starting Collision avoidance
1749833587.8861499 [random_robot_move-1] Move back
1749833587.8862655 [random_robot_move-1] Turn
1749833587.8863811 [random_robot_move-1] on arena edge
1749833587.8865094 [random_robot_move-1] Starting Collision avoidance
1749833587.8866415 [random_robot_move-1] Move back
1749833587.8867612 [random_robot_move-1] Turn
1749833587.8868794 [random_robot_move-1] Prox 0: 0, Prox 1: 0,  Prox 2: 0, Prox 3: 1565
1749833587.8869965 [random_robot_move-1] collision avoidance
1749833587.8871121 [random_robot_move-1] Starting Collision avoidance
1749833587.8872283 [random_robot_move-1] Move back
1749833587.8873439 [random_robot_move-1] Turn
1749833587.8874609 [random_robot_move-1] consecutive hits:  601
1749833587.8875761 [random_robot_move-1] on arena edge
1749833587.8876925 [random_robot_move-1] Starting Collision avoidance
1749833587.8878081 [random_robot_move-1] Move back
1749833587.8879237 [random_robot_move-1] Turn
1749833587.8880396 [random_robot_move-1] consecutive hits:  341
1749833587.8881559 [random_robot_move-1] on arena edge
1749833587.8882718 [random_robot_move-1] Starting Collision avoidance
1749833587.8883867 [random_robot_move-1] Move back
1749833587.8885024 [random_robot_move-1] Turn
1749833587.8886185 [random_robot_move-1] Prox 0: 0, Prox 1: 1622,  Prox 2: 1218, Prox 3: 0
1749833587.8887339 [random_robot_move-1] collision avoidance
1749833587.8888505 [random_robot_move-1] Starting Collision avoidance
1749833587.8889658 [random_robot_move-1] Move back
1749833587.8890817 [random_robot_move-1] Turn
1749833587.8891978 [random_robot_move-1] consecutive hits:  601
1749833587.8893130 [random_robot_move-1] consecutive hits:  348
1749833587.8894289 [random_robot_move-1] consecutive hits:  398
1749833587.8895438 [random_robot_move-1] consecutive hits:  399
1749833587.8896599 [random_robot_move-1] Prox 0: 0, Prox 1: 1289,  Prox 2: 0, Prox 3: 0
1749833587.8897762 [random_robot_move-1] collision avoidance
1749833587.8898931 [random_robot_move-1] Starting Collision avoidance
1749833587.8900092 [random_robot_move-1] Move back
1749833587.8901267 [random_robot_move-1] Turn
1749833587.8902433 [random_robot_move-1] consecutive hits:  601
1749833587.8903599 [random_robot_move-1] Prox 0: 0, Prox 1: 0,  Prox 2: 0, Prox 3: 1511
1749833587.8904755 [random_robot_move-1] collision avoidance
1749833587.8906446 [random_robot_move-1] Starting Collision avoidance
1749833587.8907635 [random_robot_move-1] Move back
1749833587.8908811 [random_robot_move-1] Turn
1749833587.8909984 [random_robot_move-1] consecutive hits:  601
1749833587.8911135 [random_robot_move-1] consecutive hits:  396
1749833587.8912301 [random_robot_move-1] Prox 0: 0, Prox 1: 0,  Prox 2: 0, Prox 3: 0
1749833587.8913465 [random_robot_move-1] collision avoidance
1749833587.8914623 [random_robot_move-1] Starting Collision avoidance
1749833587.8915780 [random_robot_move-1] Move back
1749833587.8916926 [random_robot_move-1] Turn
1749833587.8918085 [random_robot_move-1] consecutive hits:  601
1749833587.8919244 [random_robot_move-1] consecutive hits:  398
1749833587.8920691 [random_robot_move-1] consecutive hits:  397
1749833587.8921869 [random_robot_move-1] Prox 0: 0, Prox 1: 0,  Prox 2: 1274, Prox 3: 0
1749833587.8923020 [random_robot_move-1] collision avoidance
1749833587.8924186 [random_robot_move-1] Starting Collision avoidance
1749833587.8925338 [random_robot_move-1] Move back
1749833587.8926489 [random_robot_move-1] Turn
1749833587.8927658 [random_robot_move-1] consecutive hits:  601
1749833587.8928809 [random_robot_move-1] consecutive hits:  399
1749833587.8929968 [random_robot_move-1] Prox 0: 0, Prox 1: 0,  Prox 2: 0, Prox 3: 1271
1749833587.8931124 [random_robot_move-1] collision avoidance
1749833587.8932288 [random_robot_move-1] Starting Collision avoidance
1749833587.8933439 [random_robot_move-1] Move back
1749833587.8934591 [random_robot_move-1] Turn
1749833587.8935757 [random_robot_move-1] consecutive hits:  601
1749833587.8936920 [random_robot_move-1] Prox 0: 3477, Prox 1: 3070,  Prox 2: 2566, Prox 3: 3516
1749833587.8938076 [random_robot_move-1] collision avoidance
1749833587.8939233 [random_robot_move-1] Starting Collision avoidance
1749833587.8940382 [random_robot_move-1] Move back
1749833587.8941548 [random_robot_move-1] Turn
1749833587.8942704 [random_robot_move-1] consecutive hits:  601
1749833587.8943858 [random_robot_move-1] consecutive hits:  395
1749833651.2720177 [WARNING] [launch]: user interrupted with ctrl-c (SIGINT)
1749833651.2903166 [random_robot_move-1] Exception ignored in: <module 'threading' from '/usr/lib/python3.10/threading.py'>
1749833651.2918723 [random_robot_move-1] Traceback (most recent call last):
1749833651.2939706 [random_robot_move-1]   File "/usr/lib/python3.10/threading.py", line 1567, in _shutdown
1749833651.2970064 [random_robot_move-1]     lock.acquire()
1749833651.2981834 [random_robot_move-1] KeyboardInterrupt: 
1749833651.3023646 [service_vicon_node-2] [INFO] [1749833651.277329108] [service_vicon_node]: Stopping, Keyboard Interrupt
1749833651.3046694 [service_vicon_node-2] Failed to publish log message to rosout: publisher's context is invalid, at ./src/rcl/publisher.c:389
1749833651.3065784 [service_neighbours_opinions-3] [INFO] [1749833651.281531367] [service_neighbours_opinions]: Stopping, Keyboard Interrupt
1749833651.3081841 [service_neighbours_opinions-3] Failed to publish log message to rosout: publisher's context is invalid, at ./src/rcl/publisher.c:389
1749833651.4737513 [service_neighbours_opinions-3] Traceback (most recent call last):
1749833651.4742227 [service_neighbours_opinions-3]   File "/home/thymio/ros2_ws/install/wind_direction_detector/lib/wind_direction_detector/service_neighbours_opinions", line 33, in <module>
1749833651.4759016 [service_neighbours_opinions-3]     sys.exit(load_entry_point('wind-direction-detector==0.0.0', 'console_scripts', 'service_neighbours_opinions')())
1749833651.4768829 [service_neighbours_opinions-3]   File "/home/thymio/ros2_ws/install/wind_direction_detector/lib/python3.10/site-packages/wind_direction_detector/neighbours_opinion_node.py", line 121, in main
1749833651.4781806 [service_neighbours_opinions-3]     rclpy.shutdown()
1749833651.4792051 [service_neighbours_opinions-3]   File "/opt/ros/humble/local/lib/python3.10/dist-packages/rclpy/__init__.py", line 130, in shutdown
1749833651.4803326 [service_neighbours_opinions-3]     _shutdown(context=context)
1749833651.4811959 [service_neighbours_opinions-3]   File "/opt/ros/humble/local/lib/python3.10/dist-packages/rclpy/utilities.py", line 58, in shutdown
1749833651.4820790 [service_neighbours_opinions-3]     return context.shutdown()
1749833651.4829535 [service_neighbours_opinions-3]   File "/opt/ros/humble/local/lib/python3.10/dist-packages/rclpy/context.py", line 102, in shutdown
1749833651.4838169 [service_neighbours_opinions-3]     self.__context.shutdown()
1749833651.4846430 [service_neighbours_opinions-3] rclpy._rclpy_pybind11.RCLError: failed to shutdown: rcl_shutdown already called on the given context, at ./src/rcl/init.c:241
1749833651.5337100 [INFO] [random_robot_move-1]: process has finished cleanly [pid 4329]
1749833651.7501333 [ERROR] [service_neighbours_opinions-3]: process has died [pid 4333, exit code 1, cmd '/home/thymio/ros2_ws/install/wind_direction_detector/lib/wind_direction_detector/service_neighbours_opinions --ros-args -r __node:=service_neighbours_opinions'].
1749833653.3929760 [WARNING] [launch]: user interrupted with ctrl-c (SIGINT) again, ignoring...
1749833653.5043950 [service_vicon_node-2] Traceback (most recent call last):
1749833653.5048602 [service_vicon_node-2]   File "/home/thymio/ros2_ws/install/wind_direction_detector/lib/python3.10/site-packages/wind_direction_detector/vicon_node.py", line 152, in main
1749833653.5061562 [service_vicon_node-2]     rclpy.spin(vicon_node)
1749833653.5067196 [service_vicon_node-2]   File "/opt/ros/humble/local/lib/python3.10/dist-packages/rclpy/__init__.py", line 226, in spin
1749833653.5071206 [service_vicon_node-2]     executor.spin_once()
1749833653.5074904 [service_vicon_node-2]   File "/opt/ros/humble/local/lib/python3.10/dist-packages/rclpy/executors.py", line 739, in spin_once
1749833653.5078003 [service_vicon_node-2]     self._spin_once_impl(timeout_sec)
1749833653.5081255 [service_vicon_node-2]   File "/opt/ros/humble/local/lib/python3.10/dist-packages/rclpy/executors.py", line 728, in _spin_once_impl
1749833653.5092528 [service_vicon_node-2]     handler, entity, node = self.wait_for_ready_callbacks(timeout_sec=timeout_sec)
1749833653.5096669 [service_vicon_node-2]   File "/opt/ros/humble/local/lib/python3.10/dist-packages/rclpy/executors.py", line 711, in wait_for_ready_callbacks
1749833653.5112095 [service_vicon_node-2]     return next(self._cb_iter)
1749833653.5122030 [service_vicon_node-2]   File "/opt/ros/humble/local/lib/python3.10/dist-packages/rclpy/executors.py", line 608, in _wait_for_ready_callbacks
1749833653.5130262 [service_vicon_node-2]     wait_set.wait(timeout_nsec)
1749833653.5139980 [service_vicon_node-2] KeyboardInterrupt
1749833653.5149622 [service_vicon_node-2] 
1749833653.5159910 [service_vicon_node-2] During handling of the above exception, another exception occurred:
1749833653.5168304 [service_vicon_node-2] 
1749833653.5176723 [service_vicon_node-2] Traceback (most recent call last):
1749833653.5185292 [service_vicon_node-2]   File "/home/thymio/ros2_ws/install/wind_direction_detector/lib/python3.10/site-packages/wind_direction_detector/vicon_node.py", line 156, in main
1749833653.5194116 [service_vicon_node-2]     vicon_node.destroy_node()
1749833653.5202157 [service_vicon_node-2]   File "/opt/ros/humble/local/lib/python3.10/dist-packages/rclpy/node.py", line 1685, in destroy_node
1749833653.5218332 [service_vicon_node-2]     self.destroy_service(self._services[0])
1749833653.5230248 [service_vicon_node-2]   File "/opt/ros/humble/local/lib/python3.10/dist-packages/rclpy/node.py", line 1609, in destroy_service
1749833653.5239637 [service_vicon_node-2]     service.destroy()
1749833653.5249736 [service_vicon_node-2]   File "/opt/ros/humble/local/lib/python3.10/dist-packages/rclpy/service.py", line 87, in destroy
1749833653.5276270 [service_vicon_node-2]     self.__service.destroy_when_not_in_use()
1749833653.5286412 [service_vicon_node-2] KeyboardInterrupt
1749833653.5294821 [service_vicon_node-2] 
1749833653.5302866 [service_vicon_node-2] During handling of the above exception, another exception occurred:
1749833653.5310318 [service_vicon_node-2] 
1749833653.5319192 [service_vicon_node-2] Traceback (most recent call last):
1749833653.5327981 [service_vicon_node-2]   File "/home/thymio/ros2_ws/install/wind_direction_detector/lib/wind_direction_detector/service_vicon_node", line 33, in <module>
1749833653.5336452 [service_vicon_node-2]     sys.exit(load_entry_point('wind-direction-detector==0.0.0', 'console_scripts', 'service_vicon_node')())
1749833653.5344479 [service_vicon_node-2]   File "/home/thymio/ros2_ws/install/wind_direction_detector/lib/python3.10/site-packages/wind_direction_detector/vicon_node.py", line 161, in main
1749833653.5352950 [service_vicon_node-2]     rclpy.shutdown()
1749833653.5361691 [service_vicon_node-2]   File "/opt/ros/humble/local/lib/python3.10/dist-packages/rclpy/__init__.py", line 130, in shutdown
1749833653.5371020 [service_vicon_node-2]     _shutdown(context=context)
1749833653.5378478 [service_vicon_node-2]   File "/opt/ros/humble/local/lib/python3.10/dist-packages/rclpy/utilities.py", line 58, in shutdown
1749833653.5384712 [service_vicon_node-2]     return context.shutdown()
1749833653.5392838 [service_vicon_node-2]   File "/opt/ros/humble/local/lib/python3.10/dist-packages/rclpy/context.py", line 102, in shutdown
1749833653.5400796 [service_vicon_node-2]     self.__context.shutdown()
1749833653.5417225 [service_vicon_node-2] rclpy._rclpy_pybind11.RCLError: failed to shutdown: rcl_shutdown already called on the given context, at ./src/rcl/init.c:241
1749833654.5647058 [ERROR] [service_vicon_node-2]: process has died [pid 4331, exit code 1, cmd '/home/thymio/ros2_ws/install/wind_direction_detector/lib/wind_direction_detector/service_vicon_node --ros-args -r __node:=service_vicon_node'].
1749833656.2875192 [ERROR] [publish_wind_direction-4]: process[publish_wind_direction-4] failed to terminate '5' seconds after receiving 'SIGINT', escalating to 'SIGTERM'
1749833656.2908216 [INFO] [publish_wind_direction-4]: sending signal 'SIGTERM' to process[publish_wind_direction-4]
1749833661.2915857 [ERROR] [publish_wind_direction-4]: process[publish_wind_direction-4] failed to terminate '10.0' seconds after receiving 'SIGTERM', escalating to 'SIGKILL'
1749833661.2929513 [INFO] [publish_wind_direction-4]: sending signal 'SIGKILL' to process[publish_wind_direction-4]
1749833661.8808815 [ERROR] [publish_wind_direction-4]: process has died [pid 4335, exit code -9, cmd '/home/thymio/ros2_ws/install/wind_direction_detector/lib/wind_direction_detector/publish_wind_direction --ros-args -r __node:=publish_wind_direction'].
