1749829683.0651939 [INFO] [launch]: All log files can be found below /home/thymio/ros_logs/2025-06-13-15-48-03-061918-thymio-3988
1749829683.0657551 [INFO] [launch]: Default logging verbosity is set to INFO
1749829683.2865503 [INFO] [service_vicon_node-1]: process started with pid [3989]
1749829683.2874234 [INFO] [service_neighbours_opinions-2]: process started with pid [3991]
1749829683.2880323 [INFO] [random_robot_move-3]: process started with pid [3993]
1749829683.2885492 [INFO] [publish_wind_direction-4]: process started with pid [3995]
1749829684.9464417 [publish_wind_direction-4] /usr/lib/python3/dist-packages/scipy/__init__.py:146: UserWarning: A NumPy version >=1.17.3 and <1.25.0 is required for this version of SciPy (detected version 1.26.4
1749829684.9470794 [publish_wind_direction-4]   warnings.warn(f"A NumPy version >={np_minversion} and <{np_maxversion}"
1749829684.9972713 [service_vicon_node-1] [INFO] [1749829684.996430973] [service_vicon_node]: Physical Ip=192.168.4.77, id=id77
1749829685.0029197 [service_vicon_node-1] [INFO] [1749829685.001704695] [service_vicon_node]: Updated ID from mapping: id193
1749829685.0183644 [service_vicon_node-1] [INFO] [1749829685.017469843] [service_vicon_node]: Subscribed to: vicon/default/data
1749829685.0411513 [service_neighbours_opinions-2] [INFO] [1749829685.040048750] [service_neighbours_opinions]: Physical Ip=192.168.4.77, id=id77
1749829685.0444822 [service_neighbours_opinions-2] [INFO] [1749829685.043506343] [service_neighbours_opinions]: Updated ID from mapping: id193
1749829685.0534956 [service_neighbours_opinions-2] [INFO] [1749829685.052856028] [service_neighbours_opinions]: Subscribed to: wind_direction/id68
1749829685.0576317 [service_neighbours_opinions-2] [INFO] [1749829685.056841343] [service_neighbours_opinions]: Subscribed to: wind_direction/id136
1749829685.0643556 [service_neighbours_opinions-2] [INFO] [1749829685.062349435] [service_neighbours_opinions]: Subscribed to: wind_direction/id137
1749829685.0683398 [service_neighbours_opinions-2] [INFO] [1749829685.067588880] [service_neighbours_opinions]: Subscribed to: wind_direction/id142
1749829685.0732508 [service_neighbours_opinions-2] [INFO] [1749829685.072490750] [service_neighbours_opinions]: Subscribed to: wind_direction/id151
1749829685.0781548 [service_neighbours_opinions-2] [INFO] [1749829685.077388158] [service_neighbours_opinions]: Subscribed to: wind_direction/id152
1749829685.0825112 [service_neighbours_opinions-2] [INFO] [1749829685.081799195] [service_neighbours_opinions]: Subscribed to: wind_direction/id155
1749829685.0917988 [service_neighbours_opinions-2] [INFO] [1749829685.088118676] [service_neighbours_opinions]: Subscribed to: wind_direction/id189
1749829685.0941482 [service_neighbours_opinions-2] [INFO] [1749829685.093465176] [service_neighbours_opinions]: Subscribed to: wind_direction/id192
1749829685.0986259 [service_neighbours_opinions-2] [INFO] [1749829685.097922454] [service_neighbours_opinions]: Subscribed to: wind_direction/id194
1749829685.1035147 [service_neighbours_opinions-2] [INFO] [1749829685.102391695] [service_neighbours_opinions]: Subscribed to: wind_direction/id195
1749829685.1084483 [service_neighbours_opinions-2] [INFO] [1749829685.107252935] [service_neighbours_opinions]: Subscribed to: wind_direction/id200
1749829685.1160746 [service_neighbours_opinions-2] [INFO] [1749829685.115339361] [service_neighbours_opinions]: Subscribed to: wind_direction/id206
1749829685.1199925 [service_neighbours_opinions-2] [INFO] [1749829685.119331602] [service_neighbours_opinions]: Subscribed to: wind_direction/id207
1749829685.1241374 [service_neighbours_opinions-2] [INFO] [1749829685.123405102] [service_neighbours_opinions]: Subscribed to: wind_direction/id223
1749829685.1288702 [service_neighbours_opinions-2] [INFO] [1749829685.128130102] [service_neighbours_opinions]: Subscribed to: wind_direction/id224
1749829685.1353672 [service_neighbours_opinions-2] [INFO] [1749829685.134574584] [service_neighbours_opinions]: Subscribed to: wind_direction/id236
1749829685.1397657 [service_neighbours_opinions-2] [INFO] [1749829685.138939343] [service_neighbours_opinions]: Subscribed to: wind_direction/id247
1749829685.1439893 [service_neighbours_opinions-2] [INFO] [1749829685.143295435] [service_neighbours_opinions]: Subscribed to: wind_direction/id1193
1749829685.4583676 [publish_wind_direction-4] [INFO] [1749829685.457737694] [publish_wind_direction]: Physical Ip=192.168.4.77, id=id77
1749829685.4609184 [publish_wind_direction-4] [INFO] [1749829685.460387935] [publish_wind_direction]: Updated ID from mapping: id193
1749829685.4683492 [publish_wind_direction-4] [INFO] [1749829685.467745972] [publish_wind_direction]: Publsihing on: wind_direction/id193
1749829692.8562744 [random_robot_move-3] [INFO] [1749829692.855588301] [random_robot_move]: Robot Control Node started.
1749829710.5283518 [publish_wind_direction-4] [ERROR] [1749829710.527650957] [publish_wind_direction]: get_pose_data service not available!
1749829727.4144564 [service_vicon_node-1] [INFO] [1749829727.413519484] [service_vicon_node]: Frame_no: 49275
1749829738.0268607 [service_vicon_node-1] [INFO] [1749829738.025946108] [service_vicon_node]: Frame_no: 49578
1749829748.9015470 [service_vicon_node-1] [INFO] [1749829748.900834657] [service_vicon_node]: Frame_no: 49884
1749829759.9774637 [service_vicon_node-1] [INFO] [1749829759.976563520] [service_vicon_node]: Frame_no: 50256
1749829770.6334667 [service_vicon_node-1] [INFO] [1749829770.632750347] [service_vicon_node]: Frame_no: 50598
1749829781.4715846 [service_vicon_node-1] [INFO] [1749829781.470433211] [service_vicon_node]: Frame_no: 50932
1749829791.6479065 [service_vicon_node-1] [INFO] [1749829791.646769853] [service_vicon_node]: Frame_no: 51238
1749829801.8447306 [service_vicon_node-1] [INFO] [1749829801.844012607] [service_vicon_node]: Frame_no: 51544
1749829812.0523973 [service_vicon_node-1] [INFO] [1749829812.051662712] [service_vicon_node]: Frame_no: 51850
1749829822.3806834 [service_vicon_node-1] [INFO] [1749829822.379786946] [service_vicon_node]: Frame_no: 52160
1749829832.5744979 [service_vicon_node-1] [INFO] [1749829832.573765125] [service_vicon_node]: Frame_no: 52466
1749829842.7511234 [service_vicon_node-1] [INFO] [1749829842.750402545] [service_vicon_node]: Frame_no: 52771
1749829852.8742714 [service_vicon_node-1] [INFO] [1749829852.873528150] [service_vicon_node]: Frame_no: 53075
1749829862.9790232 [service_vicon_node-1] [INFO] [1749829862.978271144] [service_vicon_node]: Frame_no: 53378
1749829873.1139412 [service_vicon_node-1] [INFO] [1749829873.113103527] [service_vicon_node]: Frame_no: 53682
1749829883.3096712 [service_vicon_node-1] [INFO] [1749829883.308972132] [service_vicon_node]: Frame_no: 53988
1749829893.4759676 [service_vicon_node-1] [INFO] [1749829893.475181996] [service_vicon_node]: Frame_no: 54293
1749829903.6108444 [service_vicon_node-1] [INFO] [1749829903.610118250] [service_vicon_node]: Frame_no: 54597
1749829913.8404858 [service_vicon_node-1] [INFO] [1749829913.839736484] [service_vicon_node]: Frame_no: 54904
1749829923.9445298 [service_vicon_node-1] [INFO] [1749829923.943742460] [service_vicon_node]: Frame_no: 55207
1749829934.0792692 [service_vicon_node-1] [INFO] [1749829934.078479361] [service_vicon_node]: Frame_no: 55511
1749829944.2788763 [service_vicon_node-1] [INFO] [1749829944.278151503] [service_vicon_node]: Frame_no: 55817
1749829954.4434471 [service_vicon_node-1] [INFO] [1749829954.442656108] [service_vicon_node]: Frame_no: 56122
1749829964.6070828 [service_vicon_node-1] [INFO] [1749829964.606270639] [service_vicon_node]: Frame_no: 56427
1749829974.7772355 [service_vicon_node-1] [INFO] [1749829974.776440411] [service_vicon_node]: Frame_no: 56732
1749829984.9409461 [service_vicon_node-1] [INFO] [1749829984.940191146] [service_vicon_node]: Frame_no: 57037
1749829995.0753539 [service_vicon_node-1] [INFO] [1749829995.074570158] [service_vicon_node]: Frame_no: 57341
1749830005.2117722 [service_vicon_node-1] [INFO] [1749830005.210986411] [service_vicon_node]: Frame_no: 57645
1749830015.4109671 [service_vicon_node-1] [INFO] [1749830015.410253257] [service_vicon_node]: Frame_no: 57951
1749830025.6068306 [service_vicon_node-1] [INFO] [1749830025.606093973] [service_vicon_node]: Frame_no: 58257
1749830035.7730367 [service_vicon_node-1] [INFO] [1749830035.772296967] [service_vicon_node]: Frame_no: 58562
1749830045.9377501 [service_vicon_node-1] [INFO] [1749830045.937027887] [service_vicon_node]: Frame_no: 58867
1749830056.1150818 [service_vicon_node-1] [INFO] [1749830056.114351974] [service_vicon_node]: Frame_no: 59172
1749830066.3389714 [service_vicon_node-1] [INFO] [1749830066.338249449] [service_vicon_node]: Frame_no: 59479
1749830076.5157011 [service_vicon_node-1] [INFO] [1749830076.514941221] [service_vicon_node]: Frame_no: 59784
1749830086.6123602 [service_vicon_node-1] [INFO] [1749830086.611619752] [service_vicon_node]: Frame_no: 60087
1749830096.8091774 [service_vicon_node-1] [INFO] [1749830096.808440634] [service_vicon_node]: Frame_no: 60393
1749830106.9512701 [service_vicon_node-1] [INFO] [1749830106.950471925] [service_vicon_node]: Frame_no: 60697
1749830117.1081645 [service_vicon_node-1] [INFO] [1749830117.107085400] [service_vicon_node]: Frame_no: 61002
1749830127.2750115 [service_vicon_node-1] [INFO] [1749830127.274275746] [service_vicon_node]: Frame_no: 61307
1749830137.5445025 [service_vicon_node-1] [INFO] [1749830137.543755629] [service_vicon_node]: Frame_no: 61615
1749830147.7121210 [service_vicon_node-1] [INFO] [1749830147.711113345] [service_vicon_node]: Frame_no: 61920
1749830157.8453894 [service_vicon_node-1] [INFO] [1749830157.844382228] [service_vicon_node]: Frame_no: 62224
1749830167.9757397 [service_vicon_node-1] [INFO] [1749830167.974631833] [service_vicon_node]: Frame_no: 62528
1749830178.1729386 [service_vicon_node-1] [INFO] [1749830178.172225123] [service_vicon_node]: Frame_no: 62834
1749830188.3092830 [service_vicon_node-1] [INFO] [1749830188.308576636] [service_vicon_node]: Frame_no: 63138
1749830198.4756193 [service_vicon_node-1] [INFO] [1749830198.474852592] [service_vicon_node]: Frame_no: 63443
1749830208.5776849 [service_vicon_node-1] [INFO] [1749830208.576949420] [service_vicon_node]: Frame_no: 63746
1749830218.7431617 [service_vicon_node-1] [INFO] [1749830218.742430691] [service_vicon_node]: Frame_no: 64051
1749830228.9799955 [service_vicon_node-1] [INFO] [1749830228.979265333] [service_vicon_node]: Frame_no: 64358
1749830239.1120856 [service_vicon_node-1] [INFO] [1749830239.111377883] [service_vicon_node]: Frame_no: 64662
1749830249.2759457 [service_vicon_node-1] [INFO] [1749830249.275180525] [service_vicon_node]: Frame_no: 64967
1749830259.4464238 [service_vicon_node-1] [INFO] [1749830259.445694093] [service_vicon_node]: Frame_no: 65272
1749830269.6132779 [service_vicon_node-1] [INFO] [1749830269.612557328] [service_vicon_node]: Frame_no: 65577
1749830279.8510823 [service_vicon_node-1] [INFO] [1749830279.850317118] [service_vicon_node]: Frame_no: 65884
1749830290.0780189 [service_vicon_node-1] [INFO] [1749830290.077226149] [service_vicon_node]: Frame_no: 66191
1749830300.2788274 [service_vicon_node-1] [INFO] [1749830300.278096050] [service_vicon_node]: Frame_no: 66497
1749830310.4124451 [service_vicon_node-1] [INFO] [1749830310.411729174] [service_vicon_node]: Frame_no: 66801
1749830320.5532205 [service_vicon_node-1] [INFO] [1749830320.552136409] [service_vicon_node]: Frame_no: 67105
1749830330.7094674 [service_vicon_node-1] [INFO] [1749830330.708616180] [service_vicon_node]: Frame_no: 67410
1749830340.8537502 [service_vicon_node-1] [INFO] [1749830340.853034452] [service_vicon_node]: Frame_no: 67714
1749830350.9851117 [service_vicon_node-1] [INFO] [1749830350.984374890] [service_vicon_node]: Frame_no: 68018
1749830361.1794865 [service_vicon_node-1] [INFO] [1749830361.178657051] [service_vicon_node]: Frame_no: 68324
1749830371.4169612 [service_vicon_node-1] [INFO] [1749830371.416242952] [service_vicon_node]: Frame_no: 68631
1749830381.6168303 [service_vicon_node-1] [INFO] [1749830381.616094668] [service_vicon_node]: Frame_no: 68937
1749830391.7835796 [service_vicon_node-1] [INFO] [1749830391.782823625] [service_vicon_node]: Frame_no: 69242
1749830401.9482763 [service_vicon_node-1] [INFO] [1749830401.947528138] [service_vicon_node]: Frame_no: 69547
1749830412.1468408 [service_vicon_node-1] [INFO] [1749830412.146139095] [service_vicon_node]: Frame_no: 69853
1749830422.2470887 [service_vicon_node-1] [INFO] [1749830422.246358774] [service_vicon_node]: Frame_no: 70156
1749830432.3802462 [service_vicon_node-1] [INFO] [1749830432.379432305] [service_vicon_node]: Frame_no: 70460
1749830442.5804992 [service_vicon_node-1] [INFO] [1749830442.579758114] [service_vicon_node]: Frame_no: 70766
1749830452.8100381 [service_vicon_node-1] [INFO] [1749830452.809327330] [service_vicon_node]: Frame_no: 71073
1749830462.9821274 [service_vicon_node-1] [INFO] [1749830462.981378824] [service_vicon_node]: Frame_no: 71378
1749830473.1445763 [service_vicon_node-1] [INFO] [1749830473.143844725] [service_vicon_node]: Frame_no: 71683
1749830483.3163154 [service_vicon_node-1] [INFO] [1749830483.315589404] [service_vicon_node]: Frame_no: 71988
1749830493.5193605 [service_vicon_node-1] [INFO] [1749830493.518258954] [service_vicon_node]: Frame_no: 72294
1749830503.6835108 [service_vicon_node-1] [INFO] [1749830503.682655244] [service_vicon_node]: Frame_no: 72599
1749830513.8164496 [service_vicon_node-1] [INFO] [1749830513.815685534] [service_vicon_node]: Frame_no: 72903
1749830523.9813466 [service_vicon_node-1] [INFO] [1749830523.980604047] [service_vicon_node]: Frame_no: 73208
1749830534.1579494 [service_vicon_node-1] [INFO] [1749830534.157203392] [service_vicon_node]: Frame_no: 73513
1749830544.3543835 [service_vicon_node-1] [INFO] [1749830544.353640479] [service_vicon_node]: Frame_no: 73819
1749830554.5150199 [service_vicon_node-1] [INFO] [1749830554.514275158] [service_vicon_node]: Frame_no: 74124
1749830564.6808724 [service_vicon_node-1] [INFO] [1749830564.680154337] [service_vicon_node]: Frame_no: 74429
1749830574.8203256 [service_vicon_node-1] [INFO] [1749830574.819588609] [service_vicon_node]: Frame_no: 74733
1749830585.0141082 [service_vicon_node-1] [INFO] [1749830585.013391529] [service_vicon_node]: Frame_no: 75039
1749830595.2111242 [service_vicon_node-1] [INFO] [1749830595.210384097] [service_vicon_node]: Frame_no: 75345
1749830605.3529932 [service_vicon_node-1] [INFO] [1749830605.352273405] [service_vicon_node]: Frame_no: 75649
1749830615.4909708 [service_vicon_node-1] [INFO] [1749830615.490209159] [service_vicon_node]: Frame_no: 75953
1749830625.6512663 [service_vicon_node-1] [INFO] [1749830625.650186967] [service_vicon_node]: Frame_no: 76258
1749830635.8244948 [service_vicon_node-1] [INFO] [1749830635.823768239] [service_vicon_node]: Frame_no: 76563
1749830646.0174229 [service_vicon_node-1] [INFO] [1749830646.016684678] [service_vicon_node]: Frame_no: 76869
1749830656.2511218 [service_vicon_node-1] [INFO] [1749830656.250351320] [service_vicon_node]: Frame_no: 77176
1749830666.4154267 [service_vicon_node-1] [INFO] [1749830666.414639165] [service_vicon_node]: Frame_no: 77481
1749830676.5536900 [service_vicon_node-1] [INFO] [1749830676.552983178] [service_vicon_node]: Frame_no: 77785
1749830686.6939392 [service_vicon_node-1] [INFO] [1749830686.693088746] [service_vicon_node]: Frame_no: 78089
1749830696.8488662 [service_vicon_node-1] [INFO] [1749830696.848088703] [service_vicon_node]: Frame_no: 78394
1749830706.9875472 [service_vicon_node-1] [INFO] [1749830706.986788363] [service_vicon_node]: Frame_no: 78698
1749830717.1553030 [service_vicon_node-1] [INFO] [1749830717.154440765] [service_vicon_node]: Frame_no: 79003
1749830727.2886441 [service_vicon_node-1] [INFO] [1749830727.287933111] [service_vicon_node]: Frame_no: 79307
1749830737.4861386 [service_vicon_node-1] [INFO] [1749830737.485397956] [service_vicon_node]: Frame_no: 79613
1749830747.6496122 [service_vicon_node-1] [INFO] [1749830747.648908321] [service_vicon_node]: Frame_no: 79918
1749830757.8587031 [service_vicon_node-1] [INFO] [1749830757.857667685] [service_vicon_node]: Frame_no: 80224
1749830768.0844293 [service_vicon_node-1] [INFO] [1749830768.083689179] [service_vicon_node]: Frame_no: 80531
1749830778.2175837 [service_vicon_node-1] [INFO] [1749830778.216865173] [service_vicon_node]: Frame_no: 80835
1749830788.4215665 [service_vicon_node-1] [INFO] [1749830788.420818574] [service_vicon_node]: Frame_no: 81141
1749830798.6262367 [service_vicon_node-1] [INFO] [1749830798.625490864] [service_vicon_node]: Frame_no: 81447
1749830808.8210442 [service_vicon_node-1] [INFO] [1749830808.820294025] [service_vicon_node]: Frame_no: 81753
1749830818.9183946 [service_vicon_node-1] [INFO] [1749830818.917647963] [service_vicon_node]: Frame_no: 82056
1749830829.0873287 [service_vicon_node-1] [INFO] [1749830829.086542217] [service_vicon_node]: Frame_no: 82361
1749830839.2555115 [service_vicon_node-1] [INFO] [1749830839.254724599] [service_vicon_node]: Frame_no: 82666
1749830849.4181581 [service_vicon_node-1] [INFO] [1749830849.417367778] [service_vicon_node]: Frame_no: 82971
1749830859.5544624 [service_vicon_node-1] [INFO] [1749830859.553738624] [service_vicon_node]: Frame_no: 83275
1749830869.7171154 [service_vicon_node-1] [INFO] [1749830869.716360526] [service_vicon_node]: Frame_no: 83580
1749830879.8872235 [service_vicon_node-1] [INFO] [1749830879.886467797] [service_vicon_node]: Frame_no: 83885
1749830885.1473362 [service_neighbours_opinions-2] [INFO] [1749830885.146619794] [service_neighbours_opinions]: Raising exception at 16:08:05
1749830885.3401864 [service_neighbours_opinions-2] Traceback (most recent call last):
1749830885.3407252 [service_neighbours_opinions-2]   File "/home/thymio/ros2_ws/install/wind_direction_detector/lib/python3.10/site-packages/wind_direction_detector/neighbours_opinion_node.py", line 114, in main
1749830885.3420548 [service_neighbours_opinions-2]     rclpy.spin(neighbours_node)
1749830885.3425825 [service_neighbours_opinions-2]   File "/opt/ros/humble/local/lib/python3.10/dist-packages/rclpy/__init__.py", line 226, in spin
1749830885.3429849 [service_neighbours_opinions-2]     executor.spin_once()
1749830885.3434041 [service_neighbours_opinions-2]   File "/opt/ros/humble/local/lib/python3.10/dist-packages/rclpy/executors.py", line 739, in spin_once
1749830885.3437757 [service_neighbours_opinions-2]     self._spin_once_impl(timeout_sec)
1749830885.3441255 [service_neighbours_opinions-2]   File "/opt/ros/humble/local/lib/python3.10/dist-packages/rclpy/executors.py", line 736, in _spin_once_impl
1749830885.3458345 [service_neighbours_opinions-2]     raise handler.exception()
1749830885.3468451 [service_neighbours_opinions-2]   File "/opt/ros/humble/local/lib/python3.10/dist-packages/rclpy/task.py", line 239, in __call__
1749830885.3477082 [service_neighbours_opinions-2]     self._handler.send(None)
1749830885.3485289 [service_neighbours_opinions-2]   File "/opt/ros/humble/local/lib/python3.10/dist-packages/rclpy/executors.py", line 437, in handler
1749830885.3508294 [service_neighbours_opinions-2]     await call_coroutine(entity, arg)
1749830885.3520498 [service_neighbours_opinions-2]   File "/opt/ros/humble/local/lib/python3.10/dist-packages/rclpy/executors.py", line 351, in _execute_timer
1749830885.3579640 [service_neighbours_opinions-2]     await await_or_execute(tmr.callback)
1749830885.3614047 [service_neighbours_opinions-2]   File "/opt/ros/humble/local/lib/python3.10/dist-packages/rclpy/executors.py", line 107, in await_or_execute
1749830885.3624654 [service_neighbours_opinions-2]     return callback(*args)
1749830885.3666739 [service_neighbours_opinions-2]   File "/home/thymio/ros2_ws/install/wind_direction_detector/lib/python3.10/site-packages/wind_direction_detector/neighbours_opinion_node.py", line 65, in stop_execution
1749830885.3682261 [service_neighbours_opinions-2]     raise Exception
1749830885.3703828 [service_neighbours_opinions-2] Exception
1749830885.3718324 [service_neighbours_opinions-2] 
1749830885.3730719 [service_neighbours_opinions-2] During handling of the above exception, another exception occurred:
1749830885.3742943 [service_neighbours_opinions-2] 
1749830885.3754785 [service_neighbours_opinions-2] Traceback (most recent call last):
1749830885.3768401 [service_neighbours_opinions-2]   File "/home/thymio/ros2_ws/install/wind_direction_detector/lib/wind_direction_detector/service_neighbours_opinions", line 33, in <module>
1749830885.3782549 [service_neighbours_opinions-2]     sys.exit(load_entry_point('wind-direction-detector==0.0.0', 'console_scripts', 'service_neighbours_opinions')())
1749830885.3795238 [service_neighbours_opinions-2]   File "/home/thymio/ros2_ws/install/wind_direction_detector/lib/python3.10/site-packages/wind_direction_detector/neighbours_opinion_node.py", line 120, in main
1749830885.3808010 [service_neighbours_opinions-2]     neighbours_node.get_logger().error(e)
1749830885.3821299 [service_neighbours_opinions-2]   File "/opt/ros/humble/local/lib/python3.10/dist-packages/rclpy/impl/rcutils_logger.py", line 345, in error
1749830885.3894806 [service_neighbours_opinions-2]     return self.log(message, LoggingSeverity.ERROR, **kwargs)
1749830885.3930340 [service_neighbours_opinions-2]   File "/opt/ros/humble/local/lib/python3.10/dist-packages/rclpy/impl/rcutils_logger.py", line 318, in log
1749830885.3958170 [service_neighbours_opinions-2]     _rclpy.rclpy_logging_rcutils_log(
1749830885.3972147 [service_neighbours_opinions-2] TypeError: rclpy_logging_rcutils_log(): incompatible function arguments. The following argument types are supported:
1749830885.3985431 [service_neighbours_opinions-2]     1. (arg0: int, arg1: str, arg2: str, arg3: str, arg4: str, arg5: int) -> None
1749830885.3998981 [service_neighbours_opinions-2] 
1749830885.4012952 [service_neighbours_opinions-2] Invoked with: <LoggingSeverity.ERROR: 40>, 'service_neighbours_opinions', Exception(), 'main', '/home/thymio/ros2_ws/install/wind_direction_detector/lib/python3.10/site-packages/wind_direction_detector/neighbours_opinion_node.py', 120
1749830886.1724963 [service_vicon_node-1] [INFO] [1749830886.171552720] [service_vicon_node]: Vicon node, runtime finished, raising exception
1749830886.1751623 [service_vicon_node-1] [INFO] [1749830886.174246738] [service_vicon_node]: Vicon Node Stopping, Times up
1749830892.5184944 [INFO] [service_vicon_node-1]: process has finished cleanly [pid 3989]
1749830893.2609017 [ERROR] [service_neighbours_opinions-2]: process has died [pid 3991, exit code 1, cmd '/home/thymio/ros2_ws/install/wind_direction_detector/lib/wind_direction_detector/service_neighbours_opinions --ros-args -r __node:=service_neighbours_opinions'].
1749830911.6571887 [random_robot_move-3] [INFO] [1749830911.656542686] [random_robot_move]: robot move: excetion raised at 16:08:31
1749830911.6598165 [random_robot_move-3] [INFO] [1749830911.659224315] [random_robot_move]: Exception, shutting down
1749830911.6907730 [random_robot_move-3] Initializing Thymio Robot
1749830911.6910887 [random_robot_move-3] Thymio 1 is connected
1749830911.6913843 [random_robot_move-3] ['_id', 'event.source', 'event.args', '_fwversion', '_productId', 'buttons._raw', 'button.backward', 'button.left', 'button.center', 'button.forward', 'button.right', 'buttons._mean', 'buttons._noise', 'prox.horizontal', 'prox.comm.rx._payloads', 'prox.comm.rx._intensities', 'prox.comm.rx', 'prox.comm.tx', 'prox.ground.ambiant', 'prox.ground.reflected', 'prox.ground.delta', 'motor.left.target', 'motor.right.target', '_vbat', '_imot', 'motor.left.speed', 'motor.right.speed', 'motor.left.pwm', 'motor.right.pwm', '_integrator', 'acc', 'leds.top', 'leds.bottom.left', 'leds.bottom.right', 'leds.circle', 'temperature', 'rc5.address', 'rc5.command', 'mic.intensity', 'mic.threshold', 'mic._mean', 'timer.period', 'acc._tap', 'sd.present']
1749830911.6916282 [random_robot_move-3] Robot connected
