1749833169.9335098 [INFO] [launch]: All log files can be found below /home/thymio/ros_logs/2025-06-13-16-46-09-930375-thymio-4667
1749833169.9342113 [INFO] [launch]: Default logging verbosity is set to INFO
1749833170.1545112 [INFO] [random_robot_move-1]: process started with pid [4668]
1749833170.1552749 [INFO] [service_vicon_node-2]: process started with pid [4670]
1749833170.1559091 [INFO] [service_neighbours_opinions-3]: process started with pid [4672]
1749833170.1564436 [INFO] [publish_wind_direction-4]: process started with pid [4674]
1749833171.7702513 [publish_wind_direction-4] /usr/lib/python3/dist-packages/scipy/__init__.py:146: UserWarning: A NumPy version >=1.17.3 and <1.25.0 is required for this version of SciPy (detected version 1.26.4
1749833171.7708521 [publish_wind_direction-4]   warnings.warn(f"A NumPy version >={np_minversion} and <{np_maxversion}"
1749833171.8508337 [service_vicon_node-2] [INFO] [1749833171.849882737] [service_vicon_node]: Physical Ip=192.168.3.70, id=id70
1749833171.8568702 [service_neighbours_opinions-3] [INFO] [1749833171.856008256] [service_neighbours_opinions]: Physical Ip=192.168.3.70, id=id70
1749833171.8630903 [service_neighbours_opinions-3] [INFO] [1749833171.862338274] [service_neighbours_opinions]: Updated ID from mapping: id200
1749833171.8683307 [service_vicon_node-2] [INFO] [1749833171.867567867] [service_vicon_node]: Updated ID from mapping: id200
1749833171.8750849 [service_neighbours_opinions-3] [INFO] [1749833171.874438348] [service_neighbours_opinions]: Subscribed to: wind_direction/id68
1749833171.8798807 [service_neighbours_opinions-3] [INFO] [1749833171.879104719] [service_neighbours_opinions]: Subscribed to: wind_direction/id136
1749833171.8847330 [service_neighbours_opinions-3] [INFO] [1749833171.884020089] [service_neighbours_opinions]: Subscribed to: wind_direction/id137
1749833171.8896251 [service_neighbours_opinions-3] [INFO] [1749833171.888675200] [service_neighbours_opinions]: Subscribed to: wind_direction/id142
1749833171.8959744 [service_neighbours_opinions-3] [INFO] [1749833171.893026071] [service_neighbours_opinions]: Subscribed to: wind_direction/id151
1749833171.8988774 [service_neighbours_opinions-3] [INFO] [1749833171.898018830] [service_neighbours_opinions]: Subscribed to: wind_direction/id152
1749833171.9034235 [service_neighbours_opinions-3] [INFO] [1749833171.902434682] [service_neighbours_opinions]: Subscribed to: wind_direction/id155
1749833171.9138710 [service_neighbours_opinions-3] [INFO] [1749833171.907124330] [service_neighbours_opinions]: Subscribed to: wind_direction/id189
1749833171.9177270 [service_neighbours_opinions-3] [INFO] [1749833171.913321052] [service_neighbours_opinions]: Subscribed to: wind_direction/id192
1749833171.9234447 [service_neighbours_opinions-3] [INFO] [1749833171.918190533] [service_neighbours_opinions]: Subscribed to: wind_direction/id193
1749833171.9334638 [service_neighbours_opinions-3] [INFO] [1749833171.923091274] [service_neighbours_opinions]: Subscribed to: wind_direction/id194
1749833171.9415731 [service_neighbours_opinions-3] [INFO] [1749833171.928741311] [service_neighbours_opinions]: Subscribed to: wind_direction/id195
1749833171.9436510 [service_neighbours_opinions-3] [INFO] [1749833171.933318182] [service_neighbours_opinions]: Subscribed to: wind_direction/id206
1749833171.9444766 [service_neighbours_opinions-3] [INFO] [1749833171.937610830] [service_neighbours_opinions]: Subscribed to: wind_direction/id207
1749833171.9451699 [service_neighbours_opinions-3] [INFO] [1749833171.942089793] [service_neighbours_opinions]: Subscribed to: wind_direction/id223
1749833171.9479885 [service_vicon_node-2] [INFO] [1749833171.936939126] [service_vicon_node]: Subscribed to: vicon/default/data
1749833171.9544759 [service_neighbours_opinions-3] [INFO] [1749833171.946511071] [service_neighbours_opinions]: Subscribed to: wind_direction/id224
1749833171.9644089 [service_neighbours_opinions-3] [INFO] [1749833171.951423571] [service_neighbours_opinions]: Subscribed to: wind_direction/id236
1749833171.9666150 [service_neighbours_opinions-3] [INFO] [1749833171.956215793] [service_neighbours_opinions]: Subscribed to: wind_direction/id247
1749833171.9711871 [service_neighbours_opinions-3] [INFO] [1749833171.960680219] [service_neighbours_opinions]: Subscribed to: wind_direction/id1193
1749833172.3328860 [publish_wind_direction-4] [INFO] [1749833172.332194700] [publish_wind_direction]: Physical Ip=192.168.3.70, id=id70
1749833172.3355162 [publish_wind_direction-4] [INFO] [1749833172.334968533] [publish_wind_direction]: Updated ID from mapping: id200
1749833172.3429749 [publish_wind_direction-4] [INFO] [1749833172.342384959] [publish_wind_direction]: Publsihing on: wind_direction/id200
1749833174.6817744 [service_neighbours_opinions-3] [INFO] [1749833174.680721273] [service_neighbours_opinions]: * Received from id247, wind direction W
1749833174.6873968 [service_neighbours_opinions-3] [INFO] [1749833174.686329606] [service_neighbours_opinions]: All opinions = {'id247': 'W'}
1749833176.0475216 [service_neighbours_opinions-3] [INFO] [1749833176.046509624] [service_neighbours_opinions]: * Received from id194, wind direction W
1749833176.0510375 [service_neighbours_opinions-3] [INFO] [1749833176.050451087] [service_neighbours_opinions]: All opinions = {'id247': 'W', 'id194': 'W'}
1749833176.2589121 [service_neighbours_opinions-3] [INFO] [1749833176.258230309] [service_neighbours_opinions]: * Received from id137, wind direction W
1749833176.2621052 [service_neighbours_opinions-3] [INFO] [1749833176.261537346] [service_neighbours_opinions]: Comm. Noise, new received opinion: N
1749833176.2649753 [service_neighbours_opinions-3] [INFO] [1749833176.264399957] [service_neighbours_opinions]: All opinions = {'id247': 'W', 'id194': 'W', 'id137': 'N'}
1749833176.7241266 [random_robot_move-1] [INFO] [1749833176.723436049] [random_robot_move]: Robot Control Node started.
1749833177.6743109 [service_neighbours_opinions-3] [INFO] [1749833177.673557067] [service_neighbours_opinions]: * Received from id206, wind direction W
1749833177.6776283 [service_neighbours_opinions-3] [INFO] [1749833177.676914678] [service_neighbours_opinions]: All opinions = {'id247': 'W', 'id194': 'W', 'id137': 'N', 'id206': 'W'}
1749833177.8941057 [service_neighbours_opinions-3] [INFO] [1749833177.893447493] [service_neighbours_opinions]: * Received from id193, wind direction W
1749833177.8984780 [service_neighbours_opinions-3] [INFO] [1749833177.897824993] [service_neighbours_opinions]: Comm. Noise, new received opinion: N
1749833177.9028058 [service_neighbours_opinions-3] [INFO] [1749833177.902183271] [service_neighbours_opinions]: All opinions = {'id247': 'W', 'id194': 'W', 'id137': 'N', 'id206': 'W', 'id193': 'N'}
1749833178.6383202 [service_neighbours_opinions-3] [INFO] [1749833178.637571974] [service_neighbours_opinions]: * Received from id207, wind direction W
1749833178.6415577 [service_neighbours_opinions-3] [INFO] [1749833178.640922585] [service_neighbours_opinions]: Comm. Noise, new received opinion: S
1749833178.6445494 [service_neighbours_opinions-3] [INFO] [1749833178.643900715] [service_neighbours_opinions]: All opinions = {'id247': 'W', 'id194': 'W', 'id137': 'N', 'id206': 'W', 'id193': 'N', 'id207': 'S'}
1749833179.9959338 [service_neighbours_opinions-3] [INFO] [1749833179.995202640] [service_neighbours_opinions]: * Received from id247, wind direction W
1749833179.9987757 [service_neighbours_opinions-3] [INFO] [1749833179.998125381] [service_neighbours_opinions]: All opinions = {'id247': 'W', 'id194': 'W', 'id137': 'N', 'id206': 'W', 'id193': 'N', 'id207': 'S'}
1749833181.3558192 [publish_wind_direction-4] [INFO] [1749833181.354731158] [publish_wind_direction]: Pose info requested
1749833181.3671529 [service_vicon_node-2] [INFO] [1749833181.366383824] [service_vicon_node]: Request received. Responding with pos=array('f', [1058.725830078125, 1118.94921875]), yaw=-103.69818620091414, neigh=['id136', 'id195', 'id155', 'id194', 'id192', 'id223', 'id207', 'id68', 'id206', 'id193', 'id152', 'id189', 'id247', 'id224']Response to be returned: service_messages.srv.GetPoseData_Response(my_position_xy=[1058.725830078125, 1118.94921875], my_vicon_yaw=-103.69818620091414, neighbours_by_id=['id136', 'id195', 'id155', 'id194', 'id192', 'id223', 'id207', 'id68', 'id206', 'id193', 'id152', 'id189', 'id247', 'id224'])
1749833181.3798618 [publish_wind_direction-4] [INFO] [1749833181.379025676] [publish_wind_direction]: Pose Response: pos=array('f', [1058.725830078125, 1118.94921875]) yaw=-103.69818878173828
1749833181.3833771 [publish_wind_direction-4] [INFO] [1749833181.382767898] [publish_wind_direction]: ***Cam angle= -242.54810692869128, vico ang deg= -103.69818878173828 Ground Truth= 13.753704289570464
1749833181.3869207 [publish_wind_direction-4] [INFO] [1749833181.386258676] [publish_wind_direction]: Neighbour info requested
1749833181.3947740 [service_neighbours_opinions-3] [INFO] [1749833181.393054935] [service_neighbours_opinions]: Requested ['id136', 'id195', 'id155', 'id194', 'id192', 'id223', 'id207', 'id68', 'id206', 'id193', 'id152', 'id189', 'id247', 'id224'], responding ['W', 'S', 'W', 'N', 'W']
1749833181.4002135 [publish_wind_direction-4] [INFO] [1749833181.399535046] [publish_wind_direction]: Neighbour Opinion Response: service_messages.srv.GetOpinionData_Response(neighbours_opinions=['W', 'S', 'W', 'N', 'W'])
1749833181.4026983 [publish_wind_direction-4] [INFO] [1749833181.402176954] [publish_wind_direction]: Inside Decision Making, neighbours opinion: ['W', 'S', 'W', 'N', 'W']
1749833181.4051771 [publish_wind_direction-4] [INFO] [1749833181.404660435] [publish_wind_direction]: Inside Decision Making, computed social info: {'W': 3, 'S': 1, 'N': 1}
1749833181.4076619 [publish_wind_direction-4] [INFO] [1749833181.407098398] [publish_wind_direction]: Inside Decision Making, My Wind Direction: N
1749833181.4102433 [publish_wind_direction-4] [INFO] [1749833181.409659491] [publish_wind_direction]: Inside Decision Making, Decision dict: {'N': 3.0, 'S': 1.0, 'E': 0.0, 'W': 3.0}
1749833181.4138129 [publish_wind_direction-4] [INFO] [1749833181.413281657] [publish_wind_direction]: Publishing: id200:W
1749833181.4163287 [publish_wind_direction-4] [INFO] [1749833181.415800546] [publish_wind_direction]: TIME: Decision making completed at: 16:46:21.
1749833181.4187796 [publish_wind_direction-4] [INFO] [1749833181.418206195] [publish_wind_direction]: -----------------------------------------------------
1749833181.7852581 [service_neighbours_opinions-3] [INFO] [1749833181.784566713] [service_neighbours_opinions]: * Received from id137, wind direction W
1749833181.7880864 [service_neighbours_opinions-3] [INFO] [1749833181.787502954] [service_neighbours_opinions]: All opinions = {'id247': 'W', 'id194': 'W', 'id137': 'W', 'id206': 'W', 'id193': 'N', 'id207': 'S'}
1749833181.9635663 [service_vicon_node-2] [INFO] [1749833181.962719750] [service_vicon_node]: Vicon Position= [1062.9788818359375, 1141.29833984375], yaw: -92.79851692743652
1749833181.9668078 [service_vicon_node-2] [INFO] [1749833181.965998842] [service_vicon_node]: Neighbours: {'id136', 'id195', 'id155', 'id194', 'id192', 'id223', 'id207', 'id68', 'id193', 'id152', 'id189', 'id247', 'id224'}
1749833182.7680402 [service_neighbours_opinions-3] [INFO] [1749833182.767326620] [service_neighbours_opinions]: * Received from id193, wind direction W
1749833182.7708998 [service_neighbours_opinions-3] [INFO] [1749833182.770263434] [service_neighbours_opinions]: All opinions = {'id247': 'W', 'id194': 'W', 'id137': 'W', 'id206': 'W', 'id193': 'W', 'id207': 'S'}
1749833183.2619798 [service_neighbours_opinions-3] [INFO] [1749833183.261196823] [service_neighbours_opinions]: * Received from id206, wind direction W
1749833183.2678423 [service_neighbours_opinions-3] [INFO] [1749833183.266774008] [service_neighbours_opinions]: All opinions = {'id247': 'W', 'id194': 'W', 'id137': 'W', 'id206': 'W', 'id193': 'W', 'id207': 'S'}
1749833183.7585993 [service_neighbours_opinions-3] [INFO] [1749833183.757703749] [service_neighbours_opinions]: * Received from id207, wind direction E
1749833183.7637963 [service_neighbours_opinions-3] [INFO] [1749833183.763064063] [service_neighbours_opinions]: Comm. Noise, new received opinion: W
1749833183.7679033 [service_neighbours_opinions-3] [INFO] [1749833183.767090712] [service_neighbours_opinions]: All opinions = {'id247': 'W', 'id194': 'W', 'id137': 'W', 'id206': 'W', 'id193': 'W', 'id207': 'W'}
1749833184.3671293 [service_neighbours_opinions-3] [INFO] [1749833184.366382415] [service_neighbours_opinions]: * Received from id142, wind direction W
1749833184.3708978 [service_neighbours_opinions-3] [INFO] [1749833184.370291433] [service_neighbours_opinions]: All opinions = {'id247': 'W', 'id194': 'W', 'id137': 'W', 'id206': 'W', 'id193': 'W', 'id207': 'W', 'id142': 'W'}
1749833184.7358205 [service_neighbours_opinions-3] [INFO] [1749833184.735135711] [service_neighbours_opinions]: * Received from id247, wind direction W
1749833184.7385643 [service_neighbours_opinions-3] [INFO] [1749833184.737989044] [service_neighbours_opinions]: All opinions = {'id247': 'W', 'id194': 'W', 'id137': 'W', 'id206': 'W', 'id193': 'W', 'id207': 'W', 'id142': 'W'}
1749833186.6742401 [publish_wind_direction-4] [INFO] [1749833186.673598006] [publish_wind_direction]: Pose info requested
1749833186.6781757 [service_vicon_node-2] [INFO] [1749833186.677464191] [service_vicon_node]: Request received. Responding with pos=array('f', [1053.5172119140625, 1068.1876220703125]), yaw=-32.467159827983245, neigh=['id136', 'id195', 'id155', 'id194', 'id192', 'id223', 'id207', 'id68', 'id193', 'id152', 'id189', 'id247', 'id224']Response to be returned: service_messages.srv.GetPoseData_Response(my_position_xy=[1053.5172119140625, 1068.1876220703125], my_vicon_yaw=-32.467159827983245, neighbours_by_id=['id136', 'id195', 'id155', 'id194', 'id192', 'id223', 'id207', 'id68', 'id193', 'id152', 'id189', 'id247', 'id224'])
1749833186.6821792 [publish_wind_direction-4] [INFO] [1749833186.681588617] [publish_wind_direction]: Pose Response: pos=array('f', [1053.5172119140625, 1068.1876220703125]) yaw=-32.467159271240234
1749833186.6847997 [publish_wind_direction-4] [INFO] [1749833186.684255877] [publish_wind_direction]: ***Cam angle= -250.18486956431462, vico ang deg= -32.467159271240234 Ground Truth= 77.34797116444514
1749833186.6874018 [publish_wind_direction-4] [INFO] [1749833186.686817469] [publish_wind_direction]: Neighbour info requested
1749833186.6918266 [service_neighbours_opinions-3] [INFO] [1749833186.691131451] [service_neighbours_opinions]: Requested ['id136', 'id195', 'id155', 'id194', 'id192', 'id223', 'id207', 'id68', 'id193', 'id152', 'id189', 'id247', 'id224'], responding ['W', 'W', 'W', 'W']
1749833186.6978996 [publish_wind_direction-4] [INFO] [1749833186.697312062] [publish_wind_direction]: Neighbour Opinion Response: service_messages.srv.GetOpinionData_Response(neighbours_opinions=['W', 'W', 'W', 'W'])
1749833186.7014537 [publish_wind_direction-4] [INFO] [1749833186.700933525] [publish_wind_direction]: Inside Decision Making, neighbours opinion: ['W', 'W', 'W', 'W']
1749833186.7049754 [publish_wind_direction-4] [INFO] [1749833186.704457525] [publish_wind_direction]: Inside Decision Making, computed social info: {'W': 4}
1749833186.7092967 [publish_wind_direction-4] [INFO] [1749833186.708647414] [publish_wind_direction]: Inside Decision Making, My Wind Direction: W
1749833186.7128572 [publish_wind_direction-4] [INFO] [1749833186.712323173] [publish_wind_direction]: Inside Decision Making, Decision dict: {'N': 0.0, 'S': 0.0, 'E': 0.0, 'W': 5.6}
1749833186.7178109 [publish_wind_direction-4] [INFO] [1749833186.717224802] [publish_wind_direction]: Publishing: id200:W
1749833186.7215827 [publish_wind_direction-4] [INFO] [1749833186.721022043] [publish_wind_direction]: TIME: Decision making completed at: 16:46:26.
1749833186.7250001 [publish_wind_direction-4] [INFO] [1749833186.724440932] [publish_wind_direction]: -----------------------------------------------------
1749833187.0721374 [service_neighbours_opinions-3] [INFO] [1749833187.071380710] [service_neighbours_opinions]: * Received from id136, wind direction W
1749833187.0750067 [service_neighbours_opinions-3] [INFO] [1749833187.074372173] [service_neighbours_opinions]: All opinions = {'id247': 'W', 'id194': 'W', 'id137': 'W', 'id206': 'W', 'id193': 'W', 'id207': 'W', 'id142': 'W', 'id136': 'W'}
1749833187.7487309 [service_neighbours_opinions-3] [INFO] [1749833187.747680154] [service_neighbours_opinions]: * Received from id206, wind direction W
1749833187.7521062 [service_neighbours_opinions-3] [INFO] [1749833187.751223987] [service_neighbours_opinions]: Comm. Noise, new received opinion: N
1749833187.7560663 [service_neighbours_opinions-3] [INFO] [1749833187.754490561] [service_neighbours_opinions]: All opinions = {'id247': 'W', 'id194': 'W', 'id137': 'W', 'id206': 'N', 'id193': 'W', 'id207': 'W', 'id142': 'W', 'id136': 'W'}
1749833187.8502917 [service_neighbours_opinions-3] [INFO] [1749833187.849503098] [service_neighbours_opinions]: * Received from id193, wind direction W
1749833187.8542280 [service_neighbours_opinions-3] [INFO] [1749833187.853571950] [service_neighbours_opinions]: All opinions = {'id247': 'W', 'id194': 'W', 'id137': 'W', 'id206': 'N', 'id193': 'W', 'id207': 'W', 'id142': 'W', 'id136': 'W'}
1749833188.6327429 [service_neighbours_opinions-3] [INFO] [1749833188.631938561] [service_neighbours_opinions]: * Received from id207, wind direction W
1749833188.6372857 [service_neighbours_opinions-3] [INFO] [1749833188.636563190] [service_neighbours_opinions]: Comm. Noise, new received opinion: S
1749833188.6405091 [service_neighbours_opinions-3] [INFO] [1749833188.639799912] [service_neighbours_opinions]: All opinions = {'id247': 'W', 'id194': 'W', 'id137': 'W', 'id206': 'N', 'id193': 'W', 'id207': 'S', 'id142': 'W', 'id136': 'W'}
1749833189.1122696 [service_neighbours_opinions-3] [INFO] [1749833189.111558579] [service_neighbours_opinions]: * Received from id142, wind direction W
1749833189.1158421 [service_neighbours_opinions-3] [INFO] [1749833189.115132208] [service_neighbours_opinions]: All opinions = {'id247': 'W', 'id194': 'W', 'id137': 'W', 'id206': 'N', 'id193': 'W', 'id207': 'S', 'id142': 'W', 'id136': 'W'}
1749833189.6253345 [service_neighbours_opinions-3] [INFO] [1749833189.624471930] [service_neighbours_opinions]: * Received from id247, wind direction W
1749833189.6285112 [service_neighbours_opinions-3] [INFO] [1749833189.627937393] [service_neighbours_opinions]: All opinions = {'id247': 'W', 'id194': 'W', 'id137': 'W', 'id206': 'N', 'id193': 'W', 'id207': 'S', 'id142': 'W', 'id136': 'W'}
1749833190.0338671 [service_neighbours_opinions-3] [INFO] [1749833190.033196838] [service_neighbours_opinions]: * Received from id236, wind direction W
1749833190.0380194 [service_neighbours_opinions-3] [INFO] [1749833190.037366597] [service_neighbours_opinions]: All opinions = {'id247': 'W', 'id194': 'W', 'id137': 'W', 'id206': 'N', 'id193': 'W', 'id207': 'S', 'id142': 'W', 'id136': 'W', 'id236': 'W'}
1749833191.5807445 [publish_wind_direction-4] [INFO] [1749833191.580065503] [publish_wind_direction]: Pose info requested
1749833191.5851092 [service_vicon_node-2] [INFO] [1749833191.584426633] [service_vicon_node]: Request received. Responding with pos=array('f', [893.0816650390625, 1072.74267578125]), yaw=-52.923156365913826, neigh=['id136', 'id195', 'id155', 'id194', 'id192', 'id223', 'id207', 'id236', 'id68', 'id193', 'id152', 'id189', 'id1193', 'id247', 'id224']Response to be returned: service_messages.srv.GetPoseData_Response(my_position_xy=[893.0816650390625, 1072.74267578125], my_vicon_yaw=-52.923156365913826, neighbours_by_id=['id136', 'id195', 'id155', 'id194', 'id192', 'id223', 'id207', 'id236', 'id68', 'id193', 'id152', 'id189', 'id1193', 'id247', 'id224'])
1749833191.5894947 [publish_wind_direction-4] [INFO] [1749833191.588908781] [publish_wind_direction]: Pose Response: pos=array('f', [893.0816650390625, 1072.74267578125]) yaw=-52.92315673828125
1749833191.5923271 [publish_wind_direction-4] [INFO] [1749833191.591762929] [publish_wind_direction]: ***Cam angle= 77.69584330549895, vico ang deg= -52.92315673828125 Ground Truth= 24.772686567217704
1749833191.5950201 [publish_wind_direction-4] [INFO] [1749833191.594444374] [publish_wind_direction]: Neighbour info requested
1749833191.5995061 [service_neighbours_opinions-3] [INFO] [1749833191.598819503] [service_neighbours_opinions]: Requested ['id136', 'id195', 'id155', 'id194', 'id192', 'id223', 'id207', 'id236', 'id68', 'id193', 'id152', 'id189', 'id1193', 'id247', 'id224'], responding ['W', 'W', 'S', 'W', 'W', 'W']
1749833191.6036389 [publish_wind_direction-4] [INFO] [1749833191.603017503] [publish_wind_direction]: Neighbour Opinion Response: service_messages.srv.GetOpinionData_Response(neighbours_opinions=['W', 'W', 'S', 'W', 'W', 'W'])
1749833191.6062112 [publish_wind_direction-4] [INFO] [1749833191.605670003] [publish_wind_direction]: Inside Decision Making, neighbours opinion: ['W', 'W', 'S', 'W', 'W', 'W']
1749833191.6087451 [publish_wind_direction-4] [INFO] [1749833191.608220670] [publish_wind_direction]: Inside Decision Making, computed social info: {'W': 5, 'S': 1}
1749833191.6112971 [publish_wind_direction-4] [INFO] [1749833191.610613207] [publish_wind_direction]: Inside Decision Making, My Wind Direction: N
1749833191.6140802 [publish_wind_direction-4] [INFO] [1749833191.613535966] [publish_wind_direction]: Inside Decision Making, Decision dict: {'N': 2.4000000000000004, 'S': 1.0, 'E': 0.0, 'W': 5.0}
1749833191.6174467 [publish_wind_direction-4] [INFO] [1749833191.616910874] [publish_wind_direction]: Publishing: id200:W
1749833191.6199248 [publish_wind_direction-4] [INFO] [1749833191.619395725] [publish_wind_direction]: TIME: Decision making completed at: 16:46:31.
1749833191.6222997 [publish_wind_direction-4] [INFO] [1749833191.621774411] [publish_wind_direction]: -----------------------------------------------------
1749833191.9415286 [service_neighbours_opinions-3] [INFO] [1749833191.940856059] [service_neighbours_opinions]: * Received from id136, wind direction W
1749833191.9445210 [service_neighbours_opinions-3] [INFO] [1749833191.943881114] [service_neighbours_opinions]: All opinions = {'id247': 'W', 'id194': 'W', 'id137': 'W', 'id206': 'N', 'id193': 'W', 'id207': 'S', 'id142': 'W', 'id136': 'W', 'id236': 'W'}
1749833191.9893219 [service_vicon_node-2] [INFO] [1749833191.988671577] [service_vicon_node]: Vicon Position= [875.7509765625, 1073.75048828125], yaw: -22.27193424176189
1749833191.9920108 [service_vicon_node-2] [INFO] [1749833191.991408744] [service_vicon_node]: Neighbours: {'id136', 'id195', 'id155', 'id194', 'id192', 'id223', 'id207', 'id236', 'id68', 'id193', 'id152', 'id189', 'id1193', 'id247', 'id224'}
1749833192.6941850 [service_neighbours_opinions-3] [INFO] [1749833192.693031503] [service_neighbours_opinions]: * Received from id206, wind direction W
1749833192.6974630 [service_neighbours_opinions-3] [INFO] [1749833192.696735873] [service_neighbours_opinions]: Comm. Noise, new received opinion: S
1749833192.7006223 [service_neighbours_opinions-3] [INFO] [1749833192.699924151] [service_neighbours_opinions]: All opinions = {'id247': 'W', 'id194': 'W', 'id137': 'W', 'id206': 'S', 'id193': 'W', 'id207': 'S', 'id142': 'W', 'id136': 'W', 'id236': 'W'}
1749833192.7663083 [service_neighbours_opinions-3] [INFO] [1749833192.765385577] [service_neighbours_opinions]: * Received from id193, wind direction W
1749833192.7692366 [service_neighbours_opinions-3] [INFO] [1749833192.768394614] [service_neighbours_opinions]: All opinions = {'id247': 'W', 'id194': 'W', 'id137': 'W', 'id206': 'S', 'id193': 'W', 'id207': 'S', 'id142': 'W', 'id136': 'W', 'id236': 'W'}
1749833193.7087762 [service_neighbours_opinions-3] [INFO] [1749833193.707738261] [service_neighbours_opinions]: * Received from id207, wind direction W
1749833193.7115476 [service_neighbours_opinions-3] [INFO] [1749833193.710749706] [service_neighbours_opinions]: All opinions = {'id247': 'W', 'id194': 'W', 'id137': 'W', 'id206': 'S', 'id193': 'W', 'id207': 'W', 'id142': 'W', 'id136': 'W', 'id236': 'W'}
1749833193.8599765 [service_neighbours_opinions-3] [INFO] [1749833193.859190057] [service_neighbours_opinions]: * Received from id142, wind direction W
1749833193.8634844 [service_neighbours_opinions-3] [INFO] [1749833193.862847039] [service_neighbours_opinions]: Comm. Noise, new received opinion: N
1749833193.8664148 [service_neighbours_opinions-3] [INFO] [1749833193.865773354] [service_neighbours_opinions]: All opinions = {'id247': 'W', 'id194': 'W', 'id137': 'W', 'id206': 'S', 'id193': 'W', 'id207': 'W', 'id142': 'N', 'id136': 'W', 'id236': 'W'}
1749833193.9869859 [service_neighbours_opinions-3] [INFO] [1749833193.986237983] [service_neighbours_opinions]: * Received from id1193, wind direction W
1749833193.9914017 [service_neighbours_opinions-3] [INFO] [1749833193.990759317] [service_neighbours_opinions]: Comm. Noise, new received opinion: S
1749833193.9952984 [service_neighbours_opinions-3] [INFO] [1749833193.994666094] [service_neighbours_opinions]: All opinions = {'id247': 'W', 'id194': 'W', 'id137': 'W', 'id206': 'S', 'id193': 'W', 'id207': 'W', 'id142': 'N', 'id136': 'W', 'id236': 'W', 'id1193': 'S'}
1749833194.1880529 [service_neighbours_opinions-3] [INFO] [1749833194.187151576] [service_neighbours_opinions]: * Received from id236, wind direction W
1749833194.1913822 [service_neighbours_opinions-3] [INFO] [1749833194.190811076] [service_neighbours_opinions]: Comm. Noise, new received opinion: E
1749833194.1950781 [service_neighbours_opinions-3] [INFO] [1749833194.194494409] [service_neighbours_opinions]: All opinions = {'id247': 'W', 'id194': 'W', 'id137': 'W', 'id206': 'S', 'id193': 'W', 'id207': 'W', 'id142': 'N', 'id136': 'W', 'id236': 'E', 'id1193': 'S'}
1749833194.8741319 [service_neighbours_opinions-3] [INFO] [1749833194.873385409] [service_neighbours_opinions]: * Received from id247, wind direction W
1749833194.8785887 [service_neighbours_opinions-3] [INFO] [1749833194.877944946] [service_neighbours_opinions]: All opinions = {'id247': 'W', 'id194': 'W', 'id137': 'W', 'id206': 'S', 'id193': 'W', 'id207': 'W', 'id142': 'N', 'id136': 'W', 'id236': 'E', 'id1193': 'S'}
1749833196.1966779 [publish_wind_direction-4] [INFO] [1749833196.196008593] [publish_wind_direction]: Pose info requested
1749833196.2018659 [service_vicon_node-2] [INFO] [1749833196.201129649] [service_vicon_node]: Request received. Responding with pos=array('f', [740.1849365234375, 1084.071044921875]), yaw=-33.80977400429281, neigh=['id136', 'id195', 'id155', 'id194', 'id192', 'id223', 'id207', 'id151', 'id236', 'id68', 'id193', 'id152', 'id189', 'id1193', 'id247', 'id224']Response to be returned: service_messages.srv.GetPoseData_Response(my_position_xy=[740.1849365234375, 1084.071044921875], my_vicon_yaw=-33.80977400429281, neighbours_by_id=['id136', 'id195', 'id155', 'id194', 'id192', 'id223', 'id207', 'id151', 'id236', 'id68', 'id193', 'id152', 'id189', 'id1193', 'id247', 'id224'])
1749833196.2066381 [publish_wind_direction-4] [INFO] [1749833196.206036871] [publish_wind_direction]: Pose Response: pos=array('f', [740.1849365234375, 1084.071044921875]) yaw=-33.80977249145508
1749833196.2094023 [publish_wind_direction-4] [INFO] [1749833196.208855686] [publish_wind_direction]: ***Cam angle= -999.0, vico ang deg= -33.80977249145508 Ground Truth= 47.19022750854492
1749833196.2121661 [publish_wind_direction-4] [INFO] [1749833196.211586093] [publish_wind_direction]: Neighbour info requested
1749833196.2182844 [service_neighbours_opinions-3] [INFO] [1749833196.217643241] [service_neighbours_opinions]: Requested ['id136', 'id195', 'id155', 'id194', 'id192', 'id223', 'id207', 'id151', 'id236', 'id68', 'id193', 'id152', 'id189', 'id1193', 'id247', 'id224'], responding ['W', 'W', 'W', 'E', 'W', 'S', 'W']
1749833196.2230792 [publish_wind_direction-4] [INFO] [1749833196.222445908] [publish_wind_direction]: Neighbour Opinion Response: service_messages.srv.GetOpinionData_Response(neighbours_opinions=['W', 'W', 'W', 'E', 'W', 'S', 'W'])
1749833196.2258852 [publish_wind_direction-4] [INFO] [1749833196.225330445] [publish_wind_direction]: Inside Decision Making, neighbours opinion: ['W', 'W', 'W', 'E', 'W', 'S', 'W']
1749833196.2285962 [publish_wind_direction-4] [INFO] [1749833196.228041426] [publish_wind_direction]: Inside Decision Making, computed social info: {'W': 5, 'E': 1, 'S': 1}
1749833196.2320845 [publish_wind_direction-4] [INFO] [1749833196.231360778] [publish_wind_direction]: Inside Decision Making, My Wind Direction: W
1749833196.2352886 [publish_wind_direction-4] [INFO] [1749833196.234563241] [publish_wind_direction]: Inside Decision Making, Decision dict: {'N': 0.0, 'S': 1.0, 'E': 1.0, 'W': 7.800000000000001}
1749833196.2386115 [publish_wind_direction-4] [INFO] [1749833196.238083871] [publish_wind_direction]: Publishing: id200:W
1749833196.2412832 [publish_wind_direction-4] [INFO] [1749833196.240666889] [publish_wind_direction]: TIME: Decision making completed at: 16:46:36.
1749833196.2438350 [publish_wind_direction-4] [INFO] [1749833196.243250926] [publish_wind_direction]: -----------------------------------------------------
1749833196.9550178 [service_neighbours_opinions-3] [INFO] [1749833196.954349759] [service_neighbours_opinions]: * Received from id136, wind direction W
1749833197.0255694 [service_neighbours_opinions-3] [INFO] [1749833196.958650093] [service_neighbours_opinions]: All opinions = {'id247': 'W', 'id194': 'W', 'id137': 'W', 'id206': 'S', 'id193': 'W', 'id207': 'W', 'id142': 'N', 'id136': 'W', 'id236': 'E', 'id1193': 'S'}
1749833197.7457416 [service_neighbours_opinions-3] [INFO] [1749833197.745049518] [service_neighbours_opinions]: * Received from id193, wind direction W
1749833197.7493458 [service_neighbours_opinions-3] [INFO] [1749833197.748653870] [service_neighbours_opinions]: All opinions = {'id247': 'W', 'id194': 'W', 'id137': 'W', 'id206': 'S', 'id193': 'W', 'id207': 'W', 'id142': 'N', 'id136': 'W', 'id236': 'E', 'id1193': 'S'}
1749833198.3183973 [service_neighbours_opinions-3] [INFO] [1749833198.317533740] [service_neighbours_opinions]: * Received from id206, wind direction W
1749833198.3231382 [service_neighbours_opinions-3] [INFO] [1749833198.322489796] [service_neighbours_opinions]: All opinions = {'id247': 'W', 'id194': 'W', 'id137': 'W', 'id206': 'W', 'id193': 'W', 'id207': 'W', 'id142': 'N', 'id136': 'W', 'id236': 'E', 'id1193': 'S'}
1749833198.8220561 [service_neighbours_opinions-3] [INFO] [1749833198.821149480] [service_neighbours_opinions]: * Received from id142, wind direction W
1749833198.8248584 [service_neighbours_opinions-3] [INFO] [1749833198.824027536] [service_neighbours_opinions]: All opinions = {'id247': 'W', 'id194': 'W', 'id137': 'W', 'id206': 'W', 'id193': 'W', 'id207': 'W', 'id142': 'W', 'id136': 'W', 'id236': 'E', 'id1193': 'S'}
1749833199.1781712 [service_neighbours_opinions-3] [INFO] [1749833199.176957647] [service_neighbours_opinions]: * Received from id152, wind direction W
1749833199.1807153 [service_neighbours_opinions-3] [INFO] [1749833199.180010536] [service_neighbours_opinions]: Comm. Noise, new received opinion: S
1749833199.1841171 [service_neighbours_opinions-3] [INFO] [1749833199.183450128] [service_neighbours_opinions]: All opinions = {'id247': 'W', 'id194': 'W', 'id137': 'W', 'id206': 'W', 'id193': 'W', 'id207': 'W', 'id142': 'W', 'id136': 'W', 'id236': 'E', 'id1193': 'S', 'id152': 'S'}
1749833199.1928620 [service_neighbours_opinions-3] [INFO] [1749833199.191530795] [service_neighbours_opinions]: * Received from id236, wind direction W
1749833199.1951189 [service_neighbours_opinions-3] [INFO] [1749833199.194310017] [service_neighbours_opinions]: All opinions = {'id247': 'W', 'id194': 'W', 'id137': 'W', 'id206': 'W', 'id193': 'W', 'id207': 'W', 'id142': 'W', 'id136': 'W', 'id236': 'W', 'id1193': 'S', 'id152': 'S'}
1749833199.1997311 [service_neighbours_opinions-3] [INFO] [1749833199.199072536] [service_neighbours_opinions]: * Received from id1193, wind direction W
1749833199.2024598 [service_neighbours_opinions-3] [INFO] [1749833199.201870906] [service_neighbours_opinions]: All opinions = {'id247': 'W', 'id194': 'W', 'id137': 'W', 'id206': 'W', 'id193': 'W', 'id207': 'W', 'id142': 'W', 'id136': 'W', 'id236': 'W', 'id1193': 'W', 'id152': 'S'}
1749833199.6006436 [service_neighbours_opinions-3] [INFO] [1749833199.599948850] [service_neighbours_opinions]: * Received from id247, wind direction W
1749833199.6046371 [service_neighbours_opinions-3] [INFO] [1749833199.604046906] [service_neighbours_opinions]: All opinions = {'id247': 'W', 'id194': 'W', 'id137': 'W', 'id206': 'W', 'id193': 'W', 'id207': 'W', 'id142': 'W', 'id136': 'W', 'id236': 'W', 'id1193': 'W', 'id152': 'S'}
1749833201.2036550 [publish_wind_direction-4] [INFO] [1749833201.202901775] [publish_wind_direction]: Pose info requested
1749833201.2084823 [service_vicon_node-2] [INFO] [1749833201.207833794] [service_vicon_node]: Request received. Responding with pos=array('f', [746.2396850585938, 1106.0557861328125]), yaw=21.764734386639777, neigh=['id136', 'id195', 'id155', 'id194', 'id192', 'id223', 'id207', 'id151', 'id236', 'id68', 'id193', 'id152', 'id189', 'id247', 'id224']Response to be returned: service_messages.srv.GetPoseData_Response(my_position_xy=[746.2396850585938, 1106.0557861328125], my_vicon_yaw=21.764734386639777, neighbours_by_id=['id136', 'id195', 'id155', 'id194', 'id192', 'id223', 'id207', 'id151', 'id236', 'id68', 'id193', 'id152', 'id189', 'id247', 'id224'])
1749833201.2131119 [publish_wind_direction-4] [INFO] [1749833201.212506479] [publish_wind_direction]: Pose Response: pos=array('f', [746.2396850585938, 1106.0557861328125]) yaw=21.764734268188477
1749833201.2159843 [publish_wind_direction-4] [INFO] [1749833201.215422109] [publish_wind_direction]: ***Cam angle= -254.58589206378045, vico ang deg= 21.764734268188477 Ground Truth= 127.17884220440803
1749833201.2186735 [publish_wind_direction-4] [INFO] [1749833201.218105498] [publish_wind_direction]: Neighbour info requested
1749833201.2247992 [service_neighbours_opinions-3] [INFO] [1749833201.224117053] [service_neighbours_opinions]: Requested ['id136', 'id195', 'id155', 'id194', 'id192', 'id223', 'id207', 'id151', 'id236', 'id68', 'id193', 'id152', 'id189', 'id247', 'id224'], responding ['W', 'W', 'W', 'W', 'W', 'S', 'W']
1749833201.2293422 [publish_wind_direction-4] [INFO] [1749833201.228710831] [publish_wind_direction]: Neighbour Opinion Response: service_messages.srv.GetOpinionData_Response(neighbours_opinions=['W', 'W', 'W', 'W', 'W', 'S', 'W'])
1749833201.2321086 [publish_wind_direction-4] [INFO] [1749833201.231526127] [publish_wind_direction]: Inside Decision Making, neighbours opinion: ['W', 'W', 'W', 'W', 'W', 'S', 'W']
1749833201.2347863 [publish_wind_direction-4] [INFO] [1749833201.234239442] [publish_wind_direction]: Inside Decision Making, computed social info: {'W': 6, 'S': 1}
1749833201.2374427 [publish_wind_direction-4] [INFO] [1749833201.236906312] [publish_wind_direction]: Inside Decision Making, My Wind Direction: W
1749833201.2402053 [publish_wind_direction-4] [INFO] [1749833201.239604053] [publish_wind_direction]: Inside Decision Making, Decision dict: {'N': 0.0, 'S': 1.0, 'E': 0.0, 'W': 8.8}
1749833201.2446012 [publish_wind_direction-4] [INFO] [1749833201.243945294] [publish_wind_direction]: Publishing: id200:W
1749833201.2477584 [publish_wind_direction-4] [INFO] [1749833201.247000738] [publish_wind_direction]: TIME: Decision making completed at: 16:46:41.
1749833201.2503753 [publish_wind_direction-4] [INFO] [1749833201.249599053] [publish_wind_direction]: -----------------------------------------------------
1749833202.0919030 [service_vicon_node-2] [INFO] [1749833202.091013386] [service_vicon_node]: Vicon Position= [707.4854736328125, 1083.89404296875], yaw: -27.104655400455144
1749833202.0949154 [service_vicon_node-2] [INFO] [1749833202.093959071] [service_vicon_node]: Neighbours: {'id136', 'id195', 'id155', 'id194', 'id192', 'id223', 'id207', 'id151', 'id236', 'id68', 'id193', 'id152', 'id189', 'id247', 'id224'}
1749833202.6257186 [service_neighbours_opinions-3] [INFO] [1749833202.624755311] [service_neighbours_opinions]: * Received from id136, wind direction W
1749833202.6287339 [service_neighbours_opinions-3] [INFO] [1749833202.627802034] [service_neighbours_opinions]: All opinions = {'id247': 'W', 'id194': 'W', 'id137': 'W', 'id206': 'W', 'id193': 'W', 'id207': 'W', 'id142': 'W', 'id136': 'W', 'id236': 'W', 'id1193': 'W', 'id152': 'S'}
1749833202.7325768 [service_neighbours_opinions-3] [INFO] [1749833202.731876052] [service_neighbours_opinions]: * Received from id206, wind direction W
1749833202.7381465 [service_neighbours_opinions-3] [INFO] [1749833202.737434793] [service_neighbours_opinions]: All opinions = {'id247': 'W', 'id194': 'W', 'id137': 'W', 'id206': 'W', 'id193': 'W', 'id207': 'W', 'id142': 'W', 'id136': 'W', 'id236': 'W', 'id1193': 'W', 'id152': 'S'}
1749833203.1592963 [service_neighbours_opinions-3] [INFO] [1749833203.158433311] [service_neighbours_opinions]: * Received from id193, wind direction W
1749833203.1637321 [service_neighbours_opinions-3] [INFO] [1749833203.162990811] [service_neighbours_opinions]: All opinions = {'id247': 'W', 'id194': 'W', 'id137': 'W', 'id206': 'W', 'id193': 'W', 'id207': 'W', 'id142': 'W', 'id136': 'W', 'id236': 'W', 'id1193': 'W', 'id152': 'S'}
1749833203.7155373 [service_neighbours_opinions-3] [INFO] [1749833203.714856200] [service_neighbours_opinions]: * Received from id152, wind direction W
1749833203.7182922 [service_neighbours_opinions-3] [INFO] [1749833203.717655403] [service_neighbours_opinions]: All opinions = {'id247': 'W', 'id194': 'W', 'id137': 'W', 'id206': 'W', 'id193': 'W', 'id207': 'W', 'id142': 'W', 'id136': 'W', 'id236': 'W', 'id1193': 'W', 'id152': 'W'}
1749833203.9175546 [service_neighbours_opinions-3] [INFO] [1749833203.916884200] [service_neighbours_opinions]: * Received from id142, wind direction W
1749833203.9205906 [service_neighbours_opinions-3] [INFO] [1749833203.919979385] [service_neighbours_opinions]: All opinions = {'id247': 'W', 'id194': 'W', 'id137': 'W', 'id206': 'W', 'id193': 'W', 'id207': 'W', 'id142': 'W', 'id136': 'W', 'id236': 'W', 'id1193': 'W', 'id152': 'W'}
1749833204.0516140 [service_neighbours_opinions-3] [INFO] [1749833204.050476514] [service_neighbours_opinions]: * Received from id1193, wind direction S
1749833204.0539722 [service_neighbours_opinions-3] [INFO] [1749833204.053396218] [service_neighbours_opinions]: All opinions = {'id247': 'W', 'id194': 'W', 'id137': 'W', 'id206': 'W', 'id193': 'W', 'id207': 'W', 'id142': 'W', 'id136': 'W', 'id236': 'W', 'id1193': 'S', 'id152': 'W'}
1749833204.1643076 [service_neighbours_opinions-3] [INFO] [1749833204.163389459] [service_neighbours_opinions]: * Received from id236, wind direction W
1749833204.1674900 [service_neighbours_opinions-3] [INFO] [1749833204.166710699] [service_neighbours_opinions]: Comm. Noise, new received opinion: S
1749833204.1703341 [service_neighbours_opinions-3] [INFO] [1749833204.169682514] [service_neighbours_opinions]: All opinions = {'id247': 'W', 'id194': 'W', 'id137': 'W', 'id206': 'W', 'id193': 'W', 'id207': 'W', 'id142': 'W', 'id136': 'W', 'id236': 'S', 'id1193': 'S', 'id152': 'W'}
1749833204.9654055 [service_neighbours_opinions-3] [INFO] [1749833204.964600625] [service_neighbours_opinions]: * Received from id247, wind direction W
1749833204.9729345 [service_neighbours_opinions-3] [INFO] [1749833204.972284810] [service_neighbours_opinions]: All opinions = {'id247': 'W', 'id194': 'W', 'id137': 'W', 'id206': 'W', 'id193': 'W', 'id207': 'W', 'id142': 'W', 'id136': 'W', 'id236': 'S', 'id1193': 'S', 'id152': 'W'}
1749833206.2417066 [publish_wind_direction-4] [INFO] [1749833206.240746513] [publish_wind_direction]: Pose info requested
1749833206.2454948 [service_vicon_node-2] [INFO] [1749833206.244599865] [service_vicon_node]: Request received. Responding with pos=array('f', [781.7130737304688, 1033.7733154296875]), yaw=63.787627367762774, neigh=['id136', 'id195', 'id155', 'id194', 'id192', 'id223', 'id207', 'id151', 'id236', 'id68', 'id193', 'id152', 'id189', 'id1193', 'id247', 'id224']Response to be returned: service_messages.srv.GetPoseData_Response(my_position_xy=[781.7130737304688, 1033.7733154296875], my_vicon_yaw=63.787627367762774, neighbours_by_id=['id136', 'id195', 'id155', 'id194', 'id192', 'id223', 'id207', 'id151', 'id236', 'id68', 'id193', 'id152', 'id189', 'id1193', 'id247', 'id224'])
1749833206.2496557 [publish_wind_direction-4] [INFO] [1749833206.248679957] [publish_wind_direction]: Pose Response: pos=array('f', [781.7130737304688, 1033.7733154296875]) yaw=63.787628173828125
1749833206.2541962 [publish_wind_direction-4] [INFO] [1749833206.252751754] [publish_wind_direction]: ***Cam angle= 54.03632082079457, vico ang deg= 63.787628173828125 Ground Truth= 117.8239489946227
1749833206.2564065 [publish_wind_direction-4] [INFO] [1749833206.255615420] [publish_wind_direction]: Neighbour info requested
1749833206.2609026 [service_neighbours_opinions-3] [INFO] [1749833206.260125606] [service_neighbours_opinions]: Requested ['id136', 'id195', 'id155', 'id194', 'id192', 'id223', 'id207', 'id151', 'id236', 'id68', 'id193', 'id152', 'id189', 'id1193', 'id247', 'id224'], responding ['W', 'W', 'W', 'S', 'W', 'W', 'S', 'W']
1749833206.2653203 [publish_wind_direction-4] [INFO] [1749833206.264698920] [publish_wind_direction]: Neighbour Opinion Response: service_messages.srv.GetOpinionData_Response(neighbours_opinions=['W', 'W', 'W', 'S', 'W', 'W', 'S', 'W'])
1749833206.2680392 [publish_wind_direction-4] [INFO] [1749833206.267485883] [publish_wind_direction]: Inside Decision Making, neighbours opinion: ['W', 'W', 'W', 'S', 'W', 'W', 'S', 'W']
1749833206.2707198 [publish_wind_direction-4] [INFO] [1749833206.270174161] [publish_wind_direction]: Inside Decision Making, computed social info: {'W': 6, 'S': 2}
1749833206.2735195 [publish_wind_direction-4] [INFO] [1749833206.272973532] [publish_wind_direction]: Inside Decision Making, My Wind Direction: W
1749833206.2762020 [publish_wind_direction-4] [INFO] [1749833206.275660198] [publish_wind_direction]: Inside Decision Making, Decision dict: {'N': 0.0, 'S': 2.0, 'E': 0.0, 'W': 9.2}
1749833206.2795026 [publish_wind_direction-4] [INFO] [1749833206.278931069] [publish_wind_direction]: Publishing: id200:W
1749833206.2822664 [publish_wind_direction-4] [INFO] [1749833206.281476069] [publish_wind_direction]: TIME: Decision making completed at: 16:46:46.
1749833206.2847641 [publish_wind_direction-4] [INFO] [1749833206.284039198] [publish_wind_direction]: -----------------------------------------------------
1749833207.6830244 [service_neighbours_opinions-3] [INFO] [1749833207.682165346] [service_neighbours_opinions]: * Received from id193, wind direction W
1749833207.7002435 [service_neighbours_opinions-3] [INFO] [1749833207.685433179] [service_neighbours_opinions]: All opinions = {'id247': 'W', 'id194': 'W', 'id137': 'W', 'id206': 'W', 'id193': 'W', 'id207': 'W', 'id142': 'W', 'id136': 'W', 'id236': 'S', 'id1193': 'S', 'id152': 'W'}
1749833207.7961318 [service_neighbours_opinions-3] [INFO] [1749833207.795175623] [service_neighbours_opinions]: * Received from id206, wind direction W
1749833207.7991586 [service_neighbours_opinions-3] [INFO] [1749833207.798425549] [service_neighbours_opinions]: All opinions = {'id247': 'W', 'id194': 'W', 'id137': 'W', 'id206': 'W', 'id193': 'W', 'id207': 'W', 'id142': 'W', 'id136': 'W', 'id236': 'S', 'id1193': 'S', 'id152': 'W'}
1749833208.5773592 [service_neighbours_opinions-3] [INFO] [1749833208.576455715] [service_neighbours_opinions]: * Received from id152, wind direction W
1749833208.5803206 [service_neighbours_opinions-3] [INFO] [1749833208.579675326] [service_neighbours_opinions]: Comm. Noise, new received opinion: N
1749833208.5831583 [service_neighbours_opinions-3] [INFO] [1749833208.582531901] [service_neighbours_opinions]: All opinions = {'id247': 'W', 'id194': 'W', 'id137': 'W', 'id206': 'W', 'id193': 'W', 'id207': 'W', 'id142': 'W', 'id136': 'W', 'id236': 'S', 'id1193': 'S', 'id152': 'N'}
1749833209.0343041 [service_neighbours_opinions-3] [INFO] [1749833209.033631567] [service_neighbours_opinions]: * Received from id142, wind direction W
1749833209.0372701 [service_neighbours_opinions-3] [INFO] [1749833209.036657104] [service_neighbours_opinions]: All opinions = {'id247': 'W', 'id194': 'W', 'id137': 'W', 'id206': 'W', 'id193': 'W', 'id207': 'W', 'id142': 'W', 'id136': 'W', 'id236': 'S', 'id1193': 'S', 'id152': 'N'}
1749833209.0888937 [service_neighbours_opinions-3] [INFO] [1749833209.088184993] [service_neighbours_opinions]: * Received from id236, wind direction W
1749833209.0919127 [service_neighbours_opinions-3] [INFO] [1749833209.091275734] [service_neighbours_opinions]: All opinions = {'id247': 'W', 'id194': 'W', 'id137': 'W', 'id206': 'W', 'id193': 'W', 'id207': 'W', 'id142': 'W', 'id136': 'W', 'id236': 'W', 'id1193': 'S', 'id152': 'N'}
1749833209.5171599 [service_neighbours_opinions-3] [INFO] [1749833209.516511530] [service_neighbours_opinions]: * Received from id247, wind direction W
1749833209.5202053 [service_neighbours_opinions-3] [INFO] [1749833209.519605530] [service_neighbours_opinions]: Comm. Noise, new received opinion: S
1749833209.5229442 [service_neighbours_opinions-3] [INFO] [1749833209.522359344] [service_neighbours_opinions]: All opinions = {'id247': 'S', 'id194': 'W', 'id137': 'W', 'id206': 'W', 'id193': 'W', 'id207': 'W', 'id142': 'W', 'id136': 'W', 'id236': 'W', 'id1193': 'S', 'id152': 'N'}
1749833211.2183707 [publish_wind_direction-4] [INFO] [1749833211.217703862] [publish_wind_direction]: Pose info requested
1749833211.2231936 [service_vicon_node-2] [INFO] [1749833211.222529417] [service_vicon_node]: Request received. Responding with pos=array('f', [734.6253662109375, 879.2886962890625]), yaw=20.02884212794742, neigh=['id136', 'id195', 'id155', 'id194', 'id192', 'id223', 'id207', 'id151', 'id236', 'id68', 'id193', 'id152', 'id189', 'id1193', 'id247', 'id224']Response to be returned: service_messages.srv.GetPoseData_Response(my_position_xy=[734.6253662109375, 879.2886962890625], my_vicon_yaw=20.02884212794742, neighbours_by_id=['id136', 'id195', 'id155', 'id194', 'id192', 'id223', 'id207', 'id151', 'id236', 'id68', 'id193', 'id152', 'id189', 'id1193', 'id247', 'id224'])
1749833211.2278447 [publish_wind_direction-4] [INFO] [1749833211.226832658] [publish_wind_direction]: Pose Response: pos=array('f', [734.6253662109375, 879.2886962890625]) yaw=20.02884292602539
1749833211.2306864 [publish_wind_direction-4] [INFO] [1749833211.229871177] [publish_wind_direction]: ***Cam angle= 69.94215074870675, vico ang deg= 20.02884292602539 Ground Truth= 89.97099367473214
1749833211.2336714 [publish_wind_direction-4] [INFO] [1749833211.232756232] [publish_wind_direction]: Neighbour info requested
1749833211.2382090 [service_neighbours_opinions-3] [INFO] [1749833211.237329399] [service_neighbours_opinions]: Requested ['id136', 'id195', 'id155', 'id194', 'id192', 'id223', 'id207', 'id151', 'id236', 'id68', 'id193', 'id152', 'id189', 'id1193', 'id247', 'id224'], responding ['W', 'W', 'W', 'W', 'W', 'N', 'S', 'S']
1749833211.2426810 [publish_wind_direction-4] [INFO] [1749833211.241889010] [publish_wind_direction]: Neighbour Opinion Response: service_messages.srv.GetOpinionData_Response(neighbours_opinions=['W', 'W', 'W', 'W', 'W', 'N', 'S', 'S'])
1749833211.2452610 [publish_wind_direction-4] [INFO] [1749833211.244556473] [publish_wind_direction]: Inside Decision Making, neighbours opinion: ['W', 'W', 'W', 'W', 'W', 'N', 'S', 'S']
1749833211.2477298 [publish_wind_direction-4] [INFO] [1749833211.247129566] [publish_wind_direction]: Inside Decision Making, computed social info: {'W': 5, 'N': 1, 'S': 2}
1749833211.2502151 [publish_wind_direction-4] [INFO] [1749833211.249678732] [publish_wind_direction]: Inside Decision Making, My Wind Direction: W
1749833211.2526872 [publish_wind_direction-4] [INFO] [1749833211.252155695] [publish_wind_direction]: Inside Decision Making, Decision dict: {'N': 1.0, 'S': 2.0, 'E': 0.0, 'W': 8.2}
1749833211.2560303 [publish_wind_direction-4] [INFO] [1749833211.255498917] [publish_wind_direction]: Publishing: id200:W
1749833211.2584679 [publish_wind_direction-4] [INFO] [1749833211.257950880] [publish_wind_direction]: TIME: Decision making completed at: 16:46:51.
1749833211.2609463 [publish_wind_direction-4] [INFO] [1749833211.260407492] [publish_wind_direction]: -----------------------------------------------------
1749833211.7954352 [service_neighbours_opinions-3] [INFO] [1749833211.794711436] [service_neighbours_opinions]: * Received from id137, wind direction W
1749833211.7992735 [service_neighbours_opinions-3] [INFO] [1749833211.798702639] [service_neighbours_opinions]: All opinions = {'id247': 'S', 'id194': 'W', 'id137': 'W', 'id206': 'W', 'id193': 'W', 'id207': 'W', 'id142': 'W', 'id136': 'W', 'id236': 'W', 'id1193': 'S', 'id152': 'N'}
1749833212.0667717 [service_neighbours_opinions-3] [INFO] [1749833212.066055010] [service_neighbours_opinions]: * Received from id137, wind direction W
1749833212.0698862 [service_neighbours_opinions-3] [INFO] [1749833212.069223676] [service_neighbours_opinions]: All opinions = {'id247': 'S', 'id194': 'W', 'id137': 'W', 'id206': 'W', 'id193': 'W', 'id207': 'W', 'id142': 'W', 'id136': 'W', 'id236': 'W', 'id1193': 'S', 'id152': 'N'}
1749833212.1243198 [service_vicon_node-2] [INFO] [1749833212.123382324] [service_vicon_node]: Vicon Position= [723.9578857421875, 844.151123046875], yaw: 49.172442158106385
1749833212.1268539 [service_vicon_node-2] [INFO] [1749833212.126004769] [service_vicon_node]: Neighbours: {'id136', 'id195', 'id155', 'id194', 'id192', 'id223', 'id207', 'id151', 'id236', 'id68', 'id193', 'id152', 'id189', 'id1193', 'id247', 'id224'}
1749833212.8708289 [service_neighbours_opinions-3] [INFO] [1749833212.870047342] [service_neighbours_opinions]: * Received from id193, wind direction W
1749833212.8798711 [service_neighbours_opinions-3] [INFO] [1749833212.875279268] [service_neighbours_opinions]: All opinions = {'id247': 'S', 'id194': 'W', 'id137': 'W', 'id206': 'W', 'id193': 'W', 'id207': 'W', 'id142': 'W', 'id136': 'W', 'id236': 'W', 'id1193': 'S', 'id152': 'N'}
1749833213.1627197 [service_neighbours_opinions-3] [INFO] [1749833213.161720861] [service_neighbours_opinions]: * Received from id206, wind direction W
1749833213.1657856 [service_neighbours_opinions-3] [INFO] [1749833213.164912361] [service_neighbours_opinions]: All opinions = {'id247': 'S', 'id194': 'W', 'id137': 'W', 'id206': 'W', 'id193': 'W', 'id207': 'W', 'id142': 'W', 'id136': 'W', 'id236': 'W', 'id1193': 'S', 'id152': 'N'}
1749833214.1950715 [service_neighbours_opinions-3] [INFO] [1749833214.194015286] [service_neighbours_opinions]: * Received from id236, wind direction W
1749833214.1978178 [service_neighbours_opinions-3] [INFO] [1749833214.197163453] [service_neighbours_opinions]: All opinions = {'id247': 'S', 'id194': 'W', 'id137': 'W', 'id206': 'W', 'id193': 'W', 'id207': 'W', 'id142': 'W', 'id136': 'W', 'id236': 'W', 'id1193': 'S', 'id152': 'N'}
1749833214.5273733 [service_neighbours_opinions-3] [INFO] [1749833214.526706249] [service_neighbours_opinions]: * Received from id142, wind direction W
1749833214.5300019 [service_neighbours_opinions-3] [INFO] [1749833214.529426434] [service_neighbours_opinions]: All opinions = {'id247': 'S', 'id194': 'W', 'id137': 'W', 'id206': 'W', 'id193': 'W', 'id207': 'W', 'id142': 'W', 'id136': 'W', 'id236': 'W', 'id1193': 'S', 'id152': 'N'}
1749833214.8645556 [service_neighbours_opinions-3] [INFO] [1749833214.863870860] [service_neighbours_opinions]: * Received from id247, wind direction W
1749833214.8678186 [service_neighbours_opinions-3] [INFO] [1749833214.866889397] [service_neighbours_opinions]: All opinions = {'id247': 'W', 'id194': 'W', 'id137': 'W', 'id206': 'W', 'id193': 'W', 'id207': 'W', 'id142': 'W', 'id136': 'W', 'id236': 'W', 'id1193': 'S', 'id152': 'N'}
1749833216.2198572 [publish_wind_direction-4] [INFO] [1749833216.218618711] [publish_wind_direction]: Pose info requested
1749833216.2238543 [service_vicon_node-2] [INFO] [1749833216.222573192] [service_vicon_node]: Request received. Responding with pos=array('f', [685.702392578125, 715.7188720703125]), yaw=60.554966418507846, neigh=['id136', 'id155', 'id194', 'id223', 'id68', 'id152', 'id137', 'id207', 'id192', 'id206', 'id224', 'id195', 'id151', 'id236', 'id142', 'id1193', 'id247', 'id193', 'id189']Response to be returned: service_messages.srv.GetPoseData_Response(my_position_xy=[685.702392578125, 715.7188720703125], my_vicon_yaw=60.554966418507846, neighbours_by_id=['id136', 'id155', 'id194', 'id223', 'id68', 'id152', 'id137', 'id207', 'id192', 'id206', 'id224', 'id195', 'id151', 'id236', 'id142', 'id1193', 'id247', 'id193', 'id189'])
1749833216.2277296 [publish_wind_direction-4] [INFO] [1749833216.226735433] [publish_wind_direction]: Pose Response: pos=array('f', [685.702392578125, 715.7188720703125]) yaw=60.55496597290039
1749833216.2309511 [publish_wind_direction-4] [INFO] [1749833216.230130840] [publish_wind_direction]: ***Cam angle= -999.0, vico ang deg= 60.55496597290039 Ground Truth= 141.5549659729004
1749833216.2341387 [publish_wind_direction-4] [INFO] [1749833216.233064748] [publish_wind_direction]: Neighbour info requested
1749833216.2384875 [service_neighbours_opinions-3] [INFO] [1749833216.237780618] [service_neighbours_opinions]: Requested ['id136', 'id155', 'id194', 'id223', 'id68', 'id152', 'id137', 'id207', 'id192', 'id206', 'id224', 'id195', 'id151', 'id236', 'id142', 'id1193', 'id247', 'id193', 'id189'], responding ['W', 'W', 'N', 'W', 'W', 'W', 'W', 'W', 'S', 'W', 'W']
1749833216.2449434 [publish_wind_direction-4] [INFO] [1749833216.244323414] [publish_wind_direction]: Neighbour Opinion Response: service_messages.srv.GetOpinionData_Response(neighbours_opinions=['W', 'W', 'N', 'W', 'W', 'W', 'W', 'W', 'S', 'W', 'W'])
1749833216.2488639 [publish_wind_direction-4] [INFO] [1749833216.248289137] [publish_wind_direction]: Inside Decision Making, neighbours opinion: ['W', 'W', 'N', 'W', 'W', 'W', 'W', 'W', 'S', 'W', 'W']
1749833216.2526586 [publish_wind_direction-4] [INFO] [1749833216.252121007] [publish_wind_direction]: Inside Decision Making, computed social info: {'W': 9, 'N': 1, 'S': 1}
1749833216.2571831 [publish_wind_direction-4] [INFO] [1749833216.256467174] [publish_wind_direction]: Inside Decision Making, My Wind Direction: S
1749833216.2645798 [publish_wind_direction-4] [INFO] [1749833216.259508933] [publish_wind_direction]: Inside Decision Making, Decision dict: {'N': 1.0, 'S': 5.4, 'E': 0.0, 'W': 9.0}
1749833216.2650766 [publish_wind_direction-4] [INFO] [1749833216.262639285] [publish_wind_direction]: Publishing: id200:W
1749833216.2663002 [publish_wind_direction-4] [INFO] [1749833216.265101266] [publish_wind_direction]: TIME: Decision making completed at: 16:46:56.
1749833216.2682970 [publish_wind_direction-4] [INFO] [1749833216.267757452] [publish_wind_direction]: -----------------------------------------------------
1749833217.7250311 [service_neighbours_opinions-3] [INFO] [1749833217.724338062] [service_neighbours_opinions]: * Received from id206, wind direction W
1749833217.7278788 [service_neighbours_opinions-3] [INFO] [1749833217.727211210] [service_neighbours_opinions]: All opinions = {'id247': 'W', 'id194': 'W', 'id137': 'W', 'id206': 'W', 'id193': 'W', 'id207': 'W', 'id142': 'W', 'id136': 'W', 'id236': 'W', 'id1193': 'S', 'id152': 'N'}
1749833218.0731471 [service_neighbours_opinions-3] [INFO] [1749833218.072422191] [service_neighbours_opinions]: * Received from id193, wind direction W
1749833218.0761364 [service_neighbours_opinions-3] [INFO] [1749833218.075497450] [service_neighbours_opinions]: All opinions = {'id247': 'W', 'id194': 'W', 'id137': 'W', 'id206': 'W', 'id193': 'W', 'id207': 'W', 'id142': 'W', 'id136': 'W', 'id236': 'W', 'id1193': 'S', 'id152': 'N'}
1749833218.9580073 [service_neighbours_opinions-3] [INFO] [1749833218.957339561] [service_neighbours_opinions]: * Received from id142, wind direction W
1749833218.9611440 [service_neighbours_opinions-3] [INFO] [1749833218.960491580] [service_neighbours_opinions]: All opinions = {'id247': 'W', 'id194': 'W', 'id137': 'W', 'id206': 'W', 'id193': 'W', 'id207': 'W', 'id142': 'W', 'id136': 'W', 'id236': 'W', 'id1193': 'S', 'id152': 'N'}
1749833219.1445751 [service_neighbours_opinions-3] [INFO] [1749833219.143869376] [service_neighbours_opinions]: * Received from id236, wind direction W
1749833219.1486211 [service_neighbours_opinions-3] [INFO] [1749833219.148019450] [service_neighbours_opinions]: All opinions = {'id247': 'W', 'id194': 'W', 'id137': 'W', 'id206': 'W', 'id193': 'W', 'id207': 'W', 'id142': 'W', 'id136': 'W', 'id236': 'W', 'id1193': 'S', 'id152': 'N'}
1749833219.9275410 [service_neighbours_opinions-3] [INFO] [1749833219.926826301] [service_neighbours_opinions]: * Received from id247, wind direction W
1749833219.9315603 [service_neighbours_opinions-3] [INFO] [1749833219.930873375] [service_neighbours_opinions]: All opinions = {'id247': 'W', 'id194': 'W', 'id137': 'W', 'id206': 'W', 'id193': 'W', 'id207': 'W', 'id142': 'W', 'id136': 'W', 'id236': 'W', 'id1193': 'S', 'id152': 'N'}
1749833221.2975688 [publish_wind_direction-4] [INFO] [1749833221.296890504] [publish_wind_direction]: Pose info requested
1749833221.3027999 [service_vicon_node-2] [INFO] [1749833221.302172893] [service_vicon_node]: Request received. Responding with pos=array('f', [639.9138793945312, 559.3023071289062]), yaw=0.6914817410587948, neigh=['id136', 'id155', 'id194', 'id223', 'id68', 'id152', 'id137', 'id207', 'id192', 'id206', 'id224', 'id195', 'id151', 'id236', 'id142', 'id1193', 'id247', 'id193', 'id189']Response to be returned: service_messages.srv.GetPoseData_Response(my_position_xy=[639.9138793945312, 559.3023071289062], my_vicon_yaw=0.6914817410587948, neighbours_by_id=['id136', 'id155', 'id194', 'id223', 'id68', 'id152', 'id137', 'id207', 'id192', 'id206', 'id224', 'id195', 'id151', 'id236', 'id142', 'id1193', 'id247', 'id193', 'id189'])
1749833221.3069212 [publish_wind_direction-4] [INFO] [1749833221.306319115] [publish_wind_direction]: Pose Response: pos=array('f', [639.9138793945312, 559.3023071289062]) yaw=0.6914817690849304
1749833221.3094783 [publish_wind_direction-4] [INFO] [1749833221.308938949] [publish_wind_direction]: ***Cam angle= 76.212062572783, vico ang deg= 0.6914817690849304 Ground Truth= 76.90354434186793
1749833221.3121204 [publish_wind_direction-4] [INFO] [1749833221.311546467] [publish_wind_direction]: Neighbour info requested
1749833221.3177831 [service_neighbours_opinions-3] [INFO] [1749833221.317145578] [service_neighbours_opinions]: Requested ['id136', 'id155', 'id194', 'id223', 'id68', 'id152', 'id137', 'id207', 'id192', 'id206', 'id224', 'id195', 'id151', 'id236', 'id142', 'id1193', 'id247', 'id193', 'id189'], responding ['W', 'W', 'N', 'W', 'W', 'W', 'W', 'W', 'S', 'W', 'W']
1749833221.3225429 [publish_wind_direction-4] [INFO] [1749833221.321893300] [publish_wind_direction]: Neighbour Opinion Response: service_messages.srv.GetOpinionData_Response(neighbours_opinions=['W', 'W', 'N', 'W', 'W', 'W', 'W', 'W', 'S', 'W', 'W'])
1749833221.3256979 [publish_wind_direction-4] [INFO] [1749833221.325131504] [publish_wind_direction]: Inside Decision Making, neighbours opinion: ['W', 'W', 'N', 'W', 'W', 'W', 'W', 'W', 'S', 'W', 'W']
1749833221.3284097 [publish_wind_direction-4] [INFO] [1749833221.327863504] [publish_wind_direction]: Inside Decision Making, computed social info: {'W': 9, 'N': 1, 'S': 1}
1749833221.3310044 [publish_wind_direction-4] [INFO] [1749833221.330478597] [publish_wind_direction]: Inside Decision Making, My Wind Direction: W
1749833221.3335867 [publish_wind_direction-4] [INFO] [1749833221.333055930] [publish_wind_direction]: Inside Decision Making, Decision dict: {'N': 1.0, 'S': 1.0, 'E': 0.0, 'W': 13.4}
1749833221.3370500 [publish_wind_direction-4] [INFO] [1749833221.336512078] [publish_wind_direction]: Publishing: id200:W
1749833221.3397563 [publish_wind_direction-4] [INFO] [1749833221.339112819] [publish_wind_direction]: TIME: Decision making completed at: 16:47:01.
1749833221.3421063 [publish_wind_direction-4] [INFO] [1749833221.341586541] [publish_wind_direction]: -----------------------------------------------------
1749833222.1387379 [service_vicon_node-2] [INFO] [1749833222.138121078] [service_vicon_node]: Vicon Position= [633.0311279296875, 546.2858276367188], yaw: 12.40529509613626
1749833222.1418569 [service_vicon_node-2] [INFO] [1749833222.141255892] [service_vicon_node]: Neighbours: {'id136', 'id155', 'id194', 'id223', 'id68', 'id152', 'id137', 'id207', 'id192', 'id206', 'id224', 'id195', 'id151', 'id236', 'id142', 'id1193', 'id247', 'id193', 'id189'}
1749833222.7402575 [service_neighbours_opinions-3] [INFO] [1749833222.739549781] [service_neighbours_opinions]: * Received from id193, wind direction W
1749833222.7448370 [service_neighbours_opinions-3] [INFO] [1749833222.744203022] [service_neighbours_opinions]: Comm. Noise, new received opinion: N
1749833222.7487438 [service_neighbours_opinions-3] [INFO] [1749833222.748139337] [service_neighbours_opinions]: All opinions = {'id247': 'W', 'id194': 'W', 'id137': 'W', 'id206': 'W', 'id193': 'N', 'id207': 'W', 'id142': 'W', 'id136': 'W', 'id236': 'W', 'id1193': 'S', 'id152': 'N'}
1749833223.0395668 [service_neighbours_opinions-3] [INFO] [1749833223.038862836] [service_neighbours_opinions]: * Received from id206, wind direction W
1749833223.0424917 [service_neighbours_opinions-3] [INFO] [1749833223.041844799] [service_neighbours_opinions]: All opinions = {'id247': 'W', 'id194': 'W', 'id137': 'W', 'id206': 'W', 'id193': 'N', 'id207': 'W', 'id142': 'W', 'id136': 'W', 'id236': 'W', 'id1193': 'S', 'id152': 'N'}
1749833224.2363253 [service_neighbours_opinions-3] [INFO] [1749833224.235639410] [service_neighbours_opinions]: * Received from id236, wind direction W
1749833224.2395499 [service_neighbours_opinions-3] [INFO] [1749833224.238849243] [service_neighbours_opinions]: Comm. Noise, new received opinion: E
1749833224.2424142 [service_neighbours_opinions-3] [INFO] [1749833224.241738576] [service_neighbours_opinions]: All opinions = {'id247': 'W', 'id194': 'W', 'id137': 'W', 'id206': 'W', 'id193': 'N', 'id207': 'W', 'id142': 'W', 'id136': 'W', 'id236': 'E', 'id1193': 'S', 'id152': 'N'}
1749833224.2481418 [service_neighbours_opinions-3] [INFO] [1749833224.247559576] [service_neighbours_opinions]: * Received from id142, wind direction W
1749833224.2507148 [service_neighbours_opinions-3] [INFO] [1749833224.250151539] [service_neighbours_opinions]: All opinions = {'id247': 'W', 'id194': 'W', 'id137': 'W', 'id206': 'W', 'id193': 'N', 'id207': 'W', 'id142': 'W', 'id136': 'W', 'id236': 'E', 'id1193': 'S', 'id152': 'N'}
1749833224.7071612 [service_neighbours_opinions-3] [INFO] [1749833224.706460576] [service_neighbours_opinions]: * Received from id247, wind direction W
1749833224.7104731 [service_neighbours_opinions-3] [INFO] [1749833224.709801372] [service_neighbours_opinions]: Comm. Noise, new received opinion: E
1749833224.7132814 [service_neighbours_opinions-3] [INFO] [1749833224.712665761] [service_neighbours_opinions]: All opinions = {'id247': 'E', 'id194': 'W', 'id137': 'W', 'id206': 'W', 'id193': 'N', 'id207': 'W', 'id142': 'W', 'id136': 'W', 'id236': 'E', 'id1193': 'S', 'id152': 'N'}
1749833226.2609973 [publish_wind_direction-4] [INFO] [1749833226.260339094] [publish_wind_direction]: Pose info requested
1749833226.2662005 [service_vicon_node-2] [INFO] [1749833226.264271853] [service_vicon_node]: Request received. Responding with pos=array('f', [610.1697387695312, 496.4800109863281]), yaw=-16.327944292574557, neigh=['id136', 'id155', 'id194', 'id223', 'id68', 'id152', 'id137', 'id207', 'id192', 'id206', 'id224', 'id195', 'id151', 'id236', 'id142', 'id1193', 'id247', 'id193', 'id189']Response to be returned: service_messages.srv.GetPoseData_Response(my_position_xy=[610.1697387695312, 496.4800109863281], my_vicon_yaw=-16.327944292574557, neighbours_by_id=['id136', 'id155', 'id194', 'id223', 'id68', 'id152', 'id137', 'id207', 'id192', 'id206', 'id224', 'id195', 'id151', 'id236', 'id142', 'id1193', 'id247', 'id193', 'id189'])
1749833226.2751215 [publish_wind_direction-4] [INFO] [1749833226.271675983] [publish_wind_direction]: Pose Response: pos=array('f', [610.1697387695312, 496.4800109863281]) yaw=-16.327943801879883
1749833226.2791898 [publish_wind_direction-4] [INFO] [1749833226.278618853] [publish_wind_direction]: ***Cam angle= -262.74373615308366, vico ang deg= -16.327943801879883 Ground Truth= 80.92832004503646
1749833226.2820756 [publish_wind_direction-4] [INFO] [1749833226.281489779] [publish_wind_direction]: Neighbour info requested
1749833226.2883661 [service_neighbours_opinions-3] [INFO] [1749833226.287700483] [service_neighbours_opinions]: Requested ['id136', 'id155', 'id194', 'id223', 'id68', 'id152', 'id137', 'id207', 'id192', 'id206', 'id224', 'id195', 'id151', 'id236', 'id142', 'id1193', 'id247', 'id193', 'id189'], responding ['W', 'W', 'N', 'W', 'W', 'W', 'E', 'W', 'S', 'E', 'N']
1749833226.2930353 [publish_wind_direction-4] [INFO] [1749833226.292407946] [publish_wind_direction]: Neighbour Opinion Response: service_messages.srv.GetOpinionData_Response(neighbours_opinions=['W', 'W', 'N', 'W', 'W', 'W', 'E', 'W', 'S', 'E', 'N'])
1749833226.2958333 [publish_wind_direction-4] [INFO] [1749833226.295228297] [publish_wind_direction]: Inside Decision Making, neighbours opinion: ['W', 'W', 'N', 'W', 'W', 'W', 'E', 'W', 'S', 'E', 'N']
1749833226.2985232 [publish_wind_direction-4] [INFO] [1749833226.297975816] [publish_wind_direction]: Inside Decision Making, computed social info: {'W': 6, 'N': 2, 'E': 2, 'S': 1}
1749833226.3012285 [publish_wind_direction-4] [INFO] [1749833226.300671501] [publish_wind_direction]: Inside Decision Making, My Wind Direction: W
1749833226.3037293 [publish_wind_direction-4] [INFO] [1749833226.303181501] [publish_wind_direction]: Inside Decision Making, Decision dict: {'N': 2.0, 'S': 1.0, 'E': 2.0, 'W': 10.4}
1749833226.3072133 [publish_wind_direction-4] [INFO] [1749833226.306677371] [publish_wind_direction]: Publishing: id200:W
1749833226.3097792 [publish_wind_direction-4] [INFO] [1749833226.309235408] [publish_wind_direction]: TIME: Decision making completed at: 16:47:06.
1749833226.3122942 [publish_wind_direction-4] [INFO] [1749833226.311709908] [publish_wind_direction]: -----------------------------------------------------
1749833227.4794242 [service_neighbours_opinions-3] [INFO] [1749833227.478711260] [service_neighbours_opinions]: * Received from id137, wind direction W
1749833227.4843025 [service_neighbours_opinions-3] [INFO] [1749833227.483657482] [service_neighbours_opinions]: Comm. Noise, new received opinion: S
1749833227.4887908 [service_neighbours_opinions-3] [INFO] [1749833227.488212482] [service_neighbours_opinions]: All opinions = {'id247': 'E', 'id194': 'W', 'id137': 'S', 'id206': 'W', 'id193': 'N', 'id207': 'W', 'id142': 'W', 'id136': 'W', 'id236': 'E', 'id1193': 'S', 'id152': 'N'}
1749833227.4948385 [service_neighbours_opinions-3] [INFO] [1749833227.494266426] [service_neighbours_opinions]: * Received from id137, wind direction W
1749833227.4984283 [service_neighbours_opinions-3] [INFO] [1749833227.497829889] [service_neighbours_opinions]: All opinions = {'id247': 'E', 'id194': 'W', 'id137': 'W', 'id206': 'W', 'id193': 'N', 'id207': 'W', 'id142': 'W', 'id136': 'W', 'id236': 'E', 'id1193': 'S', 'id152': 'N'}
1749833227.8091290 [service_neighbours_opinions-3] [INFO] [1749833227.808380834] [service_neighbours_opinions]: * Received from id206, wind direction W
1749833227.8135600 [service_neighbours_opinions-3] [INFO] [1749833227.812957426] [service_neighbours_opinions]: All opinions = {'id247': 'E', 'id194': 'W', 'id137': 'W', 'id206': 'W', 'id193': 'N', 'id207': 'W', 'id142': 'W', 'id136': 'W', 'id236': 'E', 'id1193': 'S', 'id152': 'N'}
1749833227.8197672 [service_neighbours_opinions-3] [INFO] [1749833227.819071000] [service_neighbours_opinions]: * Received from id193, wind direction W
1749833227.8237197 [service_neighbours_opinions-3] [INFO] [1749833227.823069167] [service_neighbours_opinions]: Comm. Noise, new received opinion: S
1749833227.8273630 [service_neighbours_opinions-3] [INFO] [1749833227.826724259] [service_neighbours_opinions]: All opinions = {'id247': 'E', 'id194': 'W', 'id137': 'W', 'id206': 'W', 'id193': 'S', 'id207': 'W', 'id142': 'W', 'id136': 'W', 'id236': 'E', 'id1193': 'S', 'id152': 'N'}
1749833228.7828817 [service_neighbours_opinions-3] [INFO] [1749833228.782236703] [service_neighbours_opinions]: * Received from id142, wind direction W
1749833228.7884080 [service_neighbours_opinions-3] [INFO] [1749833228.787839796] [service_neighbours_opinions]: Comm. Noise, new received opinion: E
1749833228.7916861 [service_neighbours_opinions-3] [INFO] [1749833228.790956000] [service_neighbours_opinions]: All opinions = {'id247': 'E', 'id194': 'W', 'id137': 'W', 'id206': 'W', 'id193': 'S', 'id207': 'W', 'id142': 'E', 'id136': 'W', 'id236': 'E', 'id1193': 'S', 'id152': 'N'}
1749833229.1294622 [service_neighbours_opinions-3] [INFO] [1749833229.128788592] [service_neighbours_opinions]: * Received from id236, wind direction W
1749833229.1324844 [service_neighbours_opinions-3] [INFO] [1749833229.131797444] [service_neighbours_opinions]: All opinions = {'id247': 'E', 'id194': 'W', 'id137': 'W', 'id206': 'W', 'id193': 'S', 'id207': 'W', 'id142': 'E', 'id136': 'W', 'id236': 'W', 'id1193': 'S', 'id152': 'N'}
1749833229.9781456 [service_neighbours_opinions-3] [INFO] [1749833229.977482536] [service_neighbours_opinions]: * Received from id247, wind direction W
1749833229.9813969 [service_neighbours_opinions-3] [INFO] [1749833229.980693980] [service_neighbours_opinions]: All opinions = {'id247': 'W', 'id194': 'W', 'id137': 'W', 'id206': 'W', 'id193': 'S', 'id207': 'W', 'id142': 'E', 'id136': 'W', 'id236': 'W', 'id1193': 'S', 'id152': 'N'}
1749833230.0681958 [service_neighbours_opinions-3] [INFO] [1749833230.067506351] [service_neighbours_opinions]: * Received from id137, wind direction W
1749833230.0710268 [service_neighbours_opinions-3] [INFO] [1749833230.070430017] [service_neighbours_opinions]: All opinions = {'id247': 'W', 'id194': 'W', 'id137': 'W', 'id206': 'W', 'id193': 'S', 'id207': 'W', 'id142': 'E', 'id136': 'W', 'id236': 'W', 'id1193': 'S', 'id152': 'N'}
1749833231.2673843 [publish_wind_direction-4] [INFO] [1749833231.266559628] [publish_wind_direction]: Pose info requested
1749833231.2712615 [service_vicon_node-2] [INFO] [1749833231.270350109] [service_vicon_node]: Request received. Responding with pos=array('f', [621.6741333007812, 409.07080078125]), yaw=-277.1112898198443, neigh=['id136', 'id155', 'id194', 'id223', 'id68', 'id152', 'id137', 'id207', 'id192', 'id206', 'id224', 'id195', 'id151', 'id236', 'id142', 'id1193', 'id247', 'id193', 'id189']Response to be returned: service_messages.srv.GetPoseData_Response(my_position_xy=[621.6741333007812, 409.07080078125], my_vicon_yaw=-277.1112898198443, neighbours_by_id=['id136', 'id155', 'id194', 'id223', 'id68', 'id152', 'id137', 'id207', 'id192', 'id206', 'id224', 'id195', 'id151', 'id236', 'id142', 'id1193', 'id247', 'id193', 'id189'])
1749833231.2752728 [publish_wind_direction-4] [INFO] [1749833231.274504035] [publish_wind_direction]: Pose Response: pos=array('f', [621.6741333007812, 409.07080078125]) yaw=-277.1112976074219
1749833231.2776017 [publish_wind_direction-4] [INFO] [1749833231.277043517] [publish_wind_direction]: ***Cam angle= 88.33305098817587, vico ang deg= -277.1112976074219 Ground Truth= 171.221753380754
1749833231.2801425 [publish_wind_direction-4] [INFO] [1749833231.279591850] [publish_wind_direction]: Neighbour info requested
1749833233.9300807 [service_neighbours_opinions-3] [INFO] [1749833233.929397552] [service_neighbours_opinions]: * Received from id142, wind direction W
1749833233.9330292 [service_neighbours_opinions-3] [INFO] [1749833233.932385145] [service_neighbours_opinions]: All opinions = {'id247': 'W', 'id194': 'W', 'id137': 'W', 'id206': 'W', 'id193': 'S', 'id207': 'W', 'id142': 'W', 'id136': 'W', 'id236': 'W', 'id1193': 'S', 'id152': 'N'}
1749833236.1748986 [publish_wind_direction-4] [INFO] [1749833236.174273051] [publish_wind_direction]: Pose info requested
1749833239.0957553 [service_neighbours_opinions-3] [INFO] [1749833239.095033549] [service_neighbours_opinions]: * Received from id142, wind direction W
1749833239.1074269 [service_neighbours_opinions-3] [INFO] [1749833239.097976142] [service_neighbours_opinions]: All opinions = {'id247': 'W', 'id194': 'W', 'id137': 'W', 'id206': 'W', 'id193': 'S', 'id207': 'W', 'id142': 'W', 'id136': 'W', 'id236': 'W', 'id1193': 'S', 'id152': 'N'}
1749833241.1934216 [publish_wind_direction-4] [INFO] [1749833241.192624696] [publish_wind_direction]: Pose info requested
1749833246.2354856 [publish_wind_direction-4] [INFO] [1749833246.234740285] [publish_wind_direction]: Pose info requested
1749833251.1835604 [publish_wind_direction-4] [INFO] [1749833251.182624746] [publish_wind_direction]: Pose info requested
1749833256.1666310 [publish_wind_direction-4] [INFO] [1749833256.165756335] [publish_wind_direction]: Pose info requested
1749833261.1917136 [publish_wind_direction-4] [INFO] [1749833261.190822091] [publish_wind_direction]: Pose info requested
1749833266.1507897 [publish_wind_direction-4] [INFO] [1749833266.150168070] [publish_wind_direction]: Pose info requested
1749833271.4522924 [publish_wind_direction-4] [INFO] [1749833271.451678585] [publish_wind_direction]: Pose info requested
1749833276.1690538 [publish_wind_direction-4] [INFO] [1749833276.168415842] [publish_wind_direction]: Pose info requested
1749833281.1382461 [publish_wind_direction-4] [INFO] [1749833281.137634913] [publish_wind_direction]: Pose info requested
1749833286.1747267 [publish_wind_direction-4] [INFO] [1749833286.174133521] [publish_wind_direction]: Pose info requested
1749833291.4250441 [publish_wind_direction-4] [INFO] [1749833291.424424888] [publish_wind_direction]: Pose info requested
1749833296.2266462 [publish_wind_direction-4] [INFO] [1749833296.225765441] [publish_wind_direction]: Pose info requested
1749833301.0444579 [publish_wind_direction-4] [INFO] [1749833301.043849808] [publish_wind_direction]: Pose info requested
1749833306.1760249 [publish_wind_direction-4] [INFO] [1749833306.175402250] [publish_wind_direction]: Pose info requested
1749833311.1757441 [publish_wind_direction-4] [INFO] [1749833311.175100599] [publish_wind_direction]: Pose info requested
1749833316.1207995 [publish_wind_direction-4] [INFO] [1749833316.120172540] [publish_wind_direction]: Pose info requested
1749833321.1742349 [publish_wind_direction-4] [INFO] [1749833321.173631685] [publish_wind_direction]: Pose info requested
1749833326.0622711 [publish_wind_direction-4] [INFO] [1749833326.061677831] [publish_wind_direction]: Pose info requested
1749833331.0924454 [publish_wind_direction-4] [INFO] [1749833331.091835531] [publish_wind_direction]: Pose info requested
1749833336.1472459 [publish_wind_direction-4] [INFO] [1749833336.146330454] [publish_wind_direction]: Pose info requested
1749833341.1998570 [publish_wind_direction-4] [INFO] [1749833341.199209784] [publish_wind_direction]: Pose info requested
1749833346.1057343 [publish_wind_direction-4] [INFO] [1749833346.104853893] [publish_wind_direction]: Pose info requested
1749833351.1117857 [publish_wind_direction-4] [INFO] [1749833351.111154371] [publish_wind_direction]: Pose info requested
1749833356.5852127 [publish_wind_direction-4] [INFO] [1749833356.584574794] [publish_wind_direction]: Pose info requested
1749833361.1609640 [publish_wind_direction-4] [INFO] [1749833361.160346569] [publish_wind_direction]: Pose info requested
1749833366.1699769 [publish_wind_direction-4] [INFO] [1749833366.169119640] [publish_wind_direction]: Pose info requested
1749833371.2742105 [publish_wind_direction-4] [INFO] [1749833371.273607118] [publish_wind_direction]: Pose info requested
1749833376.0054510 [publish_wind_direction-4] [INFO] [1749833376.004567041] [publish_wind_direction]: Pose info requested
1749833381.2229578 [publish_wind_direction-4] [INFO] [1749833381.222133038] [publish_wind_direction]: Pose info requested
1749833386.5616550 [publish_wind_direction-4] [INFO] [1749833386.560825128] [publish_wind_direction]: Pose info requested
1749833391.1982765 [publish_wind_direction-4] [INFO] [1749833391.197670366] [publish_wind_direction]: Pose info requested
1749833396.4557791 [publish_wind_direction-4] [INFO] [1749833396.455133789] [publish_wind_direction]: Pose info requested
1749833401.2182145 [publish_wind_direction-4] [INFO] [1749833401.217604897] [publish_wind_direction]: Pose info requested
1749833406.2005324 [publish_wind_direction-4] [INFO] [1749833406.199906338] [publish_wind_direction]: Pose info requested
1749833411.2512236 [publish_wind_direction-4] [INFO] [1749833411.250594724] [publish_wind_direction]: Pose info requested
1749833416.1714978 [publish_wind_direction-4] [INFO] [1749833416.170612703] [publish_wind_direction]: Pose info requested
1749833421.2054574 [publish_wind_direction-4] [INFO] [1749833421.204579311] [publish_wind_direction]: Pose info requested
1749833426.1594501 [publish_wind_direction-4] [INFO] [1749833426.158478734] [publish_wind_direction]: Pose info requested
1749833431.3488901 [publish_wind_direction-4] [INFO] [1749833431.348291731] [publish_wind_direction]: Pose info requested
1749833436.2339466 [publish_wind_direction-4] [INFO] [1749833436.233020246] [publish_wind_direction]: Pose info requested
1749833441.1295595 [publish_wind_direction-4] [INFO] [1749833441.128925725] [publish_wind_direction]: Pose info requested
1749833446.1841829 [publish_wind_direction-4] [INFO] [1749833446.183555777] [publish_wind_direction]: Pose info requested
1749833451.1244936 [publish_wind_direction-4] [INFO] [1749833451.123862589] [publish_wind_direction]: Pose info requested
1749833456.4497921 [publish_wind_direction-4] [INFO] [1749833456.449190456] [publish_wind_direction]: Pose info requested
1749833461.0948873 [publish_wind_direction-4] [INFO] [1749833461.094267454] [publish_wind_direction]: Pose info requested
1749833466.1329479 [publish_wind_direction-4] [INFO] [1749833466.132331729] [publish_wind_direction]: Pose info requested
1749833471.1292410 [publish_wind_direction-4] [INFO] [1749833471.128379022] [publish_wind_direction]: Pose info requested
1749833476.1815865 [publish_wind_direction-4] [INFO] [1749833476.180982260] [publish_wind_direction]: Pose info requested
1749833481.1408947 [publish_wind_direction-4] [INFO] [1749833481.140059127] [publish_wind_direction]: Pose info requested
1749833486.0412276 [publish_wind_direction-4] [INFO] [1749833486.040359050] [publish_wind_direction]: Pose info requested
1749833491.1941864 [publish_wind_direction-4] [INFO] [1749833491.193568714] [publish_wind_direction]: Pose info requested
1749833496.2335558 [publish_wind_direction-4] [INFO] [1749833496.232687859] [publish_wind_direction]: Pose info requested
1749833501.1253815 [publish_wind_direction-4] [INFO] [1749833501.124739078] [publish_wind_direction]: Pose info requested
1749833506.2420650 [publish_wind_direction-4] [INFO] [1749833506.241173982] [publish_wind_direction]: Pose info requested
1749833511.2277708 [publish_wind_direction-4] [INFO] [1749833511.227125368] [publish_wind_direction]: Pose info requested
1749833516.0482731 [publish_wind_direction-4] [INFO] [1749833516.047701995] [publish_wind_direction]: Pose info requested
1749833516.0508666 [publish_wind_direction-4] [INFO] [1749833516.050288847] [publish_wind_direction]: Raising exception at 16:51:56
1749833516.0555289 [publish_wind_direction-4] CV2 Ver. =  4.11.0
1749833516.0558567 [publish_wind_direction-4] --Taking picture--
1749833516.0560608 [publish_wind_direction-4] --Processing Picture--
1749833516.0562866 [publish_wind_direction-4] --Picture Processing Done--
1749833516.0565147 [publish_wind_direction-4] --Taking picture--
1749833516.0567532 [publish_wind_direction-4] --Processing Picture--
1749833516.0569406 [publish_wind_direction-4] --Picture Processing Done--
1749833516.0571468 [publish_wind_direction-4] --Taking picture--
1749833516.0573547 [publish_wind_direction-4] --Processing Picture--
1749833516.0575600 [publish_wind_direction-4] --Picture Processing Done--
1749833516.0577807 [publish_wind_direction-4] --Taking picture--
1749833516.0579884 [publish_wind_direction-4] --Processing Picture--
1749833516.0581949 [publish_wind_direction-4] No ArUco marker detected.
1749833516.0584052 [publish_wind_direction-4] --Picture Processing Done--
1749833516.0585968 [publish_wind_direction-4] --Taking picture--
1749833516.0588162 [publish_wind_direction-4] --Processing Picture--
1749833516.0590165 [publish_wind_direction-4] --Picture Processing Done--
1749833516.0592363 [publish_wind_direction-4] --Taking picture--
1749833516.0594831 [publish_wind_direction-4] --Processing Picture--
1749833516.0596735 [publish_wind_direction-4] --Picture Processing Done--
1749833516.0598974 [publish_wind_direction-4] --Taking picture--
1749833516.0601146 [publish_wind_direction-4] --Processing Picture--
1749833516.0603151 [publish_wind_direction-4] --Picture Processing Done--
1749833516.0605443 [publish_wind_direction-4] --Taking picture--
1749833516.0607424 [publish_wind_direction-4] --Processing Picture--
1749833516.0610251 [publish_wind_direction-4] No ArUco marker detected.
1749833516.0613260 [publish_wind_direction-4] --Picture Processing Done--
1749833516.0615749 [publish_wind_direction-4] --Taking picture--
1749833516.0618258 [publish_wind_direction-4] --Processing Picture--
1749833516.0620451 [publish_wind_direction-4] --Picture Processing Done--
1749833516.0622535 [publish_wind_direction-4] --Taking picture--
1749833516.0624754 [publish_wind_direction-4] --Processing Picture--
1749833516.0627108 [publish_wind_direction-4] --Picture Processing Done--
1749833516.0629120 [publish_wind_direction-4] --Taking picture--
1749833516.0631332 [publish_wind_direction-4] --Processing Picture--
1749833516.0633757 [publish_wind_direction-4] --Picture Processing Done--
1749833516.0636158 [publish_wind_direction-4] --Taking picture--
1749833516.0638547 [publish_wind_direction-4] --Processing Picture--
1749833516.0640743 [publish_wind_direction-4] --Picture Processing Done--
1749833516.0642989 [publish_wind_direction-4] --Taking picture--
1749833516.0645189 [publish_wind_direction-4] --Processing Picture--
1749833516.0647328 [publish_wind_direction-4] --Picture Processing Done--
1749833516.0649266 [publish_wind_direction-4] --Taking picture--
1749833516.0651071 [publish_wind_direction-4] --Processing Picture--
1749833516.0652957 [publish_wind_direction-4] --Picture Processing Done--
1749833516.0654943 [publish_wind_direction-4] --Taking picture--
1749833516.0656748 [publish_wind_direction-4] --Processing Picture--
1749833516.0658278 [publish_wind_direction-4] --Picture Processing Done--
1749833516.0659778 [publish_wind_direction-4] --Taking picture--
1749833516.0661302 [publish_wind_direction-4] --Processing Picture--
1749833516.0662785 [publish_wind_direction-4] --Picture Processing Done--
1749833516.0664306 [publish_wind_direction-4] --Taking picture--
1749833516.0666096 [publish_wind_direction-4] --Processing Picture--
1749833516.0667701 [publish_wind_direction-4] --Picture Processing Done--
1749833516.0669205 [publish_wind_direction-4] --Taking picture--
1749833516.0670686 [publish_wind_direction-4] --Processing Picture--
1749833516.0672133 [publish_wind_direction-4] --Picture Processing Done--
1749833516.0674050 [publish_wind_direction-4] --Taking picture--
1749833516.0675831 [publish_wind_direction-4] --Processing Picture--
1749833516.0677757 [publish_wind_direction-4] --Picture Processing Done--
1749833516.0679581 [publish_wind_direction-4] --Taking picture--
1749833516.0681541 [publish_wind_direction-4] --Processing Picture--
1749833516.0683305 [publish_wind_direction-4] --Picture Processing Done--
1749833516.0684872 [publish_wind_direction-4] --Taking picture--
1749833516.0686574 [publish_wind_direction-4] --Processing Picture--
1749833516.0688419 [publish_wind_direction-4] --Picture Processing Done--
1749833516.0690532 [publish_wind_direction-4] --Taking picture--
1749833516.0692773 [publish_wind_direction-4] --Processing Picture--
1749833516.0695188 [publish_wind_direction-4] --Picture Processing Done--
1749833516.0697584 [publish_wind_direction-4] --Taking picture--
1749833516.0700080 [publish_wind_direction-4] --Processing Picture--
1749833516.0702467 [publish_wind_direction-4] --Picture Processing Done--
1749833516.0704794 [publish_wind_direction-4] --Taking picture--
1749833516.0706706 [publish_wind_direction-4] --Processing Picture--
1749833516.0708418 [publish_wind_direction-4] --Picture Processing Done--
1749833516.0709980 [publish_wind_direction-4] --Taking picture--
1749833516.0711744 [publish_wind_direction-4] --Processing Picture--
1749833516.0714202 [publish_wind_direction-4] --Picture Processing Done--
1749833516.0716772 [publish_wind_direction-4] --Taking picture--
1749833516.0719459 [publish_wind_direction-4] --Processing Picture--
1749833516.0722015 [publish_wind_direction-4] --Picture Processing Done--
1749833516.0724268 [publish_wind_direction-4] --Taking picture--
1749833516.0726755 [publish_wind_direction-4] --Processing Picture--
1749833516.0729337 [publish_wind_direction-4] --Picture Processing Done--
1749833516.0731740 [publish_wind_direction-4] --Taking picture--
1749833516.0733476 [publish_wind_direction-4] --Processing Picture--
1749833516.0735285 [publish_wind_direction-4] --Picture Processing Done--
1749833516.0737407 [publish_wind_direction-4] --Taking picture--
1749833516.0739672 [publish_wind_direction-4] --Processing Picture--
1749833516.0741899 [publish_wind_direction-4] --Picture Processing Done--
1749833516.0743954 [publish_wind_direction-4] --Taking picture--
1749833516.0746150 [publish_wind_direction-4] --Processing Picture--
1749833516.0748119 [publish_wind_direction-4] --Picture Processing Done--
1749833516.0750141 [publish_wind_direction-4] --Taking picture--
1749833516.0752196 [publish_wind_direction-4] --Processing Picture--
1749833516.0754941 [publish_wind_direction-4] --Picture Processing Done--
1749833516.0756898 [publish_wind_direction-4] --Taking picture--
1749833516.0760448 [publish_wind_direction-4] --Processing Picture--
1749833516.0765033 [publish_wind_direction-4] --Picture Processing Done--
1749833516.0767438 [publish_wind_direction-4] --Taking picture--
1749833516.0769238 [publish_wind_direction-4] --Processing Picture--
1749833516.0771146 [publish_wind_direction-4] --Picture Processing Done--
1749833516.0772972 [publish_wind_direction-4] --Taking picture--
1749833516.0774899 [publish_wind_direction-4] --Processing Picture--
1749833516.0776997 [publish_wind_direction-4] --Picture Processing Done--
1749833516.0778847 [publish_wind_direction-4] --Taking picture--
1749833516.0780933 [publish_wind_direction-4] --Processing Picture--
1749833516.0783193 [publish_wind_direction-4] --Picture Processing Done--
1749833516.0785341 [publish_wind_direction-4] --Taking picture--
1749833516.0787506 [publish_wind_direction-4] --Processing Picture--
1749833516.0789771 [publish_wind_direction-4] --Picture Processing Done--
1749833516.0792274 [publish_wind_direction-4] --Taking picture--
1749833516.0795569 [publish_wind_direction-4] --Processing Picture--
1749833516.0797760 [publish_wind_direction-4] No ArUco marker detected.
1749833516.0799682 [publish_wind_direction-4] --Picture Processing Done--
1749833516.0801671 [publish_wind_direction-4] --Taking picture--
1749833516.0803680 [publish_wind_direction-4] --Processing Picture--
1749833516.0805717 [publish_wind_direction-4] --Picture Processing Done--
1749833516.0807946 [publish_wind_direction-4] --Taking picture--
1749833516.0810370 [publish_wind_direction-4] --Processing Picture--
1749833516.0812764 [publish_wind_direction-4] --Picture Processing Done--
1749833516.0814877 [publish_wind_direction-4] --Taking picture--
1749833516.0817280 [publish_wind_direction-4] --Processing Picture--
1749833516.0819802 [publish_wind_direction-4] --Picture Processing Done--
1749833516.0822344 [publish_wind_direction-4] --Taking picture--
1749833516.0824814 [publish_wind_direction-4] --Processing Picture--
1749833516.0827532 [publish_wind_direction-4] --Picture Processing Done--
1749833516.0831885 [publish_wind_direction-4] --Taking picture--
1749833516.0837390 [publish_wind_direction-4] --Processing Picture--
1749833516.0842834 [publish_wind_direction-4] --Picture Processing Done--
1749833516.0848186 [publish_wind_direction-4] --Taking picture--
1749833516.0853760 [publish_wind_direction-4] --Processing Picture--
1749833516.0858936 [publish_wind_direction-4] --Picture Processing Done--
1749833516.0864372 [publish_wind_direction-4] --Taking picture--
1749833516.0869546 [publish_wind_direction-4] --Processing Picture--
1749833516.0873480 [publish_wind_direction-4] --Picture Processing Done--
1749833516.0876687 [publish_wind_direction-4] --Taking picture--
1749833516.0878932 [publish_wind_direction-4] --Processing Picture--
1749833516.0880914 [publish_wind_direction-4] --Picture Processing Done--
1749833516.0882809 [publish_wind_direction-4] --Taking picture--
1749833516.0884683 [publish_wind_direction-4] --Processing Picture--
1749833516.0887179 [publish_wind_direction-4] --Picture Processing Done--
1749833516.0889103 [publish_wind_direction-4] --Taking picture--
1749833516.0891411 [publish_wind_direction-4] --Processing Picture--
1749833516.0893545 [publish_wind_direction-4] --Picture Processing Done--
1749833516.0895519 [publish_wind_direction-4] --Taking picture--
1749833516.0897233 [publish_wind_direction-4] --Processing Picture--
1749833516.0898941 [publish_wind_direction-4] --Picture Processing Done--
1749833516.0900683 [publish_wind_direction-4] --Taking picture--
1749833516.0902579 [publish_wind_direction-4] --Processing Picture--
1749833516.0904703 [publish_wind_direction-4] --Picture Processing Done--
1749833516.0906832 [publish_wind_direction-4] --Taking picture--
1749833516.0908844 [publish_wind_direction-4] --Processing Picture--
1749833516.0910707 [publish_wind_direction-4] --Picture Processing Done--
1749833516.0912468 [publish_wind_direction-4] --Taking picture--
1749833516.0915039 [publish_wind_direction-4] --Processing Picture--
1749833516.0916986 [publish_wind_direction-4] --Picture Processing Done--
1749833516.0918825 [publish_wind_direction-4] --Taking picture--
1749833516.0920680 [publish_wind_direction-4] --Processing Picture--
1749833516.0922513 [publish_wind_direction-4] --Picture Processing Done--
1749833516.0924366 [publish_wind_direction-4] --Taking picture--
1749833516.0926220 [publish_wind_direction-4] --Processing Picture--
1749833516.0928032 [publish_wind_direction-4] --Picture Processing Done--
1749833516.0930023 [publish_wind_direction-4] --Taking picture--
1749833516.0932236 [publish_wind_direction-4] --Processing Picture--
1749833516.0934303 [publish_wind_direction-4] --Picture Processing Done--
1749833516.0936456 [publish_wind_direction-4] --Taking picture--
1749833516.0941327 [publish_wind_direction-4] --Processing Picture--
1749833516.0947073 [publish_wind_direction-4] --Picture Processing Done--
1749833516.0952725 [publish_wind_direction-4] --Taking picture--
1749833516.0958374 [publish_wind_direction-4] --Processing Picture--
1749833516.0964341 [publish_wind_direction-4] --Picture Processing Done--
1749833516.0971043 [publish_wind_direction-4] --Taking picture--
1749833516.0977805 [publish_wind_direction-4] --Processing Picture--
1749833516.0984397 [publish_wind_direction-4] --Picture Processing Done--
1749833516.0989745 [publish_wind_direction-4] --Taking picture--
1749833516.0997596 [publish_wind_direction-4] --Processing Picture--
1749833516.1004069 [publish_wind_direction-4] --Picture Processing Done--
1749833516.1010039 [publish_wind_direction-4] --Taking picture--
1749833516.1015880 [publish_wind_direction-4] --Processing Picture--
1749833516.1021969 [publish_wind_direction-4] No ArUco marker detected.
1749833516.1027477 [publish_wind_direction-4] --Picture Processing Done--
1749833516.1033437 [publish_wind_direction-4] --Taking picture--
1749833516.1039145 [publish_wind_direction-4] --Processing Picture--
1749833516.1045003 [publish_wind_direction-4] --Picture Processing Done--
1749833516.1051271 [publish_wind_direction-4] --Taking picture--
1749833516.1057980 [publish_wind_direction-4] --Processing Picture--
1749833516.1064079 [publish_wind_direction-4] --Picture Processing Done--
1749833516.1070006 [publish_wind_direction-4] --Taking picture--
1749833516.1076424 [publish_wind_direction-4] --Processing Picture--
1749833516.1083724 [publish_wind_direction-4] --Picture Processing Done--
1749833516.1090226 [publish_wind_direction-4] --Taking picture--
1749833516.1096649 [publish_wind_direction-4] --Processing Picture--
1749833516.1102772 [publish_wind_direction-4] --Picture Processing Done--
1749833516.1108899 [publish_wind_direction-4] --Taking picture--
1749833516.1114776 [publish_wind_direction-4] --Processing Picture--
1749833516.1120093 [publish_wind_direction-4] --Picture Processing Done--
1749833516.1126573 [publish_wind_direction-4] --Taking picture--
1749833516.1132975 [publish_wind_direction-4] --Processing Picture--
1749833516.1138966 [publish_wind_direction-4] --Picture Processing Done--
1749833516.1144388 [publish_wind_direction-4] --Taking picture--
1749833516.1150181 [publish_wind_direction-4] --Processing Picture--
1749833516.1157064 [publish_wind_direction-4] --Picture Processing Done--
1749833516.1162679 [publish_wind_direction-4] --Taking picture--
1749833516.1168230 [publish_wind_direction-4] --Processing Picture--
1749833516.1173518 [publish_wind_direction-4] --Picture Processing Done--
1749833516.1178992 [publish_wind_direction-4] --Taking picture--
1749833516.1184161 [publish_wind_direction-4] --Processing Picture--
1749833516.1190896 [publish_wind_direction-4] --Picture Processing Done--
1749833516.2136495 [publish_wind_direction-4] Traceback (most recent call last):
1749833516.2157061 [publish_wind_direction-4]   File "/home/thymio/ros2_ws/install/wind_direction_detector/lib/wind_direction_detector/publish_wind_direction", line 33, in <module>
1749833516.2170458 [publish_wind_direction-4]     sys.exit(load_entry_point('wind-direction-detector==0.0.0', 'console_scripts', 'publish_wind_direction')())
1749833516.2179756 [publish_wind_direction-4]   File "/home/thymio/ros2_ws/install/wind_direction_detector/lib/python3.10/site-packages/wind_direction_detector/publish_direction.py", line 331, in main
1749833516.2189918 [publish_wind_direction-4]     rclpy.spin(wind_direction_sensor)
1749833516.2200360 [publish_wind_direction-4]   File "/opt/ros/humble/local/lib/python3.10/dist-packages/rclpy/__init__.py", line 226, in spin
1749833516.2213097 [publish_wind_direction-4]     executor.spin_once()
1749833516.2224605 [publish_wind_direction-4]   File "/opt/ros/humble/local/lib/python3.10/dist-packages/rclpy/executors.py", line 739, in spin_once
1749833516.2233624 [publish_wind_direction-4]     self._spin_once_impl(timeout_sec)
1749833516.2245538 [publish_wind_direction-4]   File "/opt/ros/humble/local/lib/python3.10/dist-packages/rclpy/executors.py", line 736, in _spin_once_impl
1749833516.2254992 [publish_wind_direction-4]     raise handler.exception()
1749833516.2268760 [publish_wind_direction-4]   File "/opt/ros/humble/local/lib/python3.10/dist-packages/rclpy/task.py", line 239, in __call__
1749833516.2283049 [publish_wind_direction-4]     self._handler.send(None)
1749833516.2292221 [publish_wind_direction-4]   File "/opt/ros/humble/local/lib/python3.10/dist-packages/rclpy/executors.py", line 437, in handler
1749833516.2303102 [publish_wind_direction-4]     await call_coroutine(entity, arg)
1749833516.2312934 [publish_wind_direction-4]   File "/opt/ros/humble/local/lib/python3.10/dist-packages/rclpy/executors.py", line 351, in _execute_timer
1749833516.2322400 [publish_wind_direction-4]     await await_or_execute(tmr.callback)
1749833516.2333024 [publish_wind_direction-4]   File "/opt/ros/humble/local/lib/python3.10/dist-packages/rclpy/executors.py", line 107, in await_or_execute
1749833516.2358489 [publish_wind_direction-4]     return callback(*args)
1749833516.2368054 [publish_wind_direction-4]   File "/home/thymio/ros2_ws/install/wind_direction_detector/lib/python3.10/site-packages/wind_direction_detector/publish_direction.py", line 169, in make_wind_direction_opinion
1749833516.2382643 [publish_wind_direction-4]     raise Exception
1749833516.2397976 [publish_wind_direction-4] Exception
1749833519.4225879 [ERROR] [publish_wind_direction-4]: process has died [pid 4674, exit code 1, cmd '/home/thymio/ros2_ws/install/wind_direction_detector/lib/wind_direction_detector/publish_wind_direction --ros-args -r __node:=publish_wind_direction'].
1749833551.9342804 [random_robot_move-1] [INFO] [1749833551.933548844] [random_robot_move]: robot move: excetion raised at 16:52:31
1749833551.9389389 [random_robot_move-1] [INFO] [1749833551.938327418] [random_robot_move]: Exception, shutting down
1749833555.0433838 [random_robot_move-1] Initializing Thymio Robot
1749833555.0437465 [random_robot_move-1] Thymio 1 is connected
1749833555.0439301 [random_robot_move-1] ['_id', 'event.source', 'event.args', '_fwversion', '_productId', 'buttons._raw', 'button.backward', 'button.left', 'button.center', 'button.forward', 'button.right', 'buttons._mean', 'buttons._noise', 'prox.horizontal', 'prox.comm.rx._payloads', 'prox.comm.rx._intensities', 'prox.comm.rx', 'prox.comm.tx', 'prox.ground.ambiant', 'prox.ground.reflected', 'prox.ground.delta', 'motor.left.target', 'motor.right.target', '_vbat', '_imot', 'motor.left.speed', 'motor.right.speed', 'motor.left.pwm', 'motor.right.pwm', '_integrator', 'acc', 'leds.top', 'leds.bottom.left', 'leds.bottom.right', 'leds.circle', 'temperature', 'rc5.address', 'rc5.command', 'mic.intensity', 'mic.threshold', 'mic._mean', 'timer.period', 'acc._tap', 'sd.present']
1749833555.0441473 [random_robot_move-1] Robot connected
1749833555.0443082 [random_robot_move-1] on arena edge
1749833555.0444496 [random_robot_move-1] Starting Collision avoidance
1749833555.0445955 [random_robot_move-1] Move back
1749833555.0447290 [random_robot_move-1] Turn
1749833555.0448484 [random_robot_move-1] Prox 0: 2981, Prox 1: 3028,  Prox 2: 2451, Prox 3: 2542
1749833555.0449693 [random_robot_move-1] collision avoidance
1749833555.0450866 [random_robot_move-1] Starting Collision avoidance
1749833555.0452056 [random_robot_move-1] Move back
1749833555.0453217 [random_robot_move-1] Turn
1749833555.0454397 [random_robot_move-1] consecutive hits:  601
1749833555.0455575 [random_robot_move-1] consecutive hits:  324
1749833555.0456760 [random_robot_move-1] consecutive hits:  344
1749833555.0457928 [random_robot_move-1] Prox 0: 0, Prox 1: 0,  Prox 2: 1340, Prox 3: 0
1749833555.0459156 [random_robot_move-1] collision avoidance
1749833555.0460494 [random_robot_move-1] Starting Collision avoidance
1749833555.0461826 [random_robot_move-1] Move back
1749833555.0463026 [random_robot_move-1] Turn
1749833555.0464194 [random_robot_move-1] consecutive hits:  601
1749833555.0465367 [random_robot_move-1] on arena edge
1749833555.0466542 [random_robot_move-1] Starting Collision avoidance
1749833555.0467703 [random_robot_move-1] Move back
1749833555.0468860 [random_robot_move-1] Turn
1749833555.0470016 [random_robot_move-1] consecutive hits:  332
1749833555.0471184 [random_robot_move-1] consecutive hits:  334
1749833555.0472357 [random_robot_move-1] on arena edge
1749833555.0473909 [random_robot_move-1] Starting Collision avoidance
1749833555.0475228 [random_robot_move-1] Move back
1749833555.0476441 [random_robot_move-1] Turn
1749833555.0477607 [random_robot_move-1] Prox 0: 1374, Prox 1: 0,  Prox 2: 0, Prox 3: 0
1749833555.0478761 [random_robot_move-1] collision avoidance
1749833555.0479920 [random_robot_move-1] Starting Collision avoidance
1749833555.0481076 [random_robot_move-1] Move back
1749833555.0482223 [random_robot_move-1] Turn
1749833555.0483372 [random_robot_move-1] consecutive hits:  601
1749833555.0484507 [random_robot_move-1] consecutive hits:  342
1749833555.0485659 [random_robot_move-1] Prox 0: 0, Prox 1: 0,  Prox 2: 0, Prox 3: 1469
1749833555.0486803 [random_robot_move-1] collision avoidance
1749833555.0487962 [random_robot_move-1] Starting Collision avoidance
1749833555.0489106 [random_robot_move-1] Move back
1749833555.0490251 [random_robot_move-1] Turn
1749833555.0491395 [random_robot_move-1] consecutive hits:  601
1749833555.0492549 [random_robot_move-1] Prox 0: 0, Prox 1: 0,  Prox 2: 0, Prox 3: 1238
1749833555.0493691 [random_robot_move-1] collision avoidance
1749833555.0494843 [random_robot_move-1] Starting Collision avoidance
1749833555.0495985 [random_robot_move-1] Move back
1749833555.0497131 [random_robot_move-1] Turn
1749833555.0498273 [random_robot_move-1] consecutive hits:  601
1749833555.0499418 [random_robot_move-1] Prox 0: 0, Prox 1: 0,  Prox 2: 1433, Prox 3: 0
1749833555.0500550 [random_robot_move-1] collision avoidance
1749833555.0501697 [random_robot_move-1] Starting Collision avoidance
1749833555.0502837 [random_robot_move-1] Move back
1749833555.0503969 [random_robot_move-1] Turn
1749833555.0505111 [random_robot_move-1] consecutive hits:  601
1749833555.0506251 [random_robot_move-1] Prox 0: 0, Prox 1: 1587,  Prox 2: 0, Prox 3: 0
1749833555.0507395 [random_robot_move-1] collision avoidance
1749833555.0508544 [random_robot_move-1] Starting Collision avoidance
1749833555.0509686 [random_robot_move-1] Move back
1749833555.0510821 [random_robot_move-1] Turn
1749833555.0512338 [random_robot_move-1] consecutive hits:  601
1749833555.0513830 [random_robot_move-1] consecutive hits:  340
1749833555.0515046 [random_robot_move-1] consecutive hits:  336
1749833555.0516210 [random_robot_move-1] Prox 0: 0, Prox 1: 0,  Prox 2: 0, Prox 3: 0
1749833555.0517375 [random_robot_move-1] collision avoidance
1749833555.0518527 [random_robot_move-1] Starting Collision avoidance
1749833555.0519674 [random_robot_move-1] Move back
1749833555.0520825 [random_robot_move-1] Turn
1749833555.0521970 [random_robot_move-1] consecutive hits:  601
1749833555.0523117 [random_robot_move-1] Prox 0: 0, Prox 1: 1294,  Prox 2: 0, Prox 3: 0
1749833555.0524254 [random_robot_move-1] collision avoidance
1749833555.0525393 [random_robot_move-1] Starting Collision avoidance
1749833555.0526540 [random_robot_move-1] Move back
1749833555.0527689 [random_robot_move-1] Turn
1749833555.0528831 [random_robot_move-1] consecutive hits:  601
1749833555.0529978 [random_robot_move-1] consecutive hits:  351
1749833555.0531123 [random_robot_move-1] Prox 0: 0, Prox 1: 0,  Prox 2: 0, Prox 3: 0
1749833555.0532260 [random_robot_move-1] collision avoidance
1749833555.0533404 [random_robot_move-1] Starting Collision avoidance
1749833555.0534546 [random_robot_move-1] Move back
1749833555.0535688 [random_robot_move-1] Turn
1749833555.0536835 [random_robot_move-1] consecutive hits:  601
1749833555.0537977 [random_robot_move-1] consecutive hits:  330
1749833555.0539126 [random_robot_move-1] Prox 0: 0, Prox 1: 0,  Prox 2: 1637, Prox 3: 0
1749833555.0540268 [random_robot_move-1] collision avoidance
1749833555.0541406 [random_robot_move-1] Starting Collision avoidance
1749833555.0542543 [random_robot_move-1] Move back
1749833555.0543680 [random_robot_move-1] Turn
1749833555.0544834 [random_robot_move-1] consecutive hits:  601
1749833555.0545981 [random_robot_move-1] on arena edge
1749833555.0547121 [random_robot_move-1] Starting Collision avoidance
1749833555.0548258 [random_robot_move-1] Move back
1749833555.0549397 [random_robot_move-1] Turn
1749833555.0550535 [random_robot_move-1] consecutive hits:  503
1749833555.0551674 [random_robot_move-1] consecutive hits:  347
1749833555.0552828 [random_robot_move-1] Prox 0: 0, Prox 1: 0,  Prox 2: 1375, Prox 3: 0
1749833555.0554304 [random_robot_move-1] collision avoidance
1749833555.0555491 [random_robot_move-1] Starting Collision avoidance
1749833555.0556641 [random_robot_move-1] Move back
1749833555.0557802 [random_robot_move-1] Turn
1749833555.0558944 [random_robot_move-1] consecutive hits:  601
1749833555.0560091 [random_robot_move-1] consecutive hits:  341
1749833555.0561237 [random_robot_move-1] Prox 0: 1449, Prox 1: 0,  Prox 2: 0, Prox 3: 0
1749833555.0562382 [random_robot_move-1] collision avoidance
1749833555.0563521 [random_robot_move-1] Starting Collision avoidance
1749833555.0564659 [random_robot_move-1] Move back
1749833555.0565794 [random_robot_move-1] Turn
1749833555.0566950 [random_robot_move-1] consecutive hits:  601
1749833555.0568092 [random_robot_move-1] consecutive hits:  246
1749833555.0569234 [random_robot_move-1] Prox 0: 0, Prox 1: 0,  Prox 2: 1275, Prox 3: 0
1749833555.0570378 [random_robot_move-1] collision avoidance
1749833555.0571516 [random_robot_move-1] Starting Collision avoidance
1749833555.0572648 [random_robot_move-1] Move back
1749833555.0573776 [random_robot_move-1] Turn
1749833555.0574903 [random_robot_move-1] consecutive hits:  601
1749833555.0576041 [random_robot_move-1] consecutive hits:  348
1749833555.0577185 [random_robot_move-1] Prox 0: 0, Prox 1: 0,  Prox 2: 1373, Prox 3: 1198
1749833555.0578327 [random_robot_move-1] collision avoidance
1749833555.0579472 [random_robot_move-1] Starting Collision avoidance
1749833555.0580609 [random_robot_move-1] Move back
1749833555.0581741 [random_robot_move-1] Turn
1749833555.0582883 [random_robot_move-1] consecutive hits:  601
1749833555.0584033 [random_robot_move-1] Prox 0: 0, Prox 1: 0,  Prox 2: 0, Prox 3: 0
1749833555.0585167 [random_robot_move-1] collision avoidance
1749833555.0586309 [random_robot_move-1] Starting Collision avoidance
1749833555.0587747 [random_robot_move-1] Move back
1749833555.0588913 [random_robot_move-1] Turn
1749833555.0590060 [random_robot_move-1] consecutive hits:  601
1749833650.2522023 [WARNING] [launch]: user interrupted with ctrl-c (SIGINT)
1749833650.2732434 [random_robot_move-1] Exception ignored in: <module 'threading' from '/usr/lib/python3.10/threading.py'>
1749833650.2748988 [random_robot_move-1] Traceback (most recent call last):
1749833650.2764924 [random_robot_move-1]   File "/usr/lib/python3.10/threading.py", line 1567, in _shutdown
1749833650.2792406 [random_robot_move-1]     lock.acquire()
1749833650.2805769 [random_robot_move-1] KeyboardInterrupt: 
1749833650.2829165 [service_vicon_node-2] [INFO] [1749833650.260046767] [service_vicon_node]: Stopping, Keyboard Interrupt
1749833650.2843955 [service_vicon_node-2] Failed to publish log message to rosout: publisher's context is invalid, at ./src/rcl/publisher.c:389
1749833650.2867498 [service_neighbours_opinions-3] [INFO] [1749833650.260616822] [service_neighbours_opinions]: Stopping, Keyboard Interrupt
1749833650.2882013 [service_neighbours_opinions-3] Failed to publish log message to rosout: publisher's context is invalid, at ./src/rcl/publisher.c:389
1749833650.5024436 [INFO] [random_robot_move-1]: process has finished cleanly [pid 4668]
1749833652.2236936 [WARNING] [launch]: user interrupted with ctrl-c (SIGINT) again, ignoring...
1749833652.3554657 [service_vicon_node-2] Traceback (most recent call last):
1749833652.3559616 [service_vicon_node-2]   File "/home/thymio/ros2_ws/install/wind_direction_detector/lib/python3.10/site-packages/wind_direction_detector/vicon_node.py", line 152, in main
1749833652.3572705 [service_vicon_node-2]     rclpy.spin(vicon_node)
1749833652.3578262 [service_vicon_node-2]   File "/opt/ros/humble/local/lib/python3.10/dist-packages/rclpy/__init__.py", line 226, in spin
1749833652.3582697 [service_vicon_node-2]     executor.spin_once()
1749833652.3587179 [service_vicon_node-2]   File "/opt/ros/humble/local/lib/python3.10/dist-packages/rclpy/executors.py", line 739, in spin_once
1749833652.3594182 [service_vicon_node-2]     self._spin_once_impl(timeout_sec)
1749833652.3600132 [service_vicon_node-2]   File "/opt/ros/humble/local/lib/python3.10/dist-packages/rclpy/executors.py", line 728, in _spin_once_impl
1749833652.3613002 [service_vicon_node-2]     handler, entity, node = self.wait_for_ready_callbacks(timeout_sec=timeout_sec)
1749833652.3617668 [service_vicon_node-2]   File "/opt/ros/humble/local/lib/python3.10/dist-packages/rclpy/executors.py", line 711, in wait_for_ready_callbacks
1749833652.3621325 [service_vicon_node-2]     return next(self._cb_iter)
1749833652.3625715 [service_vicon_node-2]   File "/opt/ros/humble/local/lib/python3.10/dist-packages/rclpy/executors.py", line 608, in _wait_for_ready_callbacks
1749833652.3635461 [service_vicon_node-2]     wait_set.wait(timeout_nsec)
1749833652.3644068 [service_vicon_node-2] KeyboardInterrupt
1749833652.3651206 [service_vicon_node-2] 
1749833652.3660450 [service_vicon_node-2] During handling of the above exception, another exception occurred:
1749833652.3668644 [service_vicon_node-2] 
1749833652.3680332 [service_vicon_node-2] Traceback (most recent call last):
1749833652.3689580 [service_vicon_node-2]   File "/home/thymio/ros2_ws/install/wind_direction_detector/lib/python3.10/site-packages/wind_direction_detector/vicon_node.py", line 156, in main
1749833652.3698349 [service_vicon_node-2]     vicon_node.destroy_node()
1749833652.3706656 [service_vicon_node-2]   File "/opt/ros/humble/local/lib/python3.10/dist-packages/rclpy/node.py", line 1685, in destroy_node
1749833652.3715482 [service_vicon_node-2]     self.destroy_service(self._services[0])
1749833652.3724494 [service_vicon_node-2]   File "/opt/ros/humble/local/lib/python3.10/dist-packages/rclpy/node.py", line 1609, in destroy_service
1749833652.3734627 [service_vicon_node-2]     service.destroy()
1749833652.3751271 [service_vicon_node-2]   File "/opt/ros/humble/local/lib/python3.10/dist-packages/rclpy/service.py", line 87, in destroy
1749833652.3797789 [service_vicon_node-2]     self.__service.destroy_when_not_in_use()
1749833652.3815086 [service_vicon_node-2] KeyboardInterrupt
1749833652.3831081 [service_vicon_node-2] 
1749833652.3846545 [service_vicon_node-2] During handling of the above exception, another exception occurred:
1749833652.3861508 [service_vicon_node-2] 
1749833652.3876507 [service_vicon_node-2] Traceback (most recent call last):
1749833652.3890972 [service_vicon_node-2]   File "/home/thymio/ros2_ws/install/wind_direction_detector/lib/wind_direction_detector/service_vicon_node", line 33, in <module>
1749833652.3906400 [service_vicon_node-2]     sys.exit(load_entry_point('wind-direction-detector==0.0.0', 'console_scripts', 'service_vicon_node')())
1749833652.3922446 [service_vicon_node-2]   File "/home/thymio/ros2_ws/install/wind_direction_detector/lib/python3.10/site-packages/wind_direction_detector/vicon_node.py", line 161, in main
1749833652.3940392 [service_vicon_node-2]     rclpy.shutdown()
1749833652.3956542 [service_vicon_node-2]   File "/opt/ros/humble/local/lib/python3.10/dist-packages/rclpy/__init__.py", line 130, in shutdown
1749833652.3973460 [service_vicon_node-2]     _shutdown(context=context)
1749833652.3990891 [service_vicon_node-2]   File "/opt/ros/humble/local/lib/python3.10/dist-packages/rclpy/utilities.py", line 58, in shutdown
1749833652.4007819 [service_vicon_node-2]     return context.shutdown()
1749833652.4023952 [service_vicon_node-2]   File "/opt/ros/humble/local/lib/python3.10/dist-packages/rclpy/context.py", line 102, in shutdown
1749833652.4040313 [service_vicon_node-2]     self.__context.shutdown()
1749833652.4054642 [service_vicon_node-2] rclpy._rclpy_pybind11.RCLError: failed to shutdown: rcl_shutdown already called on the given context, at ./src/rcl/init.c:241
1749833652.4087954 [service_neighbours_opinions-3] Traceback (most recent call last):
1749833652.4104435 [service_neighbours_opinions-3]   File "/home/thymio/ros2_ws/install/wind_direction_detector/lib/python3.10/site-packages/wind_direction_detector/neighbours_opinion_node.py", line 111, in main
1749833652.4120190 [service_neighbours_opinions-3]     rclpy.spin(neighbours_node)
1749833652.4136739 [service_neighbours_opinions-3]   File "/opt/ros/humble/local/lib/python3.10/dist-packages/rclpy/__init__.py", line 226, in spin
1749833652.4152644 [service_neighbours_opinions-3]     executor.spin_once()
1749833652.4170115 [service_neighbours_opinions-3]   File "/opt/ros/humble/local/lib/python3.10/dist-packages/rclpy/executors.py", line 739, in spin_once
1749833652.4182260 [service_neighbours_opinions-3]     self._spin_once_impl(timeout_sec)
1749833652.4195695 [service_neighbours_opinions-3]   File "/opt/ros/humble/local/lib/python3.10/dist-packages/rclpy/executors.py", line 728, in _spin_once_impl
1749833652.4209108 [service_neighbours_opinions-3]     handler, entity, node = self.wait_for_ready_callbacks(timeout_sec=timeout_sec)
1749833652.4223180 [service_neighbours_opinions-3]   File "/opt/ros/humble/local/lib/python3.10/dist-packages/rclpy/executors.py", line 711, in wait_for_ready_callbacks
1749833652.4240322 [service_neighbours_opinions-3]     return next(self._cb_iter)
1749833652.4256015 [service_neighbours_opinions-3]   File "/opt/ros/humble/local/lib/python3.10/dist-packages/rclpy/executors.py", line 608, in _wait_for_ready_callbacks
1749833652.4273596 [service_neighbours_opinions-3]     wait_set.wait(timeout_nsec)
1749833652.4288445 [service_neighbours_opinions-3] KeyboardInterrupt
1749833652.4302444 [service_neighbours_opinions-3] 
1749833652.4317179 [service_neighbours_opinions-3] During handling of the above exception, another exception occurred:
1749833652.4330709 [service_neighbours_opinions-3] 
1749833652.4344697 [service_neighbours_opinions-3] Traceback (most recent call last):
1749833652.4363868 [service_neighbours_opinions-3]   File "/home/thymio/ros2_ws/install/wind_direction_detector/lib/python3.10/site-packages/wind_direction_detector/neighbours_opinion_node.py", line 115, in main
1749833652.4380164 [service_neighbours_opinions-3]     neighbours_node.destroy_node()
1749833652.4399807 [service_neighbours_opinions-3]   File "/opt/ros/humble/local/lib/python3.10/dist-packages/rclpy/node.py", line 1681, in destroy_node
1749833652.4417875 [service_neighbours_opinions-3]     self.destroy_subscription(self._subscriptions[0])
1749833652.4434969 [service_neighbours_opinions-3]   File "/opt/ros/humble/local/lib/python3.10/dist-packages/rclpy/node.py", line 1577, in destroy_subscription
1749833652.4453440 [service_neighbours_opinions-3]     subscription.destroy()
1749833652.4470601 [service_neighbours_opinions-3]   File "/opt/ros/humble/local/lib/python3.10/dist-packages/rclpy/subscription.py", line 80, in destroy
1749833652.4491565 [service_neighbours_opinions-3]     self.handle.destroy_when_not_in_use()
1749833652.4515841 [service_neighbours_opinions-3] KeyboardInterrupt
1749833652.4540031 [service_neighbours_opinions-3] 
1749833652.4569991 [service_neighbours_opinions-3] During handling of the above exception, another exception occurred:
1749833652.4595482 [service_neighbours_opinions-3] 
1749833652.4617743 [service_neighbours_opinions-3] Traceback (most recent call last):
1749833652.4639814 [service_neighbours_opinions-3]   File "/home/thymio/ros2_ws/install/wind_direction_detector/lib/wind_direction_detector/service_neighbours_opinions", line 33, in <module>
1749833652.4662936 [service_neighbours_opinions-3]     sys.exit(load_entry_point('wind-direction-detector==0.0.0', 'console_scripts', 'service_neighbours_opinions')())
1749833652.4685307 [service_neighbours_opinions-3]   File "/home/thymio/ros2_ws/install/wind_direction_detector/lib/python3.10/site-packages/wind_direction_detector/neighbours_opinion_node.py", line 121, in main
1749833652.4707501 [service_neighbours_opinions-3]     rclpy.shutdown()
1749833652.4731693 [service_neighbours_opinions-3]   File "/opt/ros/humble/local/lib/python3.10/dist-packages/rclpy/__init__.py", line 130, in shutdown
1749833652.4753573 [service_neighbours_opinions-3]     _shutdown(context=context)
1749833652.4773057 [service_neighbours_opinions-3]   File "/opt/ros/humble/local/lib/python3.10/dist-packages/rclpy/utilities.py", line 58, in shutdown
1749833652.4792953 [service_neighbours_opinions-3]     return context.shutdown()
1749833652.4812791 [service_neighbours_opinions-3]   File "/opt/ros/humble/local/lib/python3.10/dist-packages/rclpy/context.py", line 102, in shutdown
1749833652.4835756 [service_neighbours_opinions-3]     self.__context.shutdown()
1749833652.4857624 [service_neighbours_opinions-3] rclpy._rclpy_pybind11.RCLError: failed to shutdown: rcl_shutdown already called on the given context, at ./src/rcl/init.c:241
1749833655.2721314 [ERROR] [service_neighbours_opinions-3]: process[service_neighbours_opinions-3] failed to terminate '5' seconds after receiving 'SIGINT', escalating to 'SIGTERM'
1749833655.2766554 [ERROR] [service_vicon_node-2]: process[service_vicon_node-2] failed to terminate '5' seconds after receiving 'SIGINT', escalating to 'SIGTERM'
1749833655.2794123 [INFO] [service_neighbours_opinions-3]: sending signal 'SIGTERM' to process[service_neighbours_opinions-3]
1749833655.2834227 [INFO] [service_vicon_node-2]: sending signal 'SIGTERM' to process[service_vicon_node-2]
1749833656.6463306 [ERROR] [service_vicon_node-2]: process has died [pid 4670, exit code 1, cmd '/home/thymio/ros2_ws/install/wind_direction_detector/lib/wind_direction_detector/service_vicon_node --ros-args -r __node:=service_vicon_node'].
1749833660.2741325 [ERROR] [service_neighbours_opinions-3]: process[service_neighbours_opinions-3] failed to terminate '10.0' seconds after receiving 'SIGTERM', escalating to 'SIGKILL'
1749833660.2775836 [INFO] [service_neighbours_opinions-3]: sending signal 'SIGKILL' to process[service_neighbours_opinions-3]
1749833660.2950580 [ERROR] [service_neighbours_opinions-3]: process has died [pid 4672, exit code -9, cmd '/home/thymio/ros2_ws/install/wind_direction_detector/lib/wind_direction_detector/service_neighbours_opinions --ros-args -r __node:=service_neighbours_opinions'].
