1749839949.2491128 [INFO] [launch]: All log files can be found below /home/thymio/ros_logs/2025-06-13-18-39-09-245650-thymio-7263
1749839949.2496898 [INFO] [launch]: Default logging verbosity is set to INFO
1749839949.4706089 [INFO] [service_vicon_node-1]: process started with pid [7264]
1749839949.4713719 [INFO] [service_neighbours_opinions-2]: process started with pid [7266]
1749839949.4719718 [INFO] [random_robot_move-3]: process started with pid [7268]
1749839949.4724944 [INFO] [publish_wind_direction-4]: process started with pid [7270]
1749839951.0501251 [publish_wind_direction-4] /usr/lib/python3/dist-packages/scipy/__init__.py:146: UserWarning: A NumPy version >=1.17.3 and <1.25.0 is required for this version of SciPy (detected version 1.26.4
1749839951.0508037 [publish_wind_direction-4]   warnings.warn(f"A NumPy version >={np_minversion} and <{np_maxversion}"
1749839951.1709998 [service_neighbours_opinions-2] [INFO] [1749839951.170208379] [service_neighbours_opinions]: Physical Ip=192.168.3.80, id=id80
1749839951.1745026 [service_neighbours_opinions-2] [INFO] [1749839951.173783990] [service_neighbours_opinions]: Updated ID from mapping: id236
1749839951.1838338 [service_neighbours_opinions-2] [INFO] [1749839951.182990101] [service_neighbours_opinions]: Subscribed to: wind_direction/id68
1749839951.1881452 [service_neighbours_opinions-2] [INFO] [1749839951.187392268] [service_neighbours_opinions]: Subscribed to: wind_direction/id136
1749839951.1925416 [service_neighbours_opinions-2] [INFO] [1749839951.191742379] [service_neighbours_opinions]: Subscribed to: wind_direction/id137
1749839951.1968007 [service_neighbours_opinions-2] [INFO] [1749839951.196086527] [service_neighbours_opinions]: Subscribed to: wind_direction/id142
1749839951.2011566 [service_neighbours_opinions-2] [INFO] [1749839951.200447545] [service_neighbours_opinions]: Subscribed to: wind_direction/id151
1749839951.2074647 [service_neighbours_opinions-2] [INFO] [1749839951.205300490] [service_neighbours_opinions]: Subscribed to: wind_direction/id152
1749839951.2170773 [service_neighbours_opinions-2] [INFO] [1749839951.210402934] [service_neighbours_opinions]: Subscribed to: wind_direction/id155
1749839951.2179639 [service_neighbours_opinions-2] [INFO] [1749839951.214213082] [service_neighbours_opinions]: Subscribed to: wind_direction/id189
1749839951.2202826 [service_neighbours_opinions-2] [INFO] [1749839951.218705897] [service_neighbours_opinions]: Subscribed to: wind_direction/id192
1749839951.2221804 [service_vicon_node-1] [INFO] [1749839951.219450731] [service_vicon_node]: Physical Ip=192.168.3.80, id=id80
1749839951.2296329 [service_vicon_node-1] [INFO] [1749839951.223005860] [service_vicon_node]: Updated ID from mapping: id236
1749839951.2315910 [service_neighbours_opinions-2] [INFO] [1749839951.223574268] [service_neighbours_opinions]: Subscribed to: wind_direction/id193
1749839951.2329135 [service_neighbours_opinions-2] [INFO] [1749839951.228033379] [service_neighbours_opinions]: Subscribed to: wind_direction/id194
1749839951.2357471 [service_neighbours_opinions-2] [INFO] [1749839951.233541342] [service_neighbours_opinions]: Subscribed to: wind_direction/id195
1749839951.2376184 [service_vicon_node-1] [INFO] [1749839951.236642453] [service_vicon_node]: Subscribed to: vicon/default/data
1749839951.2442126 [service_neighbours_opinions-2] [INFO] [1749839951.243156342] [service_neighbours_opinions]: Subscribed to: wind_direction/id200
1749839951.2640324 [service_neighbours_opinions-2] [INFO] [1749839951.263371231] [service_neighbours_opinions]: Subscribed to: wind_direction/id206
1749839951.2678964 [service_neighbours_opinions-2] [INFO] [1749839951.267196805] [service_neighbours_opinions]: Subscribed to: wind_direction/id207
1749839951.2719572 [service_neighbours_opinions-2] [INFO] [1749839951.271169434] [service_neighbours_opinions]: Subscribed to: wind_direction/id223
1749839951.2759328 [service_neighbours_opinions-2] [INFO] [1749839951.275207138] [service_neighbours_opinions]: Subscribed to: wind_direction/id224
1749839951.2800713 [service_neighbours_opinions-2] [INFO] [1749839951.279326897] [service_neighbours_opinions]: Subscribed to: wind_direction/id247
1749839951.2841542 [service_neighbours_opinions-2] [INFO] [1749839951.283474305] [service_neighbours_opinions]: Subscribed to: wind_direction/id1193
1749839951.5658669 [publish_wind_direction-4] [INFO] [1749839951.565259804] [publish_wind_direction]: Physical Ip=192.168.3.80, id=id80
1749839951.5684087 [publish_wind_direction-4] [INFO] [1749839951.567902267] [publish_wind_direction]: Updated ID from mapping: id236
1749839951.5759740 [publish_wind_direction-4] [INFO] [1749839951.575203490] [publish_wind_direction]: Publsihing on: wind_direction/id236
1749839959.1379836 [random_robot_move-3] [INFO] [1749839959.137308318] [random_robot_move]: Robot Control Node started.
1749839972.9581325 [service_vicon_node-1] [INFO] [1749839972.957414995] [service_vicon_node]: Frame_no: 309651
1749839976.6315849 [publish_wind_direction-4] [ERROR] [1749839976.630588049] [publish_wind_direction]: get_pose_data service not available!
1749839983.3331349 [service_vicon_node-1] [INFO] [1749839983.332402304] [service_vicon_node]: Frame_no: 309957
1749839993.8227663 [service_vicon_node-1] [INFO] [1749839993.821533835] [service_vicon_node]: Frame_no: 310324
1749840004.0838494 [service_vicon_node-1] [INFO] [1749840004.082387644] [service_vicon_node]: Frame_no: 310510
1749840015.8173990 [service_vicon_node-1] [INFO] [1749840015.816610970] [service_vicon_node]: Frame_no: 310720
1749840026.3276775 [service_vicon_node-1] [INFO] [1749840026.326763815] [service_vicon_node]: Frame_no: 310831
1749840032.0880702 [service_vicon_node-1] /opt/ros/humble/local/lib/python3.10/dist-packages/rclpy/service.py:76: RuntimeWarning: failed to send response (timeout): client will not receive response, at ./src/rmw_response.cpp:154, at ./src/rcl/service.c:314
1749840032.0887744 [service_vicon_node-1]   self.__service.service_send_response(response, header.request_id)
1749840036.5366850 [service_vicon_node-1] [INFO] [1749840036.535938624] [service_vicon_node]: Frame_no: 311100
1749840041.5855849 [service_neighbours_opinions-2] [INFO] [1749840041.584810306] [service_neighbours_opinions]: All opinions size= 18
1749840041.5899444 [publish_wind_direction-4] [INFO] [1749840041.589326492] [publish_wind_direction]: Social Info: {'E': 1, 'N': 1, 'W': 1}
1749840041.5934379 [publish_wind_direction-4] [INFO] [1749840041.592694529] [publish_wind_direction]: *** Uninformed ***
1749840041.6004665 [publish_wind_direction-4] [INFO] [1749840041.599800603] [publish_wind_direction]: Publishing: id236:W
1749840041.6030126 [publish_wind_direction-4] [INFO] [1749840041.602465436] [publish_wind_direction]: ------------------
1749840046.5835164 [service_neighbours_opinions-2] [INFO] [1749840046.582790100] [service_neighbours_opinions]: All opinions size= 18
1749840046.6063399 [publish_wind_direction-4] [INFO] [1749840046.605664840] [publish_wind_direction]: Social Info: {'E': 1, 'N': 1, 'W': 1}
1749840046.6095004 [publish_wind_direction-4] [INFO] [1749840046.608868211] [publish_wind_direction]: *** Uninformed ***
1749840046.6138976 [publish_wind_direction-4] [INFO] [1749840046.613282377] [publish_wind_direction]: Publishing: id236:E
1749840046.6169758 [publish_wind_direction-4] [INFO] [1749840046.616379063] [publish_wind_direction]: ------------------
1749840047.5277801 [service_vicon_node-1] [INFO] [1749840047.526663155] [service_vicon_node]: Frame_no: 311768
1749840051.5875797 [service_neighbours_opinions-2] [INFO] [1749840051.586559689] [service_neighbours_opinions]: All opinions size= 18
1749840051.5932434 [publish_wind_direction-4] [INFO] [1749840051.592607986] [publish_wind_direction]: Social Info: {'E': 1, 'W': 1}
1749840051.5975213 [publish_wind_direction-4] [INFO] [1749840051.596911800] [publish_wind_direction]: *** Uninformed ***
1749840051.6012385 [publish_wind_direction-4] [INFO] [1749840051.600670819] [publish_wind_direction]: Publishing: id236:E
1749840051.6037822 [publish_wind_direction-4] [INFO] [1749840051.603202708] [publish_wind_direction]: ------------------
1749840056.5831356 [service_neighbours_opinions-2] [INFO] [1749840056.582336927] [service_neighbours_opinions]: All opinions size= 18
1749840056.5875800 [publish_wind_direction-4] [INFO] [1749840056.586897334] [publish_wind_direction]: Social Info: {'E': 1, 'S': 1}
1749840056.5907857 [publish_wind_direction-4] [INFO] [1749840056.589931927] [publish_wind_direction]: *** Uninformed ***
1749840056.5948632 [publish_wind_direction-4] [INFO] [1749840056.594049520] [publish_wind_direction]: Publishing: id236:S
1749840056.5972598 [publish_wind_direction-4] [INFO] [1749840056.596714594] [publish_wind_direction]: ------------------
1749840061.5833008 [service_neighbours_opinions-2] [INFO] [1749840061.582384220] [service_neighbours_opinions]: All opinions size= 18
1749840061.5877354 [publish_wind_direction-4] [INFO] [1749840061.587003739] [publish_wind_direction]: Social Info: {'E': 1, 'S': 1}
1749840061.5913601 [publish_wind_direction-4] [INFO] [1749840061.590182091] [publish_wind_direction]: *** Uninformed ***
1749840061.5955565 [publish_wind_direction-4] [INFO] [1749840061.594934739] [publish_wind_direction]: Publishing: id236:E
1749840061.5980263 [publish_wind_direction-4] [INFO] [1749840061.597474091] [publish_wind_direction]: ------------------
1749840066.5830460 [service_neighbours_opinions-2] [INFO] [1749840066.582311199] [service_neighbours_opinions]: All opinions size= 18
1749840066.5869279 [publish_wind_direction-4] [INFO] [1749840066.586304051] [publish_wind_direction]: Social Info: {'E': 1, 'S': 1}
1749840066.5898099 [publish_wind_direction-4] [INFO] [1749840066.589112477] [publish_wind_direction]: *** Uninformed ***
1749840066.5937035 [publish_wind_direction-4] [INFO] [1749840066.593071143] [publish_wind_direction]: Publishing: id236:E
1749840066.5970771 [publish_wind_direction-4] [INFO] [1749840066.596110903] [publish_wind_direction]: ------------------
1749840071.5830805 [service_neighbours_opinions-2] [INFO] [1749840071.582284900] [service_neighbours_opinions]: All opinions size= 18
1749840071.5872972 [publish_wind_direction-4] [INFO] [1749840071.586631863] [publish_wind_direction]: Social Info: {'E': 1, 'S': 1}
1749840071.5900779 [publish_wind_direction-4] [INFO] [1749840071.589483400] [publish_wind_direction]: *** Uninformed ***
1749840071.5945342 [publish_wind_direction-4] [INFO] [1749840071.593892585] [publish_wind_direction]: Publishing: id236:E
1749840071.5971727 [publish_wind_direction-4] [INFO] [1749840071.596625066] [publish_wind_direction]: ------------------
1749840076.5832076 [service_neighbours_opinions-2] [INFO] [1749840076.582440286] [service_neighbours_opinions]: All opinions size= 18
1749840076.5874059 [publish_wind_direction-4] [INFO] [1749840076.586731748] [publish_wind_direction]: Social Info: {'E': 1, 'S': 1}
1749840076.5903735 [publish_wind_direction-4] [INFO] [1749840076.589602619] [publish_wind_direction]: *** Uninformed ***
1749840076.5943124 [publish_wind_direction-4] [INFO] [1749840076.593447304] [publish_wind_direction]: Publishing: id236:E
1749840076.5972641 [publish_wind_direction-4] [INFO] [1749840076.596365063] [publish_wind_direction]: ------------------
1749840081.5829961 [service_neighbours_opinions-2] [INFO] [1749840081.582264505] [service_neighbours_opinions]: All opinions size= 18
1749840081.5873008 [publish_wind_direction-4] [INFO] [1749840081.586369153] [publish_wind_direction]: Social Info: {'E': 1, 'S': 1}
1749840081.5900798 [publish_wind_direction-4] [INFO] [1749840081.589149320] [publish_wind_direction]: *** Uninformed ***
1749840081.5936549 [publish_wind_direction-4] [INFO] [1749840081.592853153] [publish_wind_direction]: Publishing: id236:E
1749840081.5962946 [publish_wind_direction-4] [INFO] [1749840081.595529727] [publish_wind_direction]: ------------------
1749840086.5832064 [service_neighbours_opinions-2] [INFO] [1749840086.582424280] [service_neighbours_opinions]: All opinions size= 18
1749840086.5875518 [publish_wind_direction-4] [INFO] [1749840086.586867335] [publish_wind_direction]: Social Info: {'E': 1, 'S': 1}
1749840086.5901849 [publish_wind_direction-4] [INFO] [1749840086.589616131] [publish_wind_direction]: *** Uninformed ***
1749840086.5938344 [publish_wind_direction-4] [INFO] [1749840086.593245520] [publish_wind_direction]: Publishing: id236:S
1749840086.5967321 [publish_wind_direction-4] [INFO] [1749840086.595876483] [publish_wind_direction]: ------------------
1749840091.5835211 [service_neighbours_opinions-2] [INFO] [1749840091.582675184] [service_neighbours_opinions]: All opinions size= 18
1749840091.5883176 [publish_wind_direction-4] [INFO] [1749840091.587640536] [publish_wind_direction]: Social Info: {'E': 1, 'S': 1}
1749840091.5913959 [publish_wind_direction-4] [INFO] [1749840091.590753684] [publish_wind_direction]: *** Uninformed ***
1749840091.5949538 [publish_wind_direction-4] [INFO] [1749840091.594372869] [publish_wind_direction]: Publishing: id236:E
1749840091.5977752 [publish_wind_direction-4] [INFO] [1749840091.597201795] [publish_wind_direction]: ------------------
1749840096.5832644 [service_neighbours_opinions-2] [INFO] [1749840096.582441829] [service_neighbours_opinions]: All opinions size= 18
1749840096.5876935 [publish_wind_direction-4] [INFO] [1749840096.586968996] [publish_wind_direction]: Social Info: {'E': 1, 'S': 1}
1749840096.5904949 [publish_wind_direction-4] [INFO] [1749840096.589891533] [publish_wind_direction]: *** Uninformed ***
1749840096.5944009 [publish_wind_direction-4] [INFO] [1749840096.593747718] [publish_wind_direction]: Publishing: id236:E
1749840096.5969927 [publish_wind_direction-4] [INFO] [1749840096.596419681] [publish_wind_direction]: ------------------
1749840101.5831153 [service_neighbours_opinions-2] [INFO] [1749840101.582304067] [service_neighbours_opinions]: All opinions size= 18
1749840101.5878646 [publish_wind_direction-4] [INFO] [1749840101.586994660] [publish_wind_direction]: Social Info: {'E': 1, 'S': 1}
1749840101.5907090 [publish_wind_direction-4] [INFO] [1749840101.590004900] [publish_wind_direction]: *** Uninformed ***
1749840101.5945165 [publish_wind_direction-4] [INFO] [1749840101.593673141] [publish_wind_direction]: Publishing: id236:S
1749840101.5970860 [publish_wind_direction-4] [INFO] [1749840101.596468900] [publish_wind_direction]: ------------------
1749840106.5841045 [service_neighbours_opinions-2] [INFO] [1749840106.583334416] [service_neighbours_opinions]: All opinions size= 18
1749840106.5882773 [publish_wind_direction-4] [INFO] [1749840106.587677749] [publish_wind_direction]: Social Info: {'E': 1, 'S': 1}
1749840106.5907879 [publish_wind_direction-4] [INFO] [1749840106.590232249] [publish_wind_direction]: *** Uninformed ***
1749840106.5949626 [publish_wind_direction-4] [INFO] [1749840106.594314490] [publish_wind_direction]: Publishing: id236:E
1749840106.5977008 [publish_wind_direction-4] [INFO] [1749840106.597136527] [publish_wind_direction]: ------------------
1749840111.5834138 [service_neighbours_opinions-2] [INFO] [1749840111.582564635] [service_neighbours_opinions]: All opinions size= 18
1749840111.5878971 [publish_wind_direction-4] [INFO] [1749840111.587265579] [publish_wind_direction]: Social Info: {'S': 2}
1749840111.5908582 [publish_wind_direction-4] [INFO] [1749840111.590256042] [publish_wind_direction]: *** Uninformed ***
1749840111.5944164 [publish_wind_direction-4] [INFO] [1749840111.593850413] [publish_wind_direction]: Publishing: id236:S
1749840111.5970809 [publish_wind_direction-4] [INFO] [1749840111.596499598] [publish_wind_direction]: ------------------
1749840116.5841198 [service_neighbours_opinions-2] [INFO] [1749840116.583070391] [service_neighbours_opinions]: All opinions size= 18
1749840116.5892749 [publish_wind_direction-4] [INFO] [1749840116.588400336] [publish_wind_direction]: Social Info: {'W': 1, 'S': 1}
1749840116.5920155 [publish_wind_direction-4] [INFO] [1749840116.591183984] [publish_wind_direction]: *** Uninformed ***
1749840116.5959232 [publish_wind_direction-4] [INFO] [1749840116.595300336] [publish_wind_direction]: Publishing: id236:W
1749840116.6021433 [publish_wind_direction-4] [INFO] [1749840116.601322151] [publish_wind_direction]: ------------------
1749840121.5832069 [service_neighbours_opinions-2] [INFO] [1749840121.582402370] [service_neighbours_opinions]: All opinions size= 18
1749840121.5883718 [publish_wind_direction-4] [INFO] [1749840121.587457092] [publish_wind_direction]: Social Info: {'S': 2}
1749840121.5912158 [publish_wind_direction-4] [INFO] [1749840121.590477481] [publish_wind_direction]: *** Uninformed ***
1749840121.5950079 [publish_wind_direction-4] [INFO] [1749840121.594407796] [publish_wind_direction]: Publishing: id236:S
1749840121.5980017 [publish_wind_direction-4] [INFO] [1749840121.597340444] [publish_wind_direction]: ------------------
1749840126.5830169 [service_neighbours_opinions-2] [INFO] [1749840126.582211885] [service_neighbours_opinions]: All opinions size= 18
1749840126.5873191 [publish_wind_direction-4] [INFO] [1749840126.586640237] [publish_wind_direction]: Social Info: {'N': 1, 'S': 1}
1749840126.5901487 [publish_wind_direction-4] [INFO] [1749840126.589535533] [publish_wind_direction]: *** Uninformed ***
1749840126.5945787 [publish_wind_direction-4] [INFO] [1749840126.593705922] [publish_wind_direction]: Publishing: id236:S
1749840126.5972438 [publish_wind_direction-4] [INFO] [1749840126.596454015] [publish_wind_direction]: ------------------
1749840131.5844018 [service_neighbours_opinions-2] [INFO] [1749840131.583589623] [service_neighbours_opinions]: All opinions size= 18
1749840131.5906920 [publish_wind_direction-4] [INFO] [1749840131.590053382] [publish_wind_direction]: Social Info: {'N': 1, 'S': 1}
1749840131.5934250 [publish_wind_direction-4] [INFO] [1749840131.592856901] [publish_wind_direction]: *** Uninformed ***
1749840131.5973132 [publish_wind_direction-4] [INFO] [1749840131.596695605] [publish_wind_direction]: Publishing: id236:S
1749840131.5998809 [publish_wind_direction-4] [INFO] [1749840131.599340160] [publish_wind_direction]: ------------------
1749840136.5829356 [service_neighbours_opinions-2] [INFO] [1749840136.582168879] [service_neighbours_opinions]: All opinions size= 18
1749840136.5874572 [publish_wind_direction-4] [INFO] [1749840136.586791009] [publish_wind_direction]: Social Info: {'W': 1, 'S': 1}
1749840136.5919397 [publish_wind_direction-4] [INFO] [1749840136.591200676] [publish_wind_direction]: *** Uninformed ***
1749840136.5964088 [publish_wind_direction-4] [INFO] [1749840136.595760509] [publish_wind_direction]: Publishing: id236:W
1749840136.5989139 [publish_wind_direction-4] [INFO] [1749840136.598366361] [publish_wind_direction]: ------------------
1749841151.2878182 [service_neighbours_opinions-2] [INFO] [1749841151.287016497] [service_neighbours_opinions]: Raising exception at 18:59:11
1749841151.4800642 [service_neighbours_opinions-2] Traceback (most recent call last):
1749841151.4807470 [service_neighbours_opinions-2]   File "/home/thymio/ros2_ws/install/wind_direction_detector/lib/python3.10/site-packages/wind_direction_detector/neighbours_opinion_node.py", line 114, in main
1749841151.4825811 [service_neighbours_opinions-2]     rclpy.spin(neighbours_node)
1749841151.4832897 [service_neighbours_opinions-2]   File "/opt/ros/humble/local/lib/python3.10/dist-packages/rclpy/__init__.py", line 226, in spin
1749841151.4839547 [service_neighbours_opinions-2]     executor.spin_once()
1749841151.4848015 [service_neighbours_opinions-2]   File "/opt/ros/humble/local/lib/python3.10/dist-packages/rclpy/executors.py", line 739, in spin_once
1749841151.4868991 [service_neighbours_opinions-2]     self._spin_once_impl(timeout_sec)
1749841151.4876628 [service_neighbours_opinions-2]   File "/opt/ros/humble/local/lib/python3.10/dist-packages/rclpy/executors.py", line 736, in _spin_once_impl
1749841151.4882486 [service_neighbours_opinions-2]     raise handler.exception()
1749841151.4887705 [service_neighbours_opinions-2]   File "/opt/ros/humble/local/lib/python3.10/dist-packages/rclpy/task.py", line 239, in __call__
1749841151.4892440 [service_neighbours_opinions-2]     self._handler.send(None)
1749841151.4897180 [service_neighbours_opinions-2]   File "/opt/ros/humble/local/lib/python3.10/dist-packages/rclpy/executors.py", line 437, in handler
1749841151.4915442 [service_neighbours_opinions-2]     await call_coroutine(entity, arg)
1749841151.4921670 [service_neighbours_opinions-2]   File "/opt/ros/humble/local/lib/python3.10/dist-packages/rclpy/executors.py", line 351, in _execute_timer
1749841151.4937623 [service_neighbours_opinions-2]     await await_or_execute(tmr.callback)
1749841151.5080009 [service_neighbours_opinions-2]   File "/opt/ros/humble/local/lib/python3.10/dist-packages/rclpy/executors.py", line 107, in await_or_execute
1749841151.5097101 [service_neighbours_opinions-2]     return callback(*args)
1749841151.5112824 [service_neighbours_opinions-2]   File "/home/thymio/ros2_ws/install/wind_direction_detector/lib/python3.10/site-packages/wind_direction_detector/neighbours_opinion_node.py", line 65, in stop_execution
1749841151.5182083 [service_neighbours_opinions-2]     raise Exception
1749841151.5213780 [service_neighbours_opinions-2] Exception
1749841151.5248139 [service_neighbours_opinions-2] 
1749841151.5278130 [service_neighbours_opinions-2] During handling of the above exception, another exception occurred:
1749841151.5315440 [service_neighbours_opinions-2] 
1749841151.5346637 [service_neighbours_opinions-2] Traceback (most recent call last):
1749841151.5379274 [service_neighbours_opinions-2]   File "/home/thymio/ros2_ws/install/wind_direction_detector/lib/wind_direction_detector/service_neighbours_opinions", line 33, in <module>
1749841151.5413260 [service_neighbours_opinions-2]     sys.exit(load_entry_point('wind-direction-detector==0.0.0', 'console_scripts', 'service_neighbours_opinions')())
1749841151.5446351 [service_neighbours_opinions-2]   File "/home/thymio/ros2_ws/install/wind_direction_detector/lib/python3.10/site-packages/wind_direction_detector/neighbours_opinion_node.py", line 120, in main
1749841151.5485287 [service_neighbours_opinions-2]     neighbours_node.get_logger().error(e)
1749841151.5500197 [service_neighbours_opinions-2]   File "/opt/ros/humble/local/lib/python3.10/dist-packages/rclpy/impl/rcutils_logger.py", line 345, in error
1749841151.5513906 [service_neighbours_opinions-2]     return self.log(message, LoggingSeverity.ERROR, **kwargs)
1749841151.5528257 [service_neighbours_opinions-2]   File "/opt/ros/humble/local/lib/python3.10/dist-packages/rclpy/impl/rcutils_logger.py", line 318, in log
1749841151.5541079 [service_neighbours_opinions-2]     _rclpy.rclpy_logging_rcutils_log(
1749841151.5557647 [service_neighbours_opinions-2] TypeError: rclpy_logging_rcutils_log(): incompatible function arguments. The following argument types are supported:
1749841151.5575285 [service_neighbours_opinions-2]     1. (arg0: int, arg1: str, arg2: str, arg3: str, arg4: str, arg5: int) -> None
1749841151.5589566 [service_neighbours_opinions-2] 
1749841151.5602241 [service_neighbours_opinions-2] Invoked with: <LoggingSeverity.ERROR: 40>, 'service_neighbours_opinions', Exception(), 'main', '/home/thymio/ros2_ws/install/wind_direction_detector/lib/python3.10/site-packages/wind_direction_detector/neighbours_opinion_node.py', 120
1749841151.5891232 [publish_wind_direction-4] [INFO] [1749841151.586786348] [publish_wind_direction]: Raising exception at 18:59:11
1749841151.6124299 [publish_wind_direction-4] CV2 Ver. =  4.11.0
1749841151.8546414 [publish_wind_direction-4] Traceback (most recent call last):
1749841151.8551452 [publish_wind_direction-4]   File "/home/thymio/ros2_ws/install/wind_direction_detector/lib/wind_direction_detector/publish_wind_direction", line 33, in <module>
1749841151.8564909 [publish_wind_direction-4]     sys.exit(load_entry_point('wind-direction-detector==0.0.0', 'console_scripts', 'publish_wind_direction')())
1749841151.8569796 [publish_wind_direction-4]   File "/home/thymio/ros2_ws/install/wind_direction_detector/lib/python3.10/site-packages/wind_direction_detector/publish_direction.py", line 353, in main
1749841151.8573813 [publish_wind_direction-4]     rclpy.spin(wind_direction_sensor)
1749841151.8577847 [publish_wind_direction-4]   File "/opt/ros/humble/local/lib/python3.10/dist-packages/rclpy/__init__.py", line 226, in spin
1749841151.8590488 [publish_wind_direction-4]     executor.spin_once()
1749841151.8598211 [publish_wind_direction-4]   File "/opt/ros/humble/local/lib/python3.10/dist-packages/rclpy/executors.py", line 739, in spin_once
1749841151.8603919 [publish_wind_direction-4]     self._spin_once_impl(timeout_sec)
1749841151.8609195 [publish_wind_direction-4]   File "/opt/ros/humble/local/lib/python3.10/dist-packages/rclpy/executors.py", line 736, in _spin_once_impl
1749841151.8622952 [publish_wind_direction-4]     raise handler.exception()
1749841151.8634803 [publish_wind_direction-4]   File "/opt/ros/humble/local/lib/python3.10/dist-packages/rclpy/task.py", line 239, in __call__
1749841151.8644018 [publish_wind_direction-4]     self._handler.send(None)
1749841151.8653059 [publish_wind_direction-4]   File "/opt/ros/humble/local/lib/python3.10/dist-packages/rclpy/executors.py", line 437, in handler
1749841151.8665063 [publish_wind_direction-4]     await call_coroutine(entity, arg)
1749841151.8676488 [publish_wind_direction-4]   File "/opt/ros/humble/local/lib/python3.10/dist-packages/rclpy/executors.py", line 351, in _execute_timer
1749841151.8688669 [publish_wind_direction-4]     await await_or_execute(tmr.callback)
1749841151.8701866 [publish_wind_direction-4]   File "/opt/ros/humble/local/lib/python3.10/dist-packages/rclpy/executors.py", line 107, in await_or_execute
1749841151.8711586 [publish_wind_direction-4]     return callback(*args)
1749841151.8723924 [publish_wind_direction-4]   File "/home/thymio/ros2_ws/install/wind_direction_detector/lib/python3.10/site-packages/wind_direction_detector/publish_direction.py", line 188, in make_wind_direction_opinion
1749841151.8750103 [publish_wind_direction-4]     raise Exception
1749841151.8762896 [publish_wind_direction-4] Exception
1749841152.6866512 [ERROR] [publish_wind_direction-4]: process has died [pid 7270, exit code 1, cmd '/home/thymio/ros2_ws/install/wind_direction_detector/lib/wind_direction_detector/publish_wind_direction --ros-args -r __node:=publish_wind_direction'].
1749841153.0118515 [ERROR] [service_neighbours_opinions-2]: process has died [pid 7266, exit code 1, cmd '/home/thymio/ros2_ws/install/wind_direction_detector/lib/wind_direction_detector/service_neighbours_opinions --ros-args -r __node:=service_neighbours_opinions'].
1749841161.4638960 [random_robot_move-3] [INFO] [1749841161.463205343] [random_robot_move]: robot move: excetion raised at 18:59:21
1749841161.4667273 [random_robot_move-3] [INFO] [1749841161.466089380] [random_robot_move]: Exception, shutting down
1749841161.4930329 [random_robot_move-3] Initializing Thymio Robot
1749841161.4933610 [random_robot_move-3] Thymio 18825 is connected
1749841161.4935672 [random_robot_move-3] ['_id', 'event.source', 'event.args', '_fwversion', '_productId', 'buttons._raw', 'button.backward', 'button.left', 'button.center', 'button.forward', 'button.right', 'buttons._mean', 'buttons._noise', 'prox.horizontal', 'prox.comm.rx._payloads', 'prox.comm.rx._intensities', 'prox.comm.rx', 'prox.comm.tx', 'prox.ground.ambiant', 'prox.ground.reflected', 'prox.ground.delta', 'motor.left.target', 'motor.right.target', '_vbat', '_imot', 'motor.left.speed', 'motor.right.speed', 'motor.left.pwm', 'motor.right.pwm', '_integrator', 'acc', 'leds.top', 'leds.bottom.left', 'leds.bottom.right', 'leds.circle', 'temperature', 'rc5.address', 'rc5.command', 'mic.intensity', 'mic.threshold', 'mic._mean', 'timer.period', 'acc._tap', 'sd.present']
1749841161.4937415 [random_robot_move-3] Robot connected
