1749830233.4110777 [INFO] [launch]: All log files can be found below /home/thymio/ros_logs/2025-06-13-15-57-13-407923-thymio-4665
1749830233.4118094 [INFO] [launch]: Default logging verbosity is set to INFO
1749830233.6407256 [INFO] [random_robot_move-1]: process started with pid [4667]
1749830233.6417358 [INFO] [service_vicon_node-2]: process started with pid [4669]
1749830233.6423450 [INFO] [service_neighbours_opinions-3]: process started with pid [4671]
1749830233.6429086 [INFO] [publish_wind_direction-4]: process started with pid [4673]
1749830235.2031174 [publish_wind_direction-4] /usr/lib/python3/dist-packages/scipy/__init__.py:146: UserWarning: A NumPy version >=1.17.3 and <1.25.0 is required for this version of SciPy (detected version 1.26.4
1749830235.2036474 [publish_wind_direction-4]   warnings.warn(f"A NumPy version >={np_minversion} and <{np_maxversion}"
1749830235.3045759 [service_vicon_node-2] [INFO] [1749830235.303847563] [service_vicon_node]: Physical Ip=192.168.3.76, id=id76
1749830235.3076503 [service_vicon_node-2] [INFO] [1749830235.306971007] [service_vicon_node]: Updated ID from mapping: id151
1749830235.3193715 [service_vicon_node-2] [INFO] [1749830235.318667933] [service_vicon_node]: Subscribed to: vicon/default/data
1749830235.3262939 [service_neighbours_opinions-3] [INFO] [1749830235.325517767] [service_neighbours_opinions]: Physical Ip=192.168.3.76, id=id76
1749830235.3310800 [service_neighbours_opinions-3] [INFO] [1749830235.330406618] [service_neighbours_opinions]: Updated ID from mapping: id151
1749830235.3416328 [service_neighbours_opinions-3] [INFO] [1749830235.340981841] [service_neighbours_opinions]: Subscribed to: wind_direction/id68
1749830235.3470604 [service_neighbours_opinions-3] [INFO] [1749830235.346385952] [service_neighbours_opinions]: Subscribed to: wind_direction/id136
1749830235.3526392 [service_neighbours_opinions-3] [INFO] [1749830235.352024767] [service_neighbours_opinions]: Subscribed to: wind_direction/id137
1749830235.3576438 [service_neighbours_opinions-3] [INFO] [1749830235.356763044] [service_neighbours_opinions]: Subscribed to: wind_direction/id142
1749830235.3614352 [service_neighbours_opinions-3] [INFO] [1749830235.360616026] [service_neighbours_opinions]: Subscribed to: wind_direction/id152
1749830235.3654046 [service_neighbours_opinions-3] [INFO] [1749830235.364551767] [service_neighbours_opinions]: Subscribed to: wind_direction/id155
1749830235.3690321 [service_neighbours_opinions-3] [INFO] [1749830235.368311859] [service_neighbours_opinions]: Subscribed to: wind_direction/id189
1749830235.3729465 [service_neighbours_opinions-3] [INFO] [1749830235.372085248] [service_neighbours_opinions]: Subscribed to: wind_direction/id192
1749830235.3767884 [service_neighbours_opinions-3] [INFO] [1749830235.376145489] [service_neighbours_opinions]: Subscribed to: wind_direction/id193
1749830235.3805721 [service_neighbours_opinions-3] [INFO] [1749830235.379861544] [service_neighbours_opinions]: Subscribed to: wind_direction/id194
1749830235.3841915 [service_neighbours_opinions-3] [INFO] [1749830235.383524044] [service_neighbours_opinions]: Subscribed to: wind_direction/id195
1749830235.3881543 [service_neighbours_opinions-3] [INFO] [1749830235.387486026] [service_neighbours_opinions]: Subscribed to: wind_direction/id200
1749830235.3918977 [service_neighbours_opinions-3] [INFO] [1749830235.391197804] [service_neighbours_opinions]: Subscribed to: wind_direction/id206
1749830235.3956704 [service_neighbours_opinions-3] [INFO] [1749830235.394943507] [service_neighbours_opinions]: Subscribed to: wind_direction/id207
1749830235.3998868 [service_neighbours_opinions-3] [INFO] [1749830235.399237618] [service_neighbours_opinions]: Subscribed to: wind_direction/id223
1749830235.4036903 [service_neighbours_opinions-3] [INFO] [1749830235.402978396] [service_neighbours_opinions]: Subscribed to: wind_direction/id224
1749830235.4073277 [service_neighbours_opinions-3] [INFO] [1749830235.406659989] [service_neighbours_opinions]: Subscribed to: wind_direction/id236
1749830235.4109879 [service_neighbours_opinions-3] [INFO] [1749830235.410240933] [service_neighbours_opinions]: Subscribed to: wind_direction/id247
1749830235.4155920 [service_neighbours_opinions-3] [INFO] [1749830235.414947544] [service_neighbours_opinions]: Subscribed to: wind_direction/id1193
1749830235.6767023 [publish_wind_direction-4] [INFO] [1749830235.676065600] [publish_wind_direction]: Physical Ip=192.168.3.76, id=id76
1749830235.6792352 [publish_wind_direction-4] [INFO] [1749830235.678724859] [publish_wind_direction]: Updated ID from mapping: id151
1749830235.6865869 [publish_wind_direction-4] [INFO] [1749830235.686022007] [publish_wind_direction]: Publsihing on: wind_direction/id151
1749830240.1715858 [random_robot_move-1] [INFO] [1749830240.170889338] [random_robot_move]: Robot Control Node started.
1749830260.7347231 [publish_wind_direction-4] [ERROR] [1749830260.734085177] [publish_wind_direction]: get_pose_data service not available!
1749830285.7816889 [publish_wind_direction-4] [ERROR] [1749830285.780981051] [publish_wind_direction]: get_opinions service not available!
1749830289.6375518 [publish_wind_direction-4] [INFO] [1749830289.636852234] [publish_wind_direction]: Pose info requested
1749830294.4394350 [publish_wind_direction-4] [INFO] [1749830294.438777676] [publish_wind_direction]: Pose info requested
1749830299.8433878 [publish_wind_direction-4] [INFO] [1749830299.842761635] [publish_wind_direction]: Pose info requested
1749830304.7187889 [publish_wind_direction-4] [INFO] [1749830304.718150688] [publish_wind_direction]: Pose info requested
1749830309.7843473 [publish_wind_direction-4] [INFO] [1749830309.783721685] [publish_wind_direction]: Pose info requested
1749830314.3803229 [publish_wind_direction-4] [INFO] [1749830314.379677942] [publish_wind_direction]: Pose info requested
1749830319.7978458 [publish_wind_direction-4] [INFO] [1749830319.797224420] [publish_wind_direction]: Pose info requested
1749830324.4229026 [publish_wind_direction-4] [INFO] [1749830324.422273528] [publish_wind_direction]: Pose info requested
1749830329.6238871 [publish_wind_direction-4] [INFO] [1749830329.623262525] [publish_wind_direction]: Pose info requested
1749830334.6720374 [publish_wind_direction-4] [INFO] [1749830334.671162411] [publish_wind_direction]: Pose info requested
1749830339.5224535 [publish_wind_direction-4] [INFO] [1749830339.521572371] [publish_wind_direction]: Pose info requested
1749830344.3160892 [publish_wind_direction-4] [INFO] [1749830344.315200813] [publish_wind_direction]: Pose info requested
1749830349.7067034 [publish_wind_direction-4] [INFO] [1749830349.706078847] [publish_wind_direction]: Pose info requested
1749830354.5637922 [publish_wind_direction-4] [INFO] [1749830354.562906918] [publish_wind_direction]: Pose info requested
1749830359.5490015 [publish_wind_direction-4] [INFO] [1749830359.548360804] [publish_wind_direction]: Pose info requested
1749830364.4807246 [publish_wind_direction-4] [INFO] [1749830364.479762171] [publish_wind_direction]: Pose info requested
1749830369.7919111 [publish_wind_direction-4] [INFO] [1749830369.791287094] [publish_wind_direction]: Pose info requested
1749830374.5428128 [publish_wind_direction-4] [INFO] [1749830374.542180165] [publish_wind_direction]: Pose info requested
1749830379.6314993 [publish_wind_direction-4] [INFO] [1749830379.630867255] [publish_wind_direction]: Pose info requested
1749830384.6810172 [publish_wind_direction-4] [INFO] [1749830384.680099937] [publish_wind_direction]: Pose info requested
1749830389.5406356 [publish_wind_direction-4] [INFO] [1749830389.539998230] [publish_wind_direction]: Pose info requested
1749830394.3737454 [publish_wind_direction-4] [INFO] [1749830394.373074190] [publish_wind_direction]: Pose info requested
1749830399.5881011 [publish_wind_direction-4] [INFO] [1749830399.587470002] [publish_wind_direction]: Pose info requested
1749830404.6055744 [publish_wind_direction-4] [INFO] [1749830404.604629332] [publish_wind_direction]: Pose info requested
1749830409.5935304 [publish_wind_direction-4] [INFO] [1749830409.592890755] [publish_wind_direction]: Pose info requested
1749830414.5914552 [publish_wind_direction-4] [INFO] [1749830414.590580993] [publish_wind_direction]: Pose info requested
1749830419.6650641 [publish_wind_direction-4] [INFO] [1749830419.664147083] [publish_wind_direction]: Pose info requested
1749830424.6412909 [publish_wind_direction-4] [INFO] [1749830424.640619209] [publish_wind_direction]: Pose info requested
1749830429.4925783 [publish_wind_direction-4] [INFO] [1749830429.491948503] [publish_wind_direction]: Pose info requested
1749830434.5158389 [publish_wind_direction-4] [INFO] [1749830434.515016240] [publish_wind_direction]: Pose info requested
1749830439.5330110 [publish_wind_direction-4] [INFO] [1749830439.532124589] [publish_wind_direction]: Pose info requested
1749830444.5215316 [publish_wind_direction-4] [INFO] [1749830444.520885420] [publish_wind_direction]: Pose info requested
1749830449.6202972 [publish_wind_direction-4] [INFO] [1749830449.619420361] [publish_wind_direction]: Pose info requested
1749830454.3779464 [publish_wind_direction-4] [INFO] [1749830454.377302358] [publish_wind_direction]: Pose info requested
1749830459.6209469 [publish_wind_direction-4] [INFO] [1749830459.620067003] [publish_wind_direction]: Pose info requested
1749830464.5802565 [publish_wind_direction-4] [INFO] [1749830464.579629889] [publish_wind_direction]: Pose info requested
1749830469.6154051 [publish_wind_direction-4] [INFO] [1749830469.614788645] [publish_wind_direction]: Pose info requested
1749830474.6486161 [publish_wind_direction-4] [INFO] [1749830474.647537772] [publish_wind_direction]: Pose info requested
1749830479.6375248 [publish_wind_direction-4] [INFO] [1749830479.636877954] [publish_wind_direction]: Pose info requested
1749830484.5918694 [publish_wind_direction-4] [INFO] [1749830484.591037136] [publish_wind_direction]: Pose info requested
1749830489.5501897 [publish_wind_direction-4] [INFO] [1749830489.549563171] [publish_wind_direction]: Pose info requested
1749830494.3369145 [publish_wind_direction-4] [INFO] [1749830494.336295427] [publish_wind_direction]: Pose info requested
1749830499.6178010 [publish_wind_direction-4] [INFO] [1749830499.617177794] [publish_wind_direction]: Pose info requested
1749830504.5560491 [publish_wind_direction-4] [INFO] [1749830504.555430199] [publish_wind_direction]: Pose info requested
1749830509.5897570 [publish_wind_direction-4] [INFO] [1749830509.589077473] [publish_wind_direction]: Pose info requested
1749830514.6780820 [publish_wind_direction-4] [INFO] [1749830514.677456841] [publish_wind_direction]: Pose info requested
1749830519.7288835 [publish_wind_direction-4] [INFO] [1749830519.728264430] [publish_wind_direction]: Pose info requested
1749830524.6388321 [publish_wind_direction-4] [INFO] [1749830524.638072909] [publish_wind_direction]: Pose info requested
1749830529.6771054 [publish_wind_direction-4] [INFO] [1749830529.676450258] [publish_wind_direction]: Pose info requested
1749830534.3440466 [publish_wind_direction-4] [INFO] [1749830534.343435440] [publish_wind_direction]: Pose info requested
1749830539.7388589 [publish_wind_direction-4] [INFO] [1749830539.738240474] [publish_wind_direction]: Pose info requested
1749830544.6296504 [publish_wind_direction-4] [INFO] [1749830544.628960453] [publish_wind_direction]: Pose info requested
1749830549.7795894 [publish_wind_direction-4] [INFO] [1749830549.778961320] [publish_wind_direction]: Pose info requested
1749830554.6611023 [publish_wind_direction-4] [INFO] [1749830554.660480354] [publish_wind_direction]: Pose info requested
1749830559.6689031 [publish_wind_direction-4] [INFO] [1749830559.668114758] [publish_wind_direction]: Pose info requested
1749830564.3775215 [publish_wind_direction-4] [INFO] [1749830564.376567996] [publish_wind_direction]: Pose info requested
1749830569.7712793 [publish_wind_direction-4] [INFO] [1749830569.770379493] [publish_wind_direction]: Pose info requested
1749830574.7210832 [publish_wind_direction-4] [INFO] [1749830574.720208398] [publish_wind_direction]: Pose info requested
1749830579.7882016 [publish_wind_direction-4] [INFO] [1749830579.787573506] [publish_wind_direction]: Pose info requested
1749830579.7910378 [publish_wind_direction-4] [INFO] [1749830579.790193246] [publish_wind_direction]: Raising exception at 16:02:59
1749830579.7946162 [publish_wind_direction-4] CV2 Ver. =  4.11.0
1749830579.7951534 [publish_wind_direction-4] --Taking picture--
1749830579.7956240 [publish_wind_direction-4] --Processing Picture--
1749830579.7960217 [publish_wind_direction-4] --Picture Processing Done--
1749830579.7963789 [publish_wind_direction-4] --Taking picture--
1749830579.7967200 [publish_wind_direction-4] --Processing Picture--
1749830579.7974854 [publish_wind_direction-4] --Picture Processing Done--
1749830579.7979307 [publish_wind_direction-4] --Taking picture--
1749830579.7982950 [publish_wind_direction-4] --Processing Picture--
1749830579.7986934 [publish_wind_direction-4] --Picture Processing Done--
1749830579.7990983 [publish_wind_direction-4] --Taking picture--
1749830579.7995276 [publish_wind_direction-4] --Processing Picture--
1749830579.7999675 [publish_wind_direction-4] --Picture Processing Done--
1749830579.8004014 [publish_wind_direction-4] --Taking picture--
1749830579.8007843 [publish_wind_direction-4] --Processing Picture--
1749830579.8012245 [publish_wind_direction-4] --Picture Processing Done--
1749830579.8016379 [publish_wind_direction-4] --Taking picture--
1749830579.8020444 [publish_wind_direction-4] --Processing Picture--
1749830579.8030217 [publish_wind_direction-4] --Picture Processing Done--
1749830579.8038671 [publish_wind_direction-4] --Taking picture--
1749830579.8043485 [publish_wind_direction-4] --Processing Picture--
1749830579.8047390 [publish_wind_direction-4] --Picture Processing Done--
1749830579.8050163 [publish_wind_direction-4] --Taking picture--
1749830579.8053668 [publish_wind_direction-4] --Processing Picture--
1749830579.8057070 [publish_wind_direction-4] --Picture Processing Done--
1749830579.8059745 [publish_wind_direction-4] --Taking picture--
1749830579.8062179 [publish_wind_direction-4] --Processing Picture--
1749830579.8064601 [publish_wind_direction-4] --Picture Processing Done--
1749830579.8067257 [publish_wind_direction-4] --Taking picture--
1749830579.8073995 [publish_wind_direction-4] --Processing Picture--
1749830579.8077438 [publish_wind_direction-4] --Picture Processing Done--
1749830579.8080695 [publish_wind_direction-4] --Taking picture--
1749830579.8089137 [publish_wind_direction-4] --Processing Picture--
1749830579.8094399 [publish_wind_direction-4] --Picture Processing Done--
1749830579.8097880 [publish_wind_direction-4] --Taking picture--
1749830579.8100448 [publish_wind_direction-4] --Processing Picture--
1749830579.8102875 [publish_wind_direction-4] --Picture Processing Done--
1749830579.8106406 [publish_wind_direction-4] --Taking picture--
1749830579.8110173 [publish_wind_direction-4] --Processing Picture--
1749830579.8113441 [publish_wind_direction-4] --Picture Processing Done--
1749830579.8116612 [publish_wind_direction-4] --Taking picture--
1749830579.8119204 [publish_wind_direction-4] --Processing Picture--
1749830579.8121769 [publish_wind_direction-4] --Picture Processing Done--
1749830579.8125145 [publish_wind_direction-4] --Taking picture--
1749830579.8128173 [publish_wind_direction-4] --Processing Picture--
1749830579.8130980 [publish_wind_direction-4] --Picture Processing Done--
1749830579.8134756 [publish_wind_direction-4] --Taking picture--
1749830579.8138132 [publish_wind_direction-4] --Processing Picture--
1749830579.8141277 [publish_wind_direction-4] --Picture Processing Done--
1749830579.8144302 [publish_wind_direction-4] --Taking picture--
1749830579.8147504 [publish_wind_direction-4] --Processing Picture--
1749830579.8150408 [publish_wind_direction-4] --Picture Processing Done--
1749830579.8153746 [publish_wind_direction-4] --Taking picture--
1749830579.8157058 [publish_wind_direction-4] --Processing Picture--
1749830579.8160939 [publish_wind_direction-4] --Picture Processing Done--
1749830579.8165002 [publish_wind_direction-4] --Taking picture--
1749830579.8172371 [publish_wind_direction-4] --Processing Picture--
1749830579.8178775 [publish_wind_direction-4] --Picture Processing Done--
1749830579.8182831 [publish_wind_direction-4] --Taking picture--
1749830579.8186543 [publish_wind_direction-4] --Processing Picture--
1749830579.8190341 [publish_wind_direction-4] --Picture Processing Done--
1749830579.8193424 [publish_wind_direction-4] --Taking picture--
1749830579.8196876 [publish_wind_direction-4] --Processing Picture--
1749830579.8200500 [publish_wind_direction-4] --Picture Processing Done--
1749830579.8202984 [publish_wind_direction-4] --Taking picture--
1749830579.8206723 [publish_wind_direction-4] --Processing Picture--
1749830579.8210466 [publish_wind_direction-4] --Picture Processing Done--
1749830579.8214118 [publish_wind_direction-4] --Taking picture--
1749830579.8217709 [publish_wind_direction-4] --Processing Picture--
1749830579.8225055 [publish_wind_direction-4] --Picture Processing Done--
1749830579.8233869 [publish_wind_direction-4] --Taking picture--
1749830579.8241341 [publish_wind_direction-4] --Processing Picture--
1749830579.8250768 [publish_wind_direction-4] --Picture Processing Done--
1749830579.8258355 [publish_wind_direction-4] --Taking picture--
1749830579.8262839 [publish_wind_direction-4] --Processing Picture--
1749830579.8267219 [publish_wind_direction-4] --Picture Processing Done--
1749830579.8270786 [publish_wind_direction-4] --Taking picture--
1749830579.8273795 [publish_wind_direction-4] --Processing Picture--
1749830579.8276620 [publish_wind_direction-4] --Picture Processing Done--
1749830579.8279977 [publish_wind_direction-4] --Taking picture--
1749830579.8282905 [publish_wind_direction-4] --Processing Picture--
1749830579.8286819 [publish_wind_direction-4] --Picture Processing Done--
1749830579.8290308 [publish_wind_direction-4] --Taking picture--
1749830579.8307028 [publish_wind_direction-4] --Processing Picture--
1749830579.8312469 [publish_wind_direction-4] --Picture Processing Done--
1749830579.8317063 [publish_wind_direction-4] --Taking picture--
1749830579.8327606 [publish_wind_direction-4] --Processing Picture--
1749830579.8336985 [publish_wind_direction-4] --Picture Processing Done--
1749830579.8346331 [publish_wind_direction-4] --Taking picture--
1749830579.8357899 [publish_wind_direction-4] --Processing Picture--
1749830579.8367391 [publish_wind_direction-4] --Picture Processing Done--
1749830579.8379781 [publish_wind_direction-4] --Taking picture--
1749830579.8389397 [publish_wind_direction-4] --Processing Picture--
1749830579.8397129 [publish_wind_direction-4] --Picture Processing Done--
1749830579.8404560 [publish_wind_direction-4] --Taking picture--
1749830579.8414114 [publish_wind_direction-4] --Processing Picture--
1749830579.8420267 [publish_wind_direction-4] --Picture Processing Done--
1749830579.8429058 [publish_wind_direction-4] --Taking picture--
1749830579.8440568 [publish_wind_direction-4] --Processing Picture--
1749830579.8449833 [publish_wind_direction-4] --Picture Processing Done--
1749830579.8460829 [publish_wind_direction-4] --Taking picture--
1749830579.8471432 [publish_wind_direction-4] --Processing Picture--
1749830579.8481388 [publish_wind_direction-4] --Picture Processing Done--
1749830579.8491812 [publish_wind_direction-4] --Taking picture--
1749830579.8500729 [publish_wind_direction-4] --Processing Picture--
1749830579.8511412 [publish_wind_direction-4] --Picture Processing Done--
1749830579.8521757 [publish_wind_direction-4] --Taking picture--
1749830579.8530791 [publish_wind_direction-4] --Processing Picture--
1749830579.8539901 [publish_wind_direction-4] --Picture Processing Done--
1749830579.8548915 [publish_wind_direction-4] --Taking picture--
1749830579.8557177 [publish_wind_direction-4] --Processing Picture--
1749830579.8567815 [publish_wind_direction-4] --Picture Processing Done--
1749830579.8576894 [publish_wind_direction-4] --Taking picture--
1749830579.8585272 [publish_wind_direction-4] --Processing Picture--
1749830579.8595264 [publish_wind_direction-4] --Picture Processing Done--
1749830579.8606029 [publish_wind_direction-4] --Taking picture--
1749830579.8616421 [publish_wind_direction-4] --Processing Picture--
1749830579.8626130 [publish_wind_direction-4] --Picture Processing Done--
1749830579.8635633 [publish_wind_direction-4] --Taking picture--
1749830579.8644202 [publish_wind_direction-4] --Processing Picture--
1749830579.8653898 [publish_wind_direction-4] --Picture Processing Done--
1749830579.8661180 [publish_wind_direction-4] --Taking picture--
1749830579.8670018 [publish_wind_direction-4] --Processing Picture--
1749830579.8678238 [publish_wind_direction-4] --Picture Processing Done--
1749830579.8688192 [publish_wind_direction-4] --Taking picture--
1749830579.8697579 [publish_wind_direction-4] --Processing Picture--
1749830579.8705637 [publish_wind_direction-4] --Picture Processing Done--
1749830579.8716235 [publish_wind_direction-4] --Taking picture--
1749830579.8726203 [publish_wind_direction-4] --Processing Picture--
1749830579.8735743 [publish_wind_direction-4] --Picture Processing Done--
1749830579.8743374 [publish_wind_direction-4] --Taking picture--
1749830579.8749392 [publish_wind_direction-4] --Processing Picture--
1749830579.8755949 [publish_wind_direction-4] --Picture Processing Done--
1749830579.8763239 [publish_wind_direction-4] --Taking picture--
1749830579.8769925 [publish_wind_direction-4] --Processing Picture--
1749830579.8776217 [publish_wind_direction-4] --Picture Processing Done--
1749830579.8780408 [publish_wind_direction-4] --Taking picture--
1749830579.8783481 [publish_wind_direction-4] --Processing Picture--
1749830579.8786156 [publish_wind_direction-4] --Picture Processing Done--
1749830579.8788965 [publish_wind_direction-4] --Taking picture--
1749830579.8792660 [publish_wind_direction-4] --Processing Picture--
1749830579.8795421 [publish_wind_direction-4] --Picture Processing Done--
1749830579.8797834 [publish_wind_direction-4] --Taking picture--
1749830579.8801124 [publish_wind_direction-4] --Processing Picture--
1749830579.8804142 [publish_wind_direction-4] --Picture Processing Done--
1749830579.8807173 [publish_wind_direction-4] --Taking picture--
1749830579.8809624 [publish_wind_direction-4] --Processing Picture--
1749830579.8812346 [publish_wind_direction-4] --Picture Processing Done--
1749830579.8815084 [publish_wind_direction-4] --Taking picture--
1749830579.8818064 [publish_wind_direction-4] --Processing Picture--
1749830579.8820894 [publish_wind_direction-4] --Picture Processing Done--
1749830579.8823869 [publish_wind_direction-4] --Taking picture--
1749830579.8827803 [publish_wind_direction-4] --Processing Picture--
1749830579.8831561 [publish_wind_direction-4] --Picture Processing Done--
1749830579.8835430 [publish_wind_direction-4] --Taking picture--
1749830579.8838885 [publish_wind_direction-4] --Processing Picture--
1749830579.8841538 [publish_wind_direction-4] --Picture Processing Done--
1749830579.8844974 [publish_wind_direction-4] --Taking picture--
1749830579.8848250 [publish_wind_direction-4] --Processing Picture--
1749830579.8852198 [publish_wind_direction-4] --Picture Processing Done--
1749830579.8855438 [publish_wind_direction-4] --Taking picture--
1749830579.8859253 [publish_wind_direction-4] --Processing Picture--
1749830579.8864074 [publish_wind_direction-4] --Picture Processing Done--
1749830579.8867979 [publish_wind_direction-4] --Taking picture--
1749830579.8871441 [publish_wind_direction-4] --Processing Picture--
1749830579.8875132 [publish_wind_direction-4] --Picture Processing Done--
1749830579.8878050 [publish_wind_direction-4] --Taking picture--
1749830579.8881097 [publish_wind_direction-4] --Processing Picture--
1749830579.8884516 [publish_wind_direction-4] --Picture Processing Done--
1749830579.8887713 [publish_wind_direction-4] --Taking picture--
1749830579.8890188 [publish_wind_direction-4] --Processing Picture--
1749830579.8893442 [publish_wind_direction-4] --Picture Processing Done--
1749830579.8897235 [publish_wind_direction-4] --Taking picture--
1749830579.8901486 [publish_wind_direction-4] --Processing Picture--
1749830579.8905773 [publish_wind_direction-4] --Picture Processing Done--
1749830579.8909707 [publish_wind_direction-4] --Taking picture--
1749830579.8912354 [publish_wind_direction-4] --Processing Picture--
1749830579.8915398 [publish_wind_direction-4] --Picture Processing Done--
1749830579.9533961 [publish_wind_direction-4] Traceback (most recent call last):
1749830579.9540052 [publish_wind_direction-4]   File "/home/thymio/ros2_ws/install/wind_direction_detector/lib/wind_direction_detector/publish_wind_direction", line 33, in <module>
1749830579.9559503 [publish_wind_direction-4]     sys.exit(load_entry_point('wind-direction-detector==0.0.0', 'console_scripts', 'publish_wind_direction')())
1749830579.9566603 [publish_wind_direction-4]   File "/home/thymio/ros2_ws/install/wind_direction_detector/lib/python3.10/site-packages/wind_direction_detector/publish_direction.py", line 331, in main
1749830579.9585505 [publish_wind_direction-4]     rclpy.spin(wind_direction_sensor)
1749830579.9604781 [publish_wind_direction-4]   File "/opt/ros/humble/local/lib/python3.10/dist-packages/rclpy/__init__.py", line 226, in spin
1749830579.9623551 [publish_wind_direction-4]     executor.spin_once()
1749830579.9641168 [publish_wind_direction-4]   File "/opt/ros/humble/local/lib/python3.10/dist-packages/rclpy/executors.py", line 739, in spin_once
1749830579.9658735 [publish_wind_direction-4]     self._spin_once_impl(timeout_sec)
1749830579.9675601 [publish_wind_direction-4]   File "/opt/ros/humble/local/lib/python3.10/dist-packages/rclpy/executors.py", line 736, in _spin_once_impl
1749830579.9721537 [publish_wind_direction-4]     raise handler.exception()
1749830579.9735897 [publish_wind_direction-4]   File "/opt/ros/humble/local/lib/python3.10/dist-packages/rclpy/task.py", line 239, in __call__
1749830579.9772260 [publish_wind_direction-4]     self._handler.send(None)
1749830579.9789944 [publish_wind_direction-4]   File "/opt/ros/humble/local/lib/python3.10/dist-packages/rclpy/executors.py", line 437, in handler
1749830579.9803083 [publish_wind_direction-4]     await call_coroutine(entity, arg)
1749830579.9818230 [publish_wind_direction-4]   File "/opt/ros/humble/local/lib/python3.10/dist-packages/rclpy/executors.py", line 351, in _execute_timer
1749830579.9836051 [publish_wind_direction-4]     await await_or_execute(tmr.callback)
1749830579.9848616 [publish_wind_direction-4]   File "/opt/ros/humble/local/lib/python3.10/dist-packages/rclpy/executors.py", line 107, in await_or_execute
1749830579.9864943 [publish_wind_direction-4]     return callback(*args)
1749830579.9883320 [publish_wind_direction-4]   File "/home/thymio/ros2_ws/install/wind_direction_detector/lib/python3.10/site-packages/wind_direction_detector/publish_direction.py", line 169, in make_wind_direction_opinion
1749830579.9898019 [publish_wind_direction-4]     raise Exception
1749830579.9916613 [publish_wind_direction-4] Exception
1749830581.5009656 [ERROR] [publish_wind_direction-4]: process has died [pid 4673, exit code 1, cmd '/home/thymio/ros2_ws/install/wind_direction_detector/lib/wind_direction_detector/publish_wind_direction --ros-args -r __node:=publish_wind_direction'].
1749830618.9864032 [random_robot_move-1] [INFO] [1749830618.985705890] [random_robot_move]: robot move: excetion raised at 16:03:38
1749830618.9891996 [random_robot_move-1] [INFO] [1749830618.988529797] [random_robot_move]: Exception, shutting down
1749830618.9984281 [random_robot_move-1] Initializing Thymio Robot
1749830618.9987571 [random_robot_move-1] Thymio 1 is connected
1749830618.9989171 [random_robot_move-1] ['_id', 'event.source', 'event.args', '_fwversion', '_productId', 'buttons._raw', 'button.backward', 'button.left', 'button.center', 'button.forward', 'button.right', 'buttons._mean', 'buttons._noise', 'prox.horizontal', 'prox.comm.rx._payloads', 'prox.comm.rx._intensities', 'prox.comm.rx', 'prox.comm.tx', 'prox.ground.ambiant', 'prox.ground.reflected', 'prox.ground.delta', 'motor.left.target', 'motor.right.target', '_vbat', '_imot', 'motor.left.speed', 'motor.right.speed', 'motor.left.pwm', 'motor.right.pwm', '_integrator', 'acc', 'leds.top', 'leds.bottom.left', 'leds.bottom.right', 'leds.circle', 'temperature', 'rc5.address', 'rc5.command', 'mic.intensity', 'mic.threshold', 'mic._mean', 'timer.period', 'acc._tap', 'sd.present']
1749830618.9991562 [random_robot_move-1] Robot connected
1749830618.9993067 [random_robot_move-1] on arena edge
1749830618.9994473 [random_robot_move-1] Starting Collision avoidance
1749830618.9995854 [random_robot_move-1] Move back
1749830618.9997211 [random_robot_move-1] Turn
1749830618.9998581 [random_robot_move-1] consecutive hits:  349
1749830618.9999921 [random_robot_move-1] Prox 0: 1340, Prox 1: 0,  Prox 2: 0, Prox 3: 0
1749830619.0001285 [random_robot_move-1] collision avoidance
1749830619.0002646 [random_robot_move-1] Starting Collision avoidance
1749830619.0003986 [random_robot_move-1] Move back
1749830619.0005324 [random_robot_move-1] Turn
1749830619.0006661 [random_robot_move-1] Prox 0: 0, Prox 1: 0,  Prox 2: 1958, Prox 3: 0
1749830619.0008004 [random_robot_move-1] collision avoidance
1749830619.0009353 [random_robot_move-1] Starting Collision avoidance
1749830619.0010693 [random_robot_move-1] Move back
1749830619.0012579 [random_robot_move-1] Turn
1749830619.0013962 [random_robot_move-1] consecutive hits:  602
1749830619.0015314 [random_robot_move-1] Prox 0: 2093, Prox 1: 0,  Prox 2: 0, Prox 3: 0
1749830619.0016656 [random_robot_move-1] collision avoidance
1749830619.0017986 [random_robot_move-1] Starting Collision avoidance
1749830619.0019324 [random_robot_move-1] Move back
1749830619.0020645 [random_robot_move-1] Turn
1749830619.0021973 [random_robot_move-1] consecutive hits:  601
1749830619.0023298 [random_robot_move-1] Prox 0: 1091, Prox 1: 0,  Prox 2: 0, Prox 3: 0
1749830619.0024633 [random_robot_move-1] collision avoidance
1749830619.0025966 [random_robot_move-1] Starting Collision avoidance
1749830619.0027277 [random_robot_move-1] Move back
1749830619.0028579 [random_robot_move-1] Turn
1749830619.0029905 [random_robot_move-1] Prox 0: 0, Prox 1: 0,  Prox 2: 0, Prox 3: 0
1749830619.0031221 [random_robot_move-1] collision avoidance
1749830619.0032535 [random_robot_move-1] Starting Collision avoidance
1749830619.0033853 [random_robot_move-1] Move back
1749830619.0035160 [random_robot_move-1] Turn
1749830619.0036473 [random_robot_move-1] consecutive hits:  602
1749830619.0037775 [random_robot_move-1] Prox 0: 0, Prox 1: 0,  Prox 2: 0, Prox 3: 1479
1749830619.0039070 [random_robot_move-1] collision avoidance
1749830619.0040388 [random_robot_move-1] Starting Collision avoidance
1749830619.0041692 [random_robot_move-1] Move back
1749830619.0042984 [random_robot_move-1] Turn
1749830619.0044305 [random_robot_move-1] consecutive hits:  601
1749830619.0045617 [random_robot_move-1] Prox 0: 0, Prox 1: 0,  Prox 2: 1485, Prox 3: 0
1749830619.0046926 [random_robot_move-1] collision avoidance
1749830619.0048220 [random_robot_move-1] Starting Collision avoidance
1749830619.0049512 [random_robot_move-1] Move back
1749830619.0050809 [random_robot_move-1] Turn
1749830619.0054774 [random_robot_move-1] consecutive hits:  601
1749830619.0056634 [random_robot_move-1] Prox 0: 0, Prox 1: 0,  Prox 2: 0, Prox 3: 1384
1749830619.0058014 [random_robot_move-1] collision avoidance
1749830619.0059359 [random_robot_move-1] Starting Collision avoidance
1749830619.0060689 [random_robot_move-1] Move back
1749830619.0062015 [random_robot_move-1] Turn
1749830619.0063348 [random_robot_move-1] Prox 0: 1813, Prox 1: 0,  Prox 2: 0, Prox 3: 0
1749830619.0064671 [random_robot_move-1] collision avoidance
1749830619.0065992 [random_robot_move-1] Starting Collision avoidance
1749830619.0067306 [random_robot_move-1] Move back
1749830619.0068624 [random_robot_move-1] Turn
1749830619.0070252 [random_robot_move-1] consecutive hits:  602
1749830619.0071657 [random_robot_move-1] Prox 0: 0, Prox 1: 0,  Prox 2: 0, Prox 3: 0
1749830619.0073056 [random_robot_move-1] collision avoidance
1749830619.0074456 [random_robot_move-1] Starting Collision avoidance
1749830619.0075853 [random_robot_move-1] Move back
1749830619.0077245 [random_robot_move-1] Turn
1749830619.0079243 [random_robot_move-1] consecutive hits:  601
1749830619.0080721 [random_robot_move-1] Prox 0: 0, Prox 1: 0,  Prox 2: 0, Prox 3: 1389
1749830619.0082140 [random_robot_move-1] collision avoidance
1749830619.0083539 [random_robot_move-1] Starting Collision avoidance
1749830619.0084929 [random_robot_move-1] Move back
1749830619.0086317 [random_robot_move-1] Turn
1749830619.0087700 [random_robot_move-1] consecutive hits:  601
1749830619.0089087 [random_robot_move-1] Prox 0: 1348, Prox 1: 0,  Prox 2: 0, Prox 3: 0
1749830619.0090475 [random_robot_move-1] collision avoidance
1749830619.0092170 [random_robot_move-1] Starting Collision avoidance
1749830619.0093622 [random_robot_move-1] Move back
1749830619.0095010 [random_robot_move-1] Turn
1749830619.0096400 [random_robot_move-1] Prox 0: 0, Prox 1: 0,  Prox 2: 0, Prox 3: 0
1749830619.0097783 [random_robot_move-1] collision avoidance
1749830619.0099161 [random_robot_move-1] Starting Collision avoidance
1749830619.0100541 [random_robot_move-1] Move back
1749830619.0101919 [random_robot_move-1] Turn
1749830619.0103300 [random_robot_move-1] consecutive hits:  602
1749830619.0104680 [random_robot_move-1] Prox 0: 0, Prox 1: 0,  Prox 2: 0, Prox 3: 1442
1749830619.0106182 [random_robot_move-1] collision avoidance
1749830619.0107815 [random_robot_move-1] Starting Collision avoidance
1749830619.0109484 [random_robot_move-1] Move back
1749830619.0112233 [random_robot_move-1] Turn
1749830619.0113807 [random_robot_move-1] consecutive hits:  601
1749830619.0115235 [random_robot_move-1] Prox 0: 0, Prox 1: 0,  Prox 2: 0, Prox 3: 0
1749830619.0117216 [random_robot_move-1] collision avoidance
1749830619.0118756 [random_robot_move-1] Starting Collision avoidance
1749830619.0120335 [random_robot_move-1] Move back
1749830619.0122445 [random_robot_move-1] Turn
1749830619.0123961 [random_robot_move-1] consecutive hits:  601
1749830619.0125961 [random_robot_move-1] Prox 0: 0, Prox 1: 0,  Prox 2: 1375, Prox 3: 0
1749830619.0127499 [random_robot_move-1] collision avoidance
1749830619.0128989 [random_robot_move-1] Starting Collision avoidance
1749830619.0130408 [random_robot_move-1] Move back
1749830619.0132425 [random_robot_move-1] Turn
1749830619.0133896 [random_robot_move-1] consecutive hits:  601
1749830619.0135298 [random_robot_move-1] consecutive hits:  345
1749830619.0136700 [random_robot_move-1] Prox 0: 0, Prox 1: 2009,  Prox 2: 0, Prox 3: 0
1749830619.0138094 [random_robot_move-1] collision avoidance
1749830619.0139465 [random_robot_move-1] Starting Collision avoidance
1749830619.0140841 [random_robot_move-1] Move back
1749830619.0142221 [random_robot_move-1] Turn
1749830619.0143609 [random_robot_move-1] consecutive hits:  601
1749830619.0144978 [random_robot_move-1] on arena edge
1749830619.0146351 [random_robot_move-1] Starting Collision avoidance
1749830619.0147715 [random_robot_move-1] Move back
1749830619.0149105 [random_robot_move-1] Turn
1749830619.0150492 [random_robot_move-1] consecutive hits:  337
1749830619.0151865 [random_robot_move-1] Prox 0: 0, Prox 1: 0,  Prox 2: 0, Prox 3: 1523
1749830619.0153232 [random_robot_move-1] collision avoidance
1749830619.0154612 [random_robot_move-1] Starting Collision avoidance
1749830619.0155981 [random_robot_move-1] Move back
1749830619.0157366 [random_robot_move-1] Turn
1749830619.0158749 [random_robot_move-1] consecutive hits:  601
1749830619.0160112 [random_robot_move-1] consecutive hits:  427
1749830619.0161486 [random_robot_move-1] Prox 0: 0, Prox 1: 1916,  Prox 2: 0, Prox 3: 0
1749830619.0162847 [random_robot_move-1] collision avoidance
1749830619.0164227 [random_robot_move-1] Starting Collision avoidance
1749830619.0165601 [random_robot_move-1] Move back
1749830619.0166969 [random_robot_move-1] Turn
1749830619.0168333 [random_robot_move-1] consecutive hits:  601
1749830619.0169706 [random_robot_move-1] consecutive hits:  344
1749830619.0171082 [random_robot_move-1] Prox 0: 0, Prox 1: 0,  Prox 2: 1447, Prox 3: 0
1749830619.0173941 [random_robot_move-1] collision avoidance
1749830619.0175397 [random_robot_move-1] Starting Collision avoidance
1749830619.0177252 [random_robot_move-1] Move back
1749830619.0178680 [random_robot_move-1] Turn
1749830619.0180075 [random_robot_move-1] consecutive hits:  601
1749830619.0181479 [random_robot_move-1] on arena edge
1749830619.0182867 [random_robot_move-1] Starting Collision avoidance
1749830619.0184252 [random_robot_move-1] Move back
1749830619.0185635 [random_robot_move-1] Turn
1749830619.0187013 [random_robot_move-1] Prox 0: 1411, Prox 1: 0,  Prox 2: 0, Prox 3: 0
1749830619.0188396 [random_robot_move-1] collision avoidance
1749830619.0189760 [random_robot_move-1] Starting Collision avoidance
1749830619.0191145 [random_robot_move-1] Move back
1749830619.0192523 [random_robot_move-1] Turn
1749830619.0193737 [random_robot_move-1] consecutive hits:  601
1749830619.0195777 [random_robot_move-1] consecutive hits:  348
1749830619.0196965 [random_robot_move-1] consecutive hits:  174
1749830619.0198133 [random_robot_move-1] Prox 0: 1426, Prox 1: 0,  Prox 2: 0, Prox 3: 0
1749830619.0199296 [random_robot_move-1] collision avoidance
1749830619.0200460 [random_robot_move-1] Starting Collision avoidance
1749830619.0201616 [random_robot_move-1] Move back
1749830619.0202761 [random_robot_move-1] Turn
1749830619.0203946 [random_robot_move-1] Prox 0: 0, Prox 1: 0,  Prox 2: 1096, Prox 3: 0
1749830619.0205107 [random_robot_move-1] collision avoidance
1749830619.0206275 [random_robot_move-1] Starting Collision avoidance
1749830619.0207431 [random_robot_move-1] Move back
1749830619.0208585 [random_robot_move-1] Turn
1749830619.0209749 [random_robot_move-1] consecutive hits:  602
1749830619.0210905 [random_robot_move-1] consecutive hits:  54
1749830619.0212328 [random_robot_move-1] consecutive hits:  338
1749830619.0213511 [random_robot_move-1] consecutive hits:  360
1749830619.0214674 [random_robot_move-1] on arena edge
1749830619.0215833 [random_robot_move-1] Starting Collision avoidance
1749830619.0216987 [random_robot_move-1] Move back
1749830619.0218134 [random_robot_move-1] Turn
1749830619.0219305 [random_robot_move-1] Prox 0: 1118, Prox 1: 0,  Prox 2: 0, Prox 3: 0
1749830619.0220468 [random_robot_move-1] collision avoidance
1749830619.0221620 [random_robot_move-1] Starting Collision avoidance
1749830619.0222762 [random_robot_move-1] Move back
1749830619.0223911 [random_robot_move-1] Turn
1749830619.0225058 [random_robot_move-1] consecutive hits:  601
1749830619.0226214 [random_robot_move-1] consecutive hits:  336
1749830619.0227358 [random_robot_move-1] consecutive hits:  360
1749830619.0228515 [random_robot_move-1] Prox 0: 0, Prox 1: 0,  Prox 2: 0, Prox 3: 1282
1749830619.0229671 [random_robot_move-1] collision avoidance
1749830619.0230825 [random_robot_move-1] Starting Collision avoidance
1749830619.0231972 [random_robot_move-1] Move back
1749830619.0233111 [random_robot_move-1] Turn
1749830619.0234258 [random_robot_move-1] consecutive hits:  601
1749830619.0235410 [random_robot_move-1] consecutive hits:  98
1749830619.0236554 [random_robot_move-1] Prox 0: 0, Prox 1: 1823,  Prox 2: 0, Prox 3: 0
1749830619.0237701 [random_robot_move-1] collision avoidance
1749830619.0238848 [random_robot_move-1] Starting Collision avoidance
1749830619.0239985 [random_robot_move-1] Move back
1749830619.0241120 [random_robot_move-1] Turn
1749830619.0242269 [random_robot_move-1] consecutive hits:  601
1749830619.0243418 [random_robot_move-1] on arena edge
1749830619.0244567 [random_robot_move-1] Starting Collision avoidance
1749830619.0245712 [random_robot_move-1] Move back
1749830619.0246854 [random_robot_move-1] Turn
1749830619.0247996 [random_robot_move-1] on arena edge
1749830619.0249135 [random_robot_move-1] Starting Collision avoidance
1749830619.0250270 [random_robot_move-1] Move back
1749830619.0251524 [random_robot_move-1] Turn
1749830619.0252728 [random_robot_move-1] consecutive hits:  348
1749830677.8550525 [WARNING] [launch]: user interrupted with ctrl-c (SIGINT)
1749830677.8770740 [random_robot_move-1] Exception ignored in: <module 'threading' from '/usr/lib/python3.10/threading.py'>
1749830677.8785360 [random_robot_move-1] Traceback (most recent call last):
1749830677.8799918 [random_robot_move-1]   File "/usr/lib/python3.10/threading.py", line 1567, in _shutdown
1749830677.8830807 [random_robot_move-1]     lock.acquire()
1749830677.8846517 [random_robot_move-1] KeyboardInterrupt: 
1749830677.8874996 [service_vicon_node-2] [INFO] [1749830677.861744392] [service_vicon_node]: Stopping, Keyboard Interrupt
1749830677.8888748 [service_vicon_node-2] Failed to publish log message to rosout: publisher's context is invalid, at ./src/rcl/publisher.c:389
1749830677.8912456 [service_neighbours_opinions-3] [INFO] [1749830677.862083855] [service_neighbours_opinions]: Stopping, Keyboard Interrupt
1749830677.8924141 [service_neighbours_opinions-3] Failed to publish log message to rosout: publisher's context is invalid, at ./src/rcl/publisher.c:389
1749830678.0408583 [service_vicon_node-2] Traceback (most recent call last):
1749830678.0413680 [service_vicon_node-2]   File "/home/thymio/ros2_ws/install/wind_direction_detector/lib/wind_direction_detector/service_vicon_node", line 33, in <module>
1749830678.0430229 [service_vicon_node-2]     sys.exit(load_entry_point('wind-direction-detector==0.0.0', 'console_scripts', 'service_vicon_node')())
1749830678.0439599 [service_vicon_node-2]   File "/home/thymio/ros2_ws/install/wind_direction_detector/lib/python3.10/site-packages/wind_direction_detector/vicon_node.py", line 161, in main
1749830678.0448070 [service_vicon_node-2]     rclpy.shutdown()
1749830678.0457454 [service_vicon_node-2]   File "/opt/ros/humble/local/lib/python3.10/dist-packages/rclpy/__init__.py", line 130, in shutdown
1749830678.0468063 [service_vicon_node-2]     _shutdown(context=context)
1749830678.0477328 [service_vicon_node-2]   File "/opt/ros/humble/local/lib/python3.10/dist-packages/rclpy/utilities.py", line 58, in shutdown
1749830678.0485809 [service_vicon_node-2]     return context.shutdown()
1749830678.0494568 [service_vicon_node-2]   File "/opt/ros/humble/local/lib/python3.10/dist-packages/rclpy/context.py", line 102, in shutdown
1749830678.0503180 [service_vicon_node-2]     self.__context.shutdown()
1749830678.0511420 [service_vicon_node-2] rclpy._rclpy_pybind11.RCLError: failed to shutdown: rcl_shutdown already called on the given context, at ./src/rcl/init.c:241
1749830678.1157558 [INFO] [random_robot_move-1]: process has finished cleanly [pid 4667]
1749830678.3228679 [ERROR] [service_vicon_node-2]: process has died [pid 4669, exit code 1, cmd '/home/thymio/ros2_ws/install/wind_direction_detector/lib/wind_direction_detector/service_vicon_node --ros-args -r __node:=service_vicon_node'].
1749830679.8344049 [WARNING] [launch]: user interrupted with ctrl-c (SIGINT) again, ignoring...
1749830679.9511285 [service_neighbours_opinions-3] Traceback (most recent call last):
1749830679.9515831 [service_neighbours_opinions-3]   File "/home/thymio/ros2_ws/install/wind_direction_detector/lib/python3.10/site-packages/wind_direction_detector/neighbours_opinion_node.py", line 111, in main
1749830679.9527984 [service_neighbours_opinions-3]     rclpy.spin(neighbours_node)
1749830679.9533110 [service_neighbours_opinions-3]   File "/opt/ros/humble/local/lib/python3.10/dist-packages/rclpy/__init__.py", line 226, in spin
1749830679.9536767 [service_neighbours_opinions-3]     executor.spin_once()
1749830679.9540148 [service_neighbours_opinions-3]   File "/opt/ros/humble/local/lib/python3.10/dist-packages/rclpy/executors.py", line 739, in spin_once
1749830679.9543266 [service_neighbours_opinions-3]     self._spin_once_impl(timeout_sec)
1749830679.9545934 [service_neighbours_opinions-3]   File "/opt/ros/humble/local/lib/python3.10/dist-packages/rclpy/executors.py", line 728, in _spin_once_impl
1749830679.9555943 [service_neighbours_opinions-3]     handler, entity, node = self.wait_for_ready_callbacks(timeout_sec=timeout_sec)
1749830679.9560018 [service_neighbours_opinions-3]   File "/opt/ros/humble/local/lib/python3.10/dist-packages/rclpy/executors.py", line 711, in wait_for_ready_callbacks
1749830679.9562895 [service_neighbours_opinions-3]     return next(self._cb_iter)
1749830679.9566026 [service_neighbours_opinions-3]   File "/opt/ros/humble/local/lib/python3.10/dist-packages/rclpy/executors.py", line 608, in _wait_for_ready_callbacks
1749830679.9568906 [service_neighbours_opinions-3]     wait_set.wait(timeout_nsec)
1749830679.9574962 [service_neighbours_opinions-3] KeyboardInterrupt
1749830679.9583998 [service_neighbours_opinions-3] 
1749830679.9591560 [service_neighbours_opinions-3] During handling of the above exception, another exception occurred:
1749830679.9600353 [service_neighbours_opinions-3] 
1749830679.9609220 [service_neighbours_opinions-3] Traceback (most recent call last):
1749830679.9620175 [service_neighbours_opinions-3]   File "/home/thymio/ros2_ws/install/wind_direction_detector/lib/python3.10/site-packages/wind_direction_detector/neighbours_opinion_node.py", line 115, in main
1749830679.9629233 [service_neighbours_opinions-3]     neighbours_node.destroy_node()
1749830679.9637599 [service_neighbours_opinions-3]   File "/opt/ros/humble/local/lib/python3.10/dist-packages/rclpy/node.py", line 1681, in destroy_node
1749830679.9645696 [service_neighbours_opinions-3]     self.destroy_subscription(self._subscriptions[0])
1749830679.9654696 [service_neighbours_opinions-3]   File "/opt/ros/humble/local/lib/python3.10/dist-packages/rclpy/node.py", line 1577, in destroy_subscription
1749830679.9677887 [service_neighbours_opinions-3]     subscription.destroy()
1749830679.9686878 [service_neighbours_opinions-3]   File "/opt/ros/humble/local/lib/python3.10/dist-packages/rclpy/subscription.py", line 80, in destroy
1749830679.9695077 [service_neighbours_opinions-3]     self.handle.destroy_when_not_in_use()
1749830679.9703124 [service_neighbours_opinions-3] KeyboardInterrupt
1749830679.9712222 [service_neighbours_opinions-3] 
1749830679.9721751 [service_neighbours_opinions-3] During handling of the above exception, another exception occurred:
1749830679.9730222 [service_neighbours_opinions-3] 
1749830679.9738617 [service_neighbours_opinions-3] Traceback (most recent call last):
1749830679.9746647 [service_neighbours_opinions-3]   File "/home/thymio/ros2_ws/install/wind_direction_detector/lib/wind_direction_detector/service_neighbours_opinions", line 33, in <module>
1749830679.9760923 [service_neighbours_opinions-3]     sys.exit(load_entry_point('wind-direction-detector==0.0.0', 'console_scripts', 'service_neighbours_opinions')())
1749830679.9770434 [service_neighbours_opinions-3]   File "/home/thymio/ros2_ws/install/wind_direction_detector/lib/python3.10/site-packages/wind_direction_detector/neighbours_opinion_node.py", line 121, in main
1749830679.9780517 [service_neighbours_opinions-3]     rclpy.shutdown()
1749830679.9789610 [service_neighbours_opinions-3]   File "/opt/ros/humble/local/lib/python3.10/dist-packages/rclpy/__init__.py", line 130, in shutdown
1749830679.9798238 [service_neighbours_opinions-3]     _shutdown(context=context)
1749830679.9806297 [service_neighbours_opinions-3]   File "/opt/ros/humble/local/lib/python3.10/dist-packages/rclpy/utilities.py", line 58, in shutdown
1749830679.9814646 [service_neighbours_opinions-3]     return context.shutdown()
1749830679.9823470 [service_neighbours_opinions-3]   File "/opt/ros/humble/local/lib/python3.10/dist-packages/rclpy/context.py", line 102, in shutdown
1749830679.9832129 [service_neighbours_opinions-3]     self.__context.shutdown()
1749830679.9839470 [service_neighbours_opinions-3] rclpy._rclpy_pybind11.RCLError: failed to shutdown: rcl_shutdown already called on the given context, at ./src/rcl/init.c:241
1749830682.8759785 [ERROR] [service_neighbours_opinions-3]: process[service_neighbours_opinions-3] failed to terminate '5' seconds after receiving 'SIGINT', escalating to 'SIGTERM'
1749830682.8799765 [INFO] [service_neighbours_opinions-3]: sending signal 'SIGTERM' to process[service_neighbours_opinions-3]
1749830686.5930035 [ERROR] [service_neighbours_opinions-3]: process has died [pid 4671, exit code 1, cmd '/home/thymio/ros2_ws/install/wind_direction_detector/lib/wind_direction_detector/service_neighbours_opinions --ros-args -r __node:=service_neighbours_opinions'].
