[INFO] [launch]: All log files can be found below /home/thymio/.ros/log/2025-06-06-15-52-25-205431-thymio-820
[INFO] [launch]: Default logging verbosity is set to INFO
[INFO] [random_robot_move-1]: process started with pid [842]
[INFO] [publish_wind_direction-2]: process started with pid [844]
[publish_wind_direction-2] /usr/lib/python3/dist-packages/scipy/__init__.py:146: UserWarning: A NumPy version >=1.17.3 and <1.25.0 is required for this version of SciPy (detected version 1.26.4
[publish_wind_direction-2]   warnings.warn(f"A NumPy version >={np_minversion} and <{np_maxversion}"
[publish_wind_direction-2] [INFO] [1749225149.151686293] [publish_wind_direction]: Physical Ip=134.34.225.236, id=id236
[publish_wind_direction-2] [INFO] [1749225149.189188719] [publish_wind_direction]: Subscribed to: vicon/default/data
[random_robot_move-1] [INFO] [1749225152.105167964] [random_robot_move]: Robot Control Node started.
[publish_wind_direction-2] [INFO] [1749225154.177109952] [publish_wind_direction]: Publishing: "id236:W"
[publish_wind_direction-2] [INFO] [1749225159.177171576] [publish_wind_direction]: Publishing: "id236:W"
[publish_wind_direction-2] [INFO] [1749225164.177337177] [publish_wind_direction]: Publishing: "id236:W"
[publish_wind_direction-2] [INFO] [1749225169.177299646] [publish_wind_direction]: Publishing: "id236:W"
[publish_wind_direction-2] [INFO] [1749225174.177612080] [publish_wind_direction]: Publishing: "id236:W"
[publish_wind_direction-2] [INFO] [1749225179.178899026] [publish_wind_direction]: Publishing: "id236:W"
[publish_wind_direction-2] [INFO] [1749225184.178315149] [publish_wind_direction]: Publishing: "id236:W"
[publish_wind_direction-2] [INFO] [1749225189.176917966] [publish_wind_direction]: Publishing: "id236:W"
[publish_wind_direction-2] [INFO] [1749225194.176900899] [publish_wind_direction]: Publishing: "id236:W"
[publish_wind_direction-2] [INFO] [1749225199.177477733] [publish_wind_direction]: Publishing: "id236:W"
[publish_wind_direction-2] [INFO] [1749225204.177562473] [publish_wind_direction]: Publishing: "id236:W"
[publish_wind_direction-2] [INFO] [1749225209.176883672] [publish_wind_direction]: Publishing: "id236:W"
[publish_wind_direction-2] [INFO] [1749225214.177032388] [publish_wind_direction]: Publishing: "id236:W"
[publish_wind_direction-2] [INFO] [1749225219.176904979] [publish_wind_direction]: Publishing: "id236:W"
[publish_wind_direction-2] [INFO] [1749225224.176909869] [publish_wind_direction]: Publishing: "id236:W"
[publish_wind_direction-2] [INFO] [1749225229.176960204] [publish_wind_direction]: Publishing: "id236:W"
[publish_wind_direction-2] [INFO] [1749225234.176999623] [publish_wind_direction]: Publishing: "id236:W"
[publish_wind_direction-2] [INFO] [1749225239.177022067] [publish_wind_direction]: Publishing: "id236:W"
[publish_wind_direction-2] [INFO] [1749225244.176933478] [publish_wind_direction]: Publishing: "id236:W"
[publish_wind_direction-2] [INFO] [1749225249.176919578] [publish_wind_direction]: Publishing: "id236:W"
[publish_wind_direction-2] [INFO] [1749225254.176924426] [publish_wind_direction]: Publishing: "id236:W"
[publish_wind_direction-2] [INFO] [1749225259.176903460] [publish_wind_direction]: Publishing: "id236:W"
[publish_wind_direction-2] [INFO] [1749225264.177034371] [publish_wind_direction]: Publishing: "id236:W"
[publish_wind_direction-2] [INFO] [1749225269.177025472] [publish_wind_direction]: Publishing: "id236:W"
[publish_wind_direction-2] [INFO] [1749225274.177007326] [publish_wind_direction]: Publishing: "id236:W"
[publish_wind_direction-2] [INFO] [1749225279.177002179] [publish_wind_direction]: Publishing: "id236:W"
[publish_wind_direction-2] [INFO] [1749225284.177045526] [publish_wind_direction]: Publishing: "id236:W"
[publish_wind_direction-2] [INFO] [1749225289.177104665] [publish_wind_direction]: Publishing: "id236:W"
[publish_wind_direction-2] [INFO] [1749225294.177008074] [publish_wind_direction]: Publishing: "id236:W"
[publish_wind_direction-2] [INFO] [1749225299.176934902] [publish_wind_direction]: Publishing: "id236:W"
[publish_wind_direction-2] [INFO] [1749225304.176928577] [publish_wind_direction]: Publishing: "id236:W"
[publish_wind_direction-2] [INFO] [1749225309.178949221] [publish_wind_direction]: Publishing: "id236:W"
[publish_wind_direction-2] [INFO] [1749225314.176934367] [publish_wind_direction]: Publishing: "id236:W"
[publish_wind_direction-2] [INFO] [1749225319.176875962] [publish_wind_direction]: Publishing: "id236:W"
[publish_wind_direction-2] [INFO] [1749225324.176767444] [publish_wind_direction]: Publishing: "id236:W"
[publish_wind_direction-2] [INFO] [1749225329.176928598] [publish_wind_direction]: Publishing: "id236:W"
[publish_wind_direction-2] [INFO] [1749225334.177212981] [publish_wind_direction]: Publishing: "id236:W"
[publish_wind_direction-2] [INFO] [1749225339.177129519] [publish_wind_direction]: Publishing: "id236:W"
[publish_wind_direction-2] [INFO] [1749225344.177170374] [publish_wind_direction]: Publishing: "id236:W"
[publish_wind_direction-2] [INFO] [1749225349.177147587] [publish_wind_direction]: Publishing: "id236:W"
[publish_wind_direction-2] [INFO] [1749225354.177137813] [publish_wind_direction]: Publishing: "id236:W"
[publish_wind_direction-2] [INFO] [1749225359.177197759] [publish_wind_direction]: Publishing: "id236:W"
[publish_wind_direction-2] [INFO] [1749225364.176991656] [publish_wind_direction]: Publishing: "id236:W"
[publish_wind_direction-2] [INFO] [1749225369.177023469] [publish_wind_direction]: Publishing: "id236:W"
[publish_wind_direction-2] [INFO] [1749225374.177264674] [publish_wind_direction]: Publishing: "id236:W"
[publish_wind_direction-2] [INFO] [1749225379.177232754] [publish_wind_direction]: Publishing: "id236:W"
[publish_wind_direction-2] [INFO] [1749225384.176880089] [publish_wind_direction]: Publishing: "id236:W"
[publish_wind_direction-2] [INFO] [1749225389.176961061] [publish_wind_direction]: Publishing: "id236:W"
[publish_wind_direction-2] [INFO] [1749225394.177011113] [publish_wind_direction]: Publishing: "id236:W"
[publish_wind_direction-2] [INFO] [1749225399.177003430] [publish_wind_direction]: Publishing: "id236:W"
[publish_wind_direction-2] [INFO] [1749225404.176956476] [publish_wind_direction]: Publishing: "id236:W"
[publish_wind_direction-2] [INFO] [1749225409.176915882] [publish_wind_direction]: Publishing: "id236:W"
[publish_wind_direction-2] [INFO] [1749225414.177065889] [publish_wind_direction]: Publishing: "id236:W"
[publish_wind_direction-2] [INFO] [1749225419.177040019] [publish_wind_direction]: Publishing: "id236:W"
[publish_wind_direction-2] [INFO] [1749225424.177026774] [publish_wind_direction]: Publishing: "id236:W"
[publish_wind_direction-2] [INFO] [1749225429.177029462] [publish_wind_direction]: Publishing: "id236:W"
[publish_wind_direction-2] [INFO] [1749225434.176934043] [publish_wind_direction]: Publishing: "id236:W"
[publish_wind_direction-2] [INFO] [1749225439.176923746] [publish_wind_direction]: Publishing: "id236:W"
[publish_wind_direction-2] [INFO] [1749225444.176895162] [publish_wind_direction]: Publishing: "id236:W"
[publish_wind_direction-2] [INFO] [1749225449.176893378] [publish_wind_direction]: Publishing: "id236:W"
[publish_wind_direction-2] [INFO] [1749225454.176931056] [publish_wind_direction]: Publishing: "id236:W"
[publish_wind_direction-2] [INFO] [1749225459.177046378] [publish_wind_direction]: Publishing: "id236:W"
[publish_wind_direction-2] [INFO] [1749225464.176874227] [publish_wind_direction]: Publishing: "id236:W"
[publish_wind_direction-2] [INFO] [1749225469.176785918] [publish_wind_direction]: Publishing: "id236:W"
[publish_wind_direction-2] [INFO] [1749225474.176910406] [publish_wind_direction]: Publishing: "id236:W"
[publish_wind_direction-2] [INFO] [1749225479.176886058] [publish_wind_direction]: Publishing: "id236:W"
[publish_wind_direction-2] [INFO] [1749225484.177137187] [publish_wind_direction]: Publishing: "id236:W"
[publish_wind_direction-2] [INFO] [1749225489.176755629] [publish_wind_direction]: Publishing: "id236:W"
[publish_wind_direction-2] [INFO] [1749225494.176884090] [publish_wind_direction]: Publishing: "id236:W"
[publish_wind_direction-2] [INFO] [1749225499.177244231] [publish_wind_direction]: Publishing: "id236:W"
[publish_wind_direction-2] [INFO] [1749225504.176995626] [publish_wind_direction]: Publishing: "id236:W"
[publish_wind_direction-2] [INFO] [1749225509.176896499] [publish_wind_direction]: Publishing: "id236:W"
[publish_wind_direction-2] [INFO] [1749225514.177001013] [publish_wind_direction]: Publishing: "id236:W"
[publish_wind_direction-2] [INFO] [1749225519.176892466] [publish_wind_direction]: Publishing: "id236:W"
[publish_wind_direction-2] [INFO] [1749225524.176980672] [publish_wind_direction]: Publishing: "id236:W"
[publish_wind_direction-2] [INFO] [1749225529.176967439] [publish_wind_direction]: Publishing: "id236:W"
[publish_wind_direction-2] [INFO] [1749225534.176890396] [publish_wind_direction]: Publishing: "id236:W"
[publish_wind_direction-2] [INFO] [1749225539.176954033] [publish_wind_direction]: Publishing: "id236:W"
[publish_wind_direction-2] [INFO] [1749225544.177025727] [publish_wind_direction]: Publishing: "id236:W"
[publish_wind_direction-2] [INFO] [1749225549.176978779] [publish_wind_direction]: Publishing: "id236:W"
[publish_wind_direction-2] [INFO] [1749225554.176924183] [publish_wind_direction]: Publishing: "id236:W"
[publish_wind_direction-2] [INFO] [1749225559.176891107] [publish_wind_direction]: Publishing: "id236:W"
[publish_wind_direction-2] [INFO] [1749225564.177031319] [publish_wind_direction]: Publishing: "id236:W"
[publish_wind_direction-2] [INFO] [1749225569.176987447] [publish_wind_direction]: Publishing: "id236:W"
[publish_wind_direction-2] [INFO] [1749225574.176917632] [publish_wind_direction]: Publishing: "id236:W"
[publish_wind_direction-2] [INFO] [1749225579.176932629] [publish_wind_direction]: Publishing: "id236:W"
[publish_wind_direction-2] [INFO] [1749225584.176891092] [publish_wind_direction]: Publishing: "id236:W"
[publish_wind_direction-2] [INFO] [1749225589.176899164] [publish_wind_direction]: Publishing: "id236:W"
[publish_wind_direction-2] [INFO] [1749225594.176892959] [publish_wind_direction]: Publishing: "id236:W"
[publish_wind_direction-2] [INFO] [1749225599.176935252] [publish_wind_direction]: Publishing: "id236:W"
[publish_wind_direction-2] [INFO] [1749225604.176928010] [publish_wind_direction]: Publishing: "id236:W"
[publish_wind_direction-2] [INFO] [1749225609.176743703] [publish_wind_direction]: Publishing: "id236:W"
[publish_wind_direction-2] [INFO] [1749225614.176918805] [publish_wind_direction]: Publishing: "id236:W"
[publish_wind_direction-2] [INFO] [1749225619.176929489] [publish_wind_direction]: Publishing: "id236:W"
[publish_wind_direction-2] [INFO] [1749225624.176891342] [publish_wind_direction]: Publishing: "id236:W"
[publish_wind_direction-2] [INFO] [1749225629.176931913] [publish_wind_direction]: Publishing: "id236:W"
[publish_wind_direction-2] [INFO] [1749225634.177236375] [publish_wind_direction]: Publishing: "id236:W"
[publish_wind_direction-2] [INFO] [1749225639.177412084] [publish_wind_direction]: Publishing: "id236:W"
[publish_wind_direction-2] [INFO] [1749225644.177134904] [publish_wind_direction]: Publishing: "id236:W"
[publish_wind_direction-2] [INFO] [1749225649.177086320] [publish_wind_direction]: Publishing: "id236:W"
[publish_wind_direction-2] [INFO] [1749225654.177249252] [publish_wind_direction]: Publishing: "id236:W"
[publish_wind_direction-2] [INFO] [1749225659.176903459] [publish_wind_direction]: Publishing: "id236:W"
[publish_wind_direction-2] [INFO] [1749225664.177001069] [publish_wind_direction]: Publishing: "id236:W"
[publish_wind_direction-2] [INFO] [1749225669.177009668] [publish_wind_direction]: Publishing: "id236:W"
[publish_wind_direction-2] [INFO] [1749225674.176925835] [publish_wind_direction]: Publishing: "id236:W"
[publish_wind_direction-2] [INFO] [1749225679.176925139] [publish_wind_direction]: Publishing: "id236:W"
[publish_wind_direction-2] [INFO] [1749225684.176891956] [publish_wind_direction]: Publishing: "id236:W"
[publish_wind_direction-2] [INFO] [1749225689.176883151] [publish_wind_direction]: Publishing: "id236:W"
[publish_wind_direction-2] [INFO] [1749225694.176898830] [publish_wind_direction]: Publishing: "id236:W"
[publish_wind_direction-2] [INFO] [1749225699.176959799] [publish_wind_direction]: Publishing: "id236:W"
[publish_wind_direction-2] [INFO] [1749225704.176907830] [publish_wind_direction]: Publishing: "id236:W"
[publish_wind_direction-2] [INFO] [1749225709.176930173] [publish_wind_direction]: Publishing: "id236:W"
[publish_wind_direction-2] [INFO] [1749225714.176897002] [publish_wind_direction]: Publishing: "id236:W"
[publish_wind_direction-2] [INFO] [1749225719.176908497] [publish_wind_direction]: Publishing: "id236:W"
[publish_wind_direction-2] [INFO] [1749225724.177017857] [publish_wind_direction]: Publishing: "id236:W"
[publish_wind_direction-2] [INFO] [1749225729.176946722] [publish_wind_direction]: Publishing: "id236:W"
[publish_wind_direction-2] [INFO] [1749225734.176883016] [publish_wind_direction]: Publishing: "id236:W"
[publish_wind_direction-2] [INFO] [1749225739.177959710] [publish_wind_direction]: Publishing: "id236:W"
[publish_wind_direction-2] [INFO] [1749225744.177070663] [publish_wind_direction]: Publishing: "id236:W"
[publish_wind_direction-2] [INFO] [1749225749.176886385] [publish_wind_direction]: Publishing: "id236:W"
[publish_wind_direction-2] [INFO] [1749225754.177008164] [publish_wind_direction]: Publishing: "id236:W"
[publish_wind_direction-2] [INFO] [1749225759.177030638] [publish_wind_direction]: Publishing: "id236:W"
[publish_wind_direction-2] [INFO] [1749225764.176889493] [publish_wind_direction]: Publishing: "id236:W"
[publish_wind_direction-2] [INFO] [1749225769.176863112] [publish_wind_direction]: Publishing: "id236:W"
[publish_wind_direction-2] [INFO] [1749225774.176878930] [publish_wind_direction]: Publishing: "id236:W"
[publish_wind_direction-2] [INFO] [1749225779.176931552] [publish_wind_direction]: Publishing: "id236:W"
[publish_wind_direction-2] [INFO] [1749225784.176902614] [publish_wind_direction]: Publishing: "id236:W"
[publish_wind_direction-2] [INFO] [1749225789.176867796] [publish_wind_direction]: Publishing: "id236:W"
[publish_wind_direction-2] [INFO] [1749225794.176883148] [publish_wind_direction]: Publishing: "id236:W"
[publish_wind_direction-2] [INFO] [1749225799.176898199] [publish_wind_direction]: Publishing: "id236:W"
[publish_wind_direction-2] [INFO] [1749225804.177016503] [publish_wind_direction]: Publishing: "id236:W"
[publish_wind_direction-2] [INFO] [1749225809.176900176] [publish_wind_direction]: Publishing: "id236:W"
[publish_wind_direction-2] [INFO] [1749225814.177014171] [publish_wind_direction]: Publishing: "id236:W"
[publish_wind_direction-2] [INFO] [1749225819.176993653] [publish_wind_direction]: Publishing: "id236:W"
[publish_wind_direction-2] [INFO] [1749225824.176876244] [publish_wind_direction]: Publishing: "id236:W"
[publish_wind_direction-2] [INFO] [1749225829.176888907] [publish_wind_direction]: Publishing: "id236:W"
[publish_wind_direction-2] [INFO] [1749225834.176912324] [publish_wind_direction]: Publishing: "id236:W"
[publish_wind_direction-2] [INFO] [1749225839.176936424] [publish_wind_direction]: Publishing: "id236:W"
[publish_wind_direction-2] [INFO] [1749225844.177099612] [publish_wind_direction]: Publishing: "id236:W"
[publish_wind_direction-2] [INFO] [1749225849.176905044] [publish_wind_direction]: Publishing: "id236:W"
[publish_wind_direction-2] [INFO] [1749225854.177016591] [publish_wind_direction]: Publishing: "id236:W"
[publish_wind_direction-2] [INFO] [1749225859.176988240] [publish_wind_direction]: Publishing: "id236:W"
[publish_wind_direction-2] [INFO] [1749225864.176881868] [publish_wind_direction]: Publishing: "id236:W"
[publish_wind_direction-2] [INFO] [1749225869.176929174] [publish_wind_direction]: Publishing: "id236:W"
[publish_wind_direction-2] [INFO] [1749225874.176915677] [publish_wind_direction]: Publishing: "id236:W"
[publish_wind_direction-2] [INFO] [1749225879.176915574] [publish_wind_direction]: Publishing: "id236:W"
[publish_wind_direction-2] [INFO] [1749225884.176869887] [publish_wind_direction]: Publishing: "id236:W"
[publish_wind_direction-2] [INFO] [1749225889.177049591] [publish_wind_direction]: Publishing: "id236:W"
[publish_wind_direction-2] [INFO] [1749225894.176733392] [publish_wind_direction]: Publishing: "id236:W"
[publish_wind_direction-2] [INFO] [1749225899.176877938] [publish_wind_direction]: Publishing: "id236:W"
[publish_wind_direction-2] [INFO] [1749225904.176911807] [publish_wind_direction]: Publishing: "id236:W"
[publish_wind_direction-2] [INFO] [1749225909.176855333] [publish_wind_direction]: Publishing: "id236:W"
[publish_wind_direction-2] [INFO] [1749225914.176877435] [publish_wind_direction]: Publishing: "id236:W"
[publish_wind_direction-2] [INFO] [1749225919.176892579] [publish_wind_direction]: Publishing: "id236:W"
[publish_wind_direction-2] [INFO] [1749225924.176912652] [publish_wind_direction]: Publishing: "id236:W"
[publish_wind_direction-2] [INFO] [1749225929.176908498] [publish_wind_direction]: Publishing: "id236:W"
[publish_wind_direction-2] [INFO] [1749225934.177031879] [publish_wind_direction]: Publishing: "id236:W"
[publish_wind_direction-2] [INFO] [1749225939.177194070] [publish_wind_direction]: Publishing: "id236:W"
[publish_wind_direction-2] [INFO] [1749225944.177133195] [publish_wind_direction]: Publishing: "id236:W"
[publish_wind_direction-2] [INFO] [1749225949.177158072] [publish_wind_direction]: Publishing: "id236:W"
[publish_wind_direction-2] [INFO] [1749225954.177165740] [publish_wind_direction]: Publishing: "id236:W"
[publish_wind_direction-2] [INFO] [1749225959.177078046] [publish_wind_direction]: Publishing: "id236:W"
[publish_wind_direction-2] [INFO] [1749225964.177122775] [publish_wind_direction]: Publishing: "id236:W"
[publish_wind_direction-2] [INFO] [1749225969.176998508] [publish_wind_direction]: Publishing: "id236:W"
[publish_wind_direction-2] [INFO] [1749225974.177027298] [publish_wind_direction]: Publishing: "id236:W"
[publish_wind_direction-2] [INFO] [1749225979.176987883] [publish_wind_direction]: Publishing: "id236:W"
[publish_wind_direction-2] [INFO] [1749225984.177008624] [publish_wind_direction]: Publishing: "id236:W"
[publish_wind_direction-2] [INFO] [1749225989.177018842] [publish_wind_direction]: Publishing: "id236:W"
[publish_wind_direction-2] [INFO] [1749225994.176979206] [publish_wind_direction]: Publishing: "id236:W"
[publish_wind_direction-2] [INFO] [1749225999.176974863] [publish_wind_direction]: Publishing: "id236:W"
[publish_wind_direction-2] [INFO] [1749226004.177040344] [publish_wind_direction]: Publishing: "id236:W"
[publish_wind_direction-2] [INFO] [1749226009.177002088] [publish_wind_direction]: Publishing: "id236:W"
[publish_wind_direction-2] [INFO] [1749226014.176974396] [publish_wind_direction]: Publishing: "id236:W"
[publish_wind_direction-2] [INFO] [1749226019.177015698] [publish_wind_direction]: Publishing: "id236:W"
[publish_wind_direction-2] [INFO] [1749226024.177032069] [publish_wind_direction]: Publishing: "id236:W"
[publish_wind_direction-2] [INFO] [1749226029.176998213] [publish_wind_direction]: Publishing: "id236:W"
[publish_wind_direction-2] [INFO] [1749226034.177189360] [publish_wind_direction]: Publishing: "id236:W"
[publish_wind_direction-2] [INFO] [1749226039.176939235] [publish_wind_direction]: Publishing: "id236:W"
[publish_wind_direction-2] [INFO] [1749226044.176854283] [publish_wind_direction]: Publishing: "id236:W"
[publish_wind_direction-2] [INFO] [1749226049.177067120] [publish_wind_direction]: Publishing: "id236:W"
[publish_wind_direction-2] [INFO] [1749226054.180750262] [publish_wind_direction]: Raising exception
[publish_wind_direction-2] [INFO] [1749226054.187188323] [publish_wind_direction]: Publisher stopping, exception
[INFO] [publish_wind_direction-2]: process has finished cleanly [pid 844]
[random_robot_move-1] [INFO] [1749226162.032573291] [random_robot_move]: Exception, shutting down
[random_robot_move-1] Exception in thread Thread-2:
[random_robot_move-1] Traceback (most recent call last):
[random_robot_move-1]   File "/usr/lib/python3.10/threading.py", line 1016, in _bootstrap_inner
[random_robot_move-1]     self.run()
[random_robot_move-1]   File "/usr/local/lib/python3.10/dist-packages/thymiodirect/connection.py", line 69, in run
[random_robot_move-1] Task exception was never retrieved
[random_robot_move-1] future: <Task finished name='Task-129' coro=<Connection.handle_message.<locals>.do_refresh() done, defined at /usr/local/lib/python3.10/dist-packages/thymiodirect/connection.py:451> exception=KeyError(1)>
[random_robot_move-1] Traceback (most recent call last):
[random_robot_move-1]   File "/usr/local/lib/python3.10/dist-packages/thymiodirect/connection.py", line 458, in do_refresh
[random_robot_move-1]     self.get_variables(source_node)
[random_robot_move-1]   File "/usr/local/lib/python3.10/dist-packages/thymiodirect/connection.py", line 571, in get_variables
[random_robot_move-1]     chunk_length = (self.get_target_node_var_total_size(target_node_id)
[random_robot_move-1]   File "/usr/local/lib/python3.10/dist-packages/thymiodirect/connection.py", line 536, in get_target_node_var_total_size
[random_robot_move-1]     return self.remote_nodes[target_node_id].var_total_size
[random_robot_move-1] KeyError: 1
[random_robot_move-1]     msg = self.read_message()
[random_robot_move-1]   File "/usr/local/lib/python3.10/dist-packages/thymiodirect/connection.py", line 62, in read_message
[random_robot_move-1]     raise error
[random_robot_move-1]   File "/usr/local/lib/python3.10/dist-packages/thymiodirect/connection.py", line 54, in read_message
[random_robot_move-1]     payload_len = self.read_uint16()
[random_robot_move-1]   File "/usr/local/lib/python3.10/dist-packages/thymiodirect/connection.py", line 39, in read_uint16
[random_robot_move-1]     b = self.io.read(2)
[random_robot_move-1]   File "/usr/lib/python3/dist-packages/serial/serialposix.py", line 595, in read
[random_robot_move-1]     raise SerialException(
[random_robot_move-1] serial.serialutil.SerialException: device reports readiness to read but returned no data (device disconnected or multiple access on port?)
[random_robot_move-1] Traceback (most recent call last):
[random_robot_move-1]   File "/usr/local/lib/python3.10/dist-packages/thymiodirect/thymio.py", line 194, in __setitem__
[random_robot_move-1]     self.thymio_proxy.connection.set_var(self_node.node_id, name, val)
[random_robot_move-1]   File "/usr/local/lib/python3.10/dist-packages/thymiodirect/connection.py", line 626, in set_var
[random_robot_move-1]     node = self.remote_nodes[target_node_id]
[random_robot_move-1] KeyError: 1
[random_robot_move-1] 
[random_robot_move-1] During handling of the above exception, another exception occurred:
[random_robot_move-1] 
[random_robot_move-1] Traceback (most recent call last):
[random_robot_move-1]   File "/home/thymio/ros2_ws/install/wind_direction_detector/lib/python3.10/site-packages/wind_direction_detector/random_move.py", line 210, in main
[random_robot_move-1]     rclpy.spin(random_robot_move)
[random_robot_move-1]   File "/opt/ros/humble/local/lib/python3.10/dist-packages/rclpy/__init__.py", line 226, in spin
[random_robot_move-1]     executor.spin_once()
[random_robot_move-1]   File "/opt/ros/humble/local/lib/python3.10/dist-packages/rclpy/executors.py", line 739, in spin_once
[random_robot_move-1]     self._spin_once_impl(timeout_sec)
[random_robot_move-1]   File "/opt/ros/humble/local/lib/python3.10/dist-packages/rclpy/executors.py", line 736, in _spin_once_impl
[random_robot_move-1]     raise handler.exception()
[random_robot_move-1]   File "/opt/ros/humble/local/lib/python3.10/dist-packages/rclpy/task.py", line 239, in __call__
[random_robot_move-1]     self._handler.send(None)
[random_robot_move-1]   File "/opt/ros/humble/local/lib/python3.10/dist-packages/rclpy/executors.py", line 437, in handler
[random_robot_move-1]     await call_coroutine(entity, arg)
[random_robot_move-1]   File "/opt/ros/humble/local/lib/python3.10/dist-packages/rclpy/executors.py", line 351, in _execute_timer
[random_robot_move-1]     await await_or_execute(tmr.callback)
[random_robot_move-1]   File "/opt/ros/humble/local/lib/python3.10/dist-packages/rclpy/executors.py", line 107, in await_or_execute
[random_robot_move-1]     return callback(*args)
[random_robot_move-1]   File "/home/thymio/ros2_ws/install/wind_direction_detector/lib/python3.10/site-packages/wind_direction_detector/random_move.py", line 35, in random_move
[random_robot_move-1]     self.move_forward()
[random_robot_move-1]   File "/home/thymio/ros2_ws/install/wind_direction_detector/lib/python3.10/site-packages/wind_direction_detector/random_move.py", line 68, in move_forward
[random_robot_move-1]     self.collision_avoidance()
[random_robot_move-1]   File "/home/thymio/ros2_ws/install/wind_direction_detector/lib/python3.10/site-packages/wind_direction_detector/random_move.py", line 182, in collision_avoidance
[random_robot_move-1]     self.robot['motor.right.target'] = 350
[random_robot_move-1]   File "/usr/local/lib/python3.10/dist-packages/thymiodirect/thymio.py", line 196, in __setitem__
[random_robot_move-1]     raise KeyError(name)
[random_robot_move-1] KeyError: 'motor.right.target'
[random_robot_move-1] 
[random_robot_move-1] During handling of the above exception, another exception occurred:
[random_robot_move-1] 
[random_robot_move-1] Traceback (most recent call last):
[random_robot_move-1]   File "/usr/local/lib/python3.10/dist-packages/thymiodirect/thymio.py", line 194, in __setitem__
[random_robot_move-1]     self.thymio_proxy.connection.set_var(self_node.node_id, name, val)
[random_robot_move-1]   File "/usr/local/lib/python3.10/dist-packages/thymiodirect/connection.py", line 626, in set_var
[random_robot_move-1]     node = self.remote_nodes[target_node_id]
[random_robot_move-1] KeyError: 1
[random_robot_move-1] 
[random_robot_move-1] During handling of the above exception, another exception occurred:
[random_robot_move-1] 
[random_robot_move-1] Traceback (most recent call last):
[random_robot_move-1]   File "/home/thymio/ros2_ws/install/wind_direction_detector/lib/python3.10/site-packages/wind_direction_detector/random_move.py", line 216, in main
[random_robot_move-1]     random_robot_move.stop()
[random_robot_move-1]   File "/home/thymio/ros2_ws/install/wind_direction_detector/lib/python3.10/site-packages/wind_direction_detector/random_move.py", line 162, in stop
[random_robot_move-1]     self.robot['motor.left.target'] = 0
[random_robot_move-1]   File "/usr/local/lib/python3.10/dist-packages/thymiodirect/thymio.py", line 196, in __setitem__
[random_robot_move-1]     raise KeyError(name)
[random_robot_move-1] KeyError: 'motor.left.target'
[random_robot_move-1] 
[random_robot_move-1] During handling of the above exception, another exception occurred:
[random_robot_move-1] 
[random_robot_move-1] Traceback (most recent call last):
[random_robot_move-1]   File "/usr/local/lib/python3.10/dist-packages/thymiodirect/thymio.py", line 194, in __setitem__
[random_robot_move-1]     self.thymio_proxy.connection.set_var(self_node.node_id, name, val)
[random_robot_move-1]   File "/usr/local/lib/python3.10/dist-packages/thymiodirect/connection.py", line 626, in set_var
[random_robot_move-1]     node = self.remote_nodes[target_node_id]
[random_robot_move-1] KeyError: 1
[random_robot_move-1] 
[random_robot_move-1] During handling of the above exception, another exception occurred:
[random_robot_move-1] 
[random_robot_move-1] Traceback (most recent call last):
[random_robot_move-1]   File "/home/thymio/ros2_ws/install/wind_direction_detector/lib/wind_direction_detector/random_robot_move", line 33, in <module>
[random_robot_move-1]     sys.exit(load_entry_point('wind-direction-detector==0.0.0', 'console_scripts', 'random_robot_move')())
[random_robot_move-1]   File "/home/thymio/ros2_ws/install/wind_direction_detector/lib/python3.10/site-packages/wind_direction_detector/random_move.py", line 218, in main
[random_robot_move-1]     random_robot_move.stop()
[random_robot_move-1]   File "/home/thymio/ros2_ws/install/wind_direction_detector/lib/python3.10/site-packages/wind_direction_detector/random_move.py", line 162, in stop
[random_robot_move-1]     self.robot['motor.left.target'] = 0
[random_robot_move-1]   File "/usr/local/lib/python3.10/dist-packages/thymiodirect/thymio.py", line 196, in __setitem__
[random_robot_move-1]     raise KeyError(name)
[random_robot_move-1] KeyError: 'motor.left.target'
[random_robot_move-1] Task exception was never retrieved
[random_robot_move-1] future: <Task finished name='Task-1' coro=<Connection.__init__.<locals>.discover() done, defined at /usr/local/lib/python3.10/dist-packages/thymiodirect/connection.py:236> exception=SerialException('write failed: [Errno 5] Input/output error')>
[random_robot_move-1] Traceback (most recent call last):
[random_robot_move-1]   File "/usr/lib/python3/dist-packages/serial/serialposix.py", line 621, in write
[random_robot_move-1]     n = os.write(self.fd, d)
[random_robot_move-1] OSError: [Errno 5] Input/output error
[random_robot_move-1] 
[random_robot_move-1] During handling of the above exception, another exception occurred:
[random_robot_move-1] 
[random_robot_move-1] Traceback (most recent call last):
[random_robot_move-1]   File "/usr/local/lib/python3.10/dist-packages/thymiodirect/connection.py", line 238, in discover
[random_robot_move-1]     self.handshake()
[random_robot_move-1]   File "/usr/local/lib/python3.10/dist-packages/thymiodirect/connection.py", line 363, in handshake
[random_robot_move-1]     self.list_nodes()
[random_robot_move-1]   File "/usr/local/lib/python3.10/dist-packages/thymiodirect/connection.py", line 543, in list_nodes
[random_robot_move-1]     self.send(msg)
[random_robot_move-1]   File "/usr/local/lib/python3.10/dist-packages/thymiodirect/connection.py", line 530, in send
[random_robot_move-1]     raise error
[random_robot_move-1]   File "/usr/local/lib/python3.10/dist-packages/thymiodirect/connection.py", line 525, in send
[random_robot_move-1]     self.io.write(msg.serialize())
[random_robot_move-1]   File "/usr/lib/python3/dist-packages/serial/serialposix.py", line 655, in write
[random_robot_move-1]     raise SerialException('write failed: {}'.format(e))
[random_robot_move-1] serial.serialutil.SerialException: write failed: [Errno 5] Input/output error
